      2      2      2      5
  0.12409E+01    0.10794E+01    0.89013E+00    0.22987E+00
  0.14896E+01    0.14636E+01    0.10846E+01    0.26828E+00
  0.10740E+01    0.16785E+01    0.12712E+01    0.23550E+00
  0.13598E+01    0.13105E+01    0.16019E+01    0.27562E+00
  0.10078E+01    0.16442E+01    0.17255E+01    0.22488E+00
      3      2      2      4
  0.22637E+01    0.15454E+01    0.10541E+01    0.34904E+00
  0.18344E+01    0.15014E+01    0.14725E+01    0.25207E+00
  0.24709E+01    0.15583E+01    0.17224E+01    0.35080E+00
  0.24579E+01    0.95082E+00    0.17447E+01    0.25722E+00
      4      2      2      3
  0.31192E+01    0.11335E+01    0.10498E+01    0.26478E+00
  0.30604E+01    0.15947E+01    0.14046E+01    0.31998E+00
  0.30194E+01    0.10613E+01    0.17472E+01    0.31516E+00
      5      2      2      5
  0.37714E+01    0.15455E+01    0.11548E+01    0.28675E+00
  0.40896E+01    0.11253E+01    0.11558E+01    0.24036E+00
  0.35835E+01    0.10785E+01    0.11648E+01    0.21679E+00
  0.41175E+01    0.14259E+01    0.14868E+01    0.20762E+00
  0.37097E+01    0.12324E+01    0.15919E+01    0.25449E+00
      2      3      2      8
  0.13774E+01    0.18700E+01    0.89725E+00    0.19327E+00
  0.15836E+01    0.23030E+01    0.96927E+00    0.16636E+00
  0.16511E+01    0.19765E+01    0.12829E+01    0.29139E+00
  0.12491E+01    0.24433E+01    0.10763E+01    0.21179E+00
  0.13057E+01    0.22775E+01    0.14417E+01    0.19351E+00
  0.16931E+01    0.24135E+01    0.15049E+01    0.20059E+00
  0.13657E+01    0.25692E+01    0.17625E+01    0.24418E+00
  0.16707E+01    0.21004E+01    0.17658E+01    0.20762E+00
      3      3      2      4
  0.21267E+01    0.21351E+01    0.10672E+01    0.25452E+00
  0.20426E+01    0.25388E+01    0.13047E+01    0.22132E+00
  0.20736E+01    0.21519E+01    0.15644E+01    0.24583E+00
  0.25396E+01    0.23425E+01    0.17125E+01    0.27892E+00
      4      3      2      7
  0.27526E+01    0.19463E+01    0.10221E+01    0.28399E+00
  0.29117E+01    0.23828E+01    0.89699E+00    0.19717E+00
  0.33294E+01    0.18038E+01    0.91004E+00    0.28066E+00
  0.34834E+01    0.23121E+01    0.10293E+01    0.26362E+00
  0.30329E+01    0.23245E+01    0.13879E+01    0.31195E+00
  0.26673E+01    0.26452E+01    0.12392E+01    0.19664E+00
  0.28846E+01    0.19682E+01    0.17736E+01    0.23379E+00
      5      3      2      3
  0.43363E+01    0.20576E+01    0.11348E+01    0.26482E+00
  0.35483E+01    0.19499E+01    0.13146E+01    0.20198E+00
  0.39541E+01    0.24221E+01    0.12905E+01    0.28585E+00
      2      4      2      4
  0.16305E+01    0.26624E+01    0.11533E+01    0.23476E+00
  0.10453E+01    0.27475E+01    0.13960E+01    0.27431E+00
  0.16513E+01    0.34445E+01    0.13847E+01    0.33130E+00
  0.13426E+01    0.30606E+01    0.16972E+01    0.25214E+00
      3      4      2      7
  0.21842E+01    0.35053E+01    0.10679E+01    0.28977E+00
  0.21302E+01    0.29447E+01    0.10337E+01    0.27452E+00
  0.24508E+01    0.31699E+01    0.12793E+01    0.18803E+00
  0.26221E+01    0.29113E+01    0.16546E+01    0.29881E+00
  0.21542E+01    0.32893E+01    0.15199E+01    0.21208E+00
  0.21711E+01    0.28781E+01    0.14855E+01    0.18403E+00
  0.19128E+01    0.26912E+01    0.17486E+01    0.22933E+00
      4      4      2      6
  0.33302E+01    0.32753E+01    0.10197E+01    0.23371E+00
  0.30554E+01    0.28430E+01    0.10476E+01    0.27930E+00
  0.29586E+01    0.34541E+01    0.10860E+01    0.18403E+00
  0.30808E+01    0.32152E+01    0.14675E+01    0.28240E+00
  0.33897E+01    0.27438E+01    0.17566E+01    0.35080E+00
  0.35342E+01    0.33223E+01    0.17184E+01    0.24678E+00
      5      4      2      9
  0.35816E+01    0.28860E+01    0.89253E+00    0.24679E+00
  0.41417E+01    0.35013E+01    0.10013E+01    0.20952E+00
  0.37283E+01    0.35229E+01    0.12681E+01    0.28305E+00
  0.40668E+01    0.32008E+01    0.12812E+01    0.18445E+00
  0.40594E+01    0.33961E+01    0.16862E+01    0.26522E+00
  0.36987E+01    0.30126E+01    0.13403E+01    0.23318E+00
  0.43814E+01    0.27418E+01    0.12195E+01    0.25253E+00
  0.43933E+01    0.30730E+01    0.16548E+01    0.20059E+00
  0.40539E+01    0.28376E+01    0.15651E+01    0.22213E+00
      2      5      2      4
  0.13257E+01    0.41015E+01    0.99842E+00    0.28943E+00
  0.17685E+01    0.43078E+01    0.12954E+01    0.28230E+00
  0.10500E+01    0.37741E+01    0.14903E+01    0.36252E+00
  0.16134E+01    0.39348E+01    0.17441E+01    0.27593E+00
      3      5      2      4
  0.22741E+01    0.42112E+01    0.11374E+01    0.25617E+00
  0.20456E+01    0.38731E+01    0.14436E+01    0.25406E+00
  0.19864E+01    0.42299E+01    0.17190E+01    0.20045E+00
  0.25410E+01    0.40200E+01    0.15540E+01    0.27431E+00
      4      5      2      6
  0.35176E+01    0.40584E+01    0.11897E+01    0.29773E+00
  0.28332E+01    0.38833E+01    0.11024E+01    0.26334E+00
  0.31208E+01    0.38184E+01    0.16343E+01    0.34477E+00
  0.28513E+01    0.43264E+01    0.14063E+01    0.18623E+00
  0.31198E+01    0.44007E+01    0.17375E+01    0.24657E+00
  0.35423E+01    0.44042E+01    0.14841E+01    0.15717E+00
      5      5      2      4
  0.43372E+01    0.39001E+01    0.13911E+01    0.38154E+00
  0.40225E+01    0.41612E+01    0.91805E+00    0.20400E+00
  0.37723E+01    0.38921E+01    0.16174E+01    0.22713E+00
  0.39469E+01    0.43484E+01    0.16376E+01    0.26196E+00
      2      2      3      5
  0.16197E+01    0.16617E+01    0.19028E+01    0.25484E+00
  0.11879E+01    0.16594E+01    0.21651E+01    0.25052E+00
  0.14745E+01    0.13445E+01    0.22517E+01    0.18403E+00
  0.10278E+01    0.16844E+01    0.26253E+01    0.23744E+00
  0.12502E+01    0.12872E+01    0.25824E+01    0.21986E+00
      3      2      3      4
  0.26402E+01    0.11721E+01    0.22559E+01    0.32899E+00
  0.18184E+01    0.11120E+01    0.19462E+01    0.33130E+00
  0.21481E+01    0.14952E+01    0.22524E+01    0.25968E+00
  0.18883E+01    0.11897E+01    0.24573E+01    0.19042E+00
      4      2      3      5
  0.35461E+01    0.17511E+01    0.18093E+01    0.33130E+00
  0.28108E+01    0.17298E+01    0.21964E+01    0.25722E+00
  0.32493E+01    0.13760E+01    0.22325E+01    0.30735E+00
  0.35412E+01    0.17596E+01    0.24728E+01    0.23132E+00
  0.29006E+01    0.15131E+01    0.26508E+01    0.25416E+00
      5      2      3      7
  0.39881E+01    0.14591E+01    0.18745E+01    0.20248E+00
  0.37604E+01    0.14681E+01    0.22207E+01    0.21208E+00
  0.36561E+01    0.10617E+01    0.21602E+01    0.21192E+00
  0.36326E+01    0.12323E+01    0.25385E+01    0.20376E+00
  0.41898E+01    0.11158E+01    0.21282E+01    0.26897E+00
  0.41745E+01    0.93695E+00    0.26174E+01    0.25214E+00
  0.42608E+01    0.15348E+01    0.24645E+01    0.27301E+00
      2      3      3      4
  0.91728E+00    0.24771E+01    0.19140E+01    0.23807E+00
  0.17089E+01    0.24222E+01    0.21234E+01    0.27508E+00
  0.17104E+01    0.19435E+01    0.22884E+01    0.23132E+00
  0.13592E+01    0.22421E+01    0.25239E+01    0.28638E+00
      3      3      3      3
  0.22062E+01    0.20392E+01    0.20926E+01    0.31031E+00
  0.20575E+01    0.18501E+01    0.25739E+01    0.22774E+00
  0.20593E+01    0.23813E+01    0.24271E+01    0.19042E+00
      4      3      3      5
  0.29798E+01    0.23824E+01    0.19922E+01    0.24426E+00
  0.34477E+01    0.22206E+01    0.22222E+01    0.30164E+00
  0.31519E+01    0.18928E+01    0.24223E+01    0.18317E+00
  0.26879E+01    0.22368E+01    0.24635E+01    0.32892E+00
  0.31933E+01    0.24583E+01    0.26581E+01    0.25625E+00
      5      3      3      5
  0.37834E+01    0.22859E+01    0.17843E+01    0.25406E+00
  0.41931E+01    0.22605E+01    0.20477E+01    0.23371E+00
  0.39459E+01    0.18924E+01    0.22451E+01    0.25171E+00
  0.43851E+01    0.20565E+01    0.24582E+01    0.26334E+00
  0.40013E+01    0.24289E+01    0.24303E+01    0.22620E+00
      2      4      3      6
  0.99685E+00    0.29256E+01    0.19968E+01    0.22488E+00
  0.13842E+01    0.34882E+01    0.18441E+01    0.20198E+00
  0.17726E+01    0.31040E+01    0.19779E+01    0.26326E+00
  0.13472E+01    0.31013E+01    0.22297E+01    0.23112E+00
  0.95718E+00    0.34086E+01    0.22888E+01    0.26903E+00
  0.14730E+01    0.27252E+01    0.24294E+01    0.21594E+00
      3      4      3      7
  0.21846E+01    0.30321E+01    0.18195E+01    0.18403E+00
  0.24834E+01    0.33022E+01    0.20634E+01    0.28358E+00
  0.20571E+01    0.32998E+01    0.22747E+01    0.19215E+00
  0.23426E+01    0.35361E+01    0.25330E+01    0.25968E+00
  0.22891E+01    0.26684E+01    0.21116E+01    0.29398E+00
  0.22590E+01    0.29991E+01    0.25880E+01    0.28675E+00
  0.19091E+01    0.33855E+01    0.26405E+01    0.21179E+00
      4      4      3      4
  0.29964E+01    0.31421E+01    0.19963E+01    0.25810E+00
  0.32944E+01    0.35082E+01    0.20733E+01    0.22015E+00
  0.31107E+01    0.27492E+01    0.22713E+01    0.23476E+00
  0.28677E+01    0.32147E+01    0.25954E+01    0.35907E+00
      5      4      3      5
  0.37977E+01    0.34136E+01    0.21300E+01    0.25039E+00
  0.39502E+01    0.28720E+01    0.20896E+01    0.31369E+00
  0.41394E+01    0.32538E+01    0.24055E+01    0.21675E+00
  0.36050E+01    0.26741E+01    0.24779E+01    0.24229E+00
  0.40382E+01    0.28661E+01    0.26481E+01    0.25177E+00
      2      5      3      6
  0.11765E+01    0.39772E+01    0.20891E+01    0.28240E+00
  0.14528E+01    0.41815E+01    0.25113E+01    0.26196E+00
  0.15985E+01    0.35562E+01    0.22833E+01    0.29137E+00
  0.97457E+00    0.43827E+01    0.22959E+01    0.21556E+00
  0.96706E+00    0.40206E+01    0.25533E+01    0.22878E+00
  0.17392E+01    0.38566E+01    0.26269E+01    0.18623E+00
      3      5      3      4
  0.20211E+01    0.35834E+01    0.18952E+01    0.28305E+00
  0.19100E+01    0.40503E+01    0.22194E+01    0.29622E+00
  0.21621E+01    0.43875E+01    0.25328E+01    0.22713E+00
  0.25595E+01    0.42640E+01    0.25676E+01    0.19040E+00
      4      5      3      4
  0.26676E+01    0.39094E+01    0.21635E+01    0.35795E+00
  0.35449E+01    0.41859E+01    0.19626E+01    0.28000E+00
  0.34583E+01    0.36007E+01    0.24991E+01    0.24546E+00
  0.32149E+01    0.41037E+01    0.23881E+01    0.26478E+00
      5      5      3      4
  0.40967E+01    0.38389E+01    0.20082E+01    0.28358E+00
  0.36784E+01    0.38200E+01    0.22079E+01    0.18034E+00
  0.39749E+01    0.37050E+01    0.25456E+01    0.28358E+00
  0.41457E+01    0.41887E+01    0.26197E+01    0.23476E+00
      2      2      4      4
  0.16951E+01    0.15055E+01    0.28267E+01    0.33262E+00
  0.92363E+00    0.10775E+01    0.30052E+01    0.35406E+00
  0.11907E+01    0.15876E+01    0.30451E+01    0.22312E+00
  0.14377E+01    0.12587E+01    0.33819E+01    0.30851E+00
      3      2      4      3
  0.18633E+01    0.89139E+00    0.30526E+01    0.34303E+00
  0.23611E+01    0.12515E+01    0.31695E+01    0.28240E+00
  0.19808E+01    0.15581E+01    0.35420E+01    0.33205E+00
      4      2      4      9
  0.26692E+01    0.11536E+01    0.27681E+01    0.18446E+00
  0.27130E+01    0.90465E+00    0.30830E+01    0.21935E+00
  0.32916E+01    0.12570E+01    0.28335E+01    0.24780E+00
  0.28995E+01    0.12873E+01    0.30415E+01    0.19717E+00
  0.34098E+01    0.17249E+01    0.29495E+01    0.24844E+00
  0.33971E+01    0.10945E+01    0.32595E+01    0.22015E+00
  0.30018E+01    0.16977E+01    0.33732E+01    0.34033E+00
  0.27984E+01    0.11284E+01    0.35228E+01    0.28146E+00
  0.35322E+01    0.14729E+01    0.35044E+01    0.25052E+00
      5      2      4      4
  0.37397E+01    0.95886E+00    0.29223E+01    0.27939E+00
  0.42310E+01    0.13385E+01    0.30302E+01    0.32654E+00
  0.36949E+01    0.14868E+01    0.27865E+01    0.15717E+00
  0.39585E+01    0.99737E+00    0.33921E+01    0.24036E+00
      2      3      4      5
  0.13026E+01    0.26296E+01    0.27680E+01    0.17509E+00
  0.98872E+00    0.22371E+01    0.28755E+01    0.22439E+00
  0.13689E+01    0.23953E+01    0.31879E+01    0.29295E+00
  0.95342E+00    0.19567E+01    0.32961E+01    0.28239E+00
  0.15230E+01    0.18644E+01    0.32745E+01    0.26652E+00
      3      3      4      7
  0.24855E+01    0.18198E+01    0.29465E+01    0.34059E+00
  0.22411E+01    0.22319E+01    0.27234E+01    0.18802E+00
  0.21568E+01    0.26141E+01    0.30366E+01    0.31320E+00
  0.17972E+01    0.21658E+01    0.28793E+01    0.28275E+00
  0.21107E+01    0.21116E+01    0.33349E+01    0.27302E+00
  0.25375E+01    0.20723E+01    0.33722E+01    0.15717E+00
  0.24518E+01    0.24773E+01    0.35013E+01    0.25406E+00
      4      3      4      5
  0.30195E+01    0.19518E+01    0.28046E+01    0.22575E+00
  0.28387E+01    0.23229E+01    0.31332E+01    0.30190E+00
  0.35146E+01    0.22964E+01    0.30994E+01    0.31320E+00
  0.31874E+01    0.23141E+01    0.34961E+01    0.20148E+00
  0.34785E+01    0.26483E+01    0.34816E+01    0.20762E+00
      5      3      4      4
  0.39509E+01    0.19017E+01    0.28332E+01    0.33262E+00
  0.43646E+01    0.24172E+01    0.29366E+01    0.33619E+00
  0.36789E+01    0.18460E+01    0.32916E+01    0.20336E+00
  0.39900E+01    0.22169E+01    0.32508E+01    0.19215E+00
      2      4      4      8
  0.17298E+01    0.29505E+01    0.27927E+01    0.28275E+00
  0.11627E+01    0.31261E+01    0.26761E+01    0.25253E+00
  0.13071E+01    0.28944E+01    0.30670E+01    0.22437E+00
  0.17042E+01    0.27457E+01    0.32216E+01    0.19327E+00
  0.15206E+01    0.33112E+01    0.31190E+01    0.24679E+00
  0.94169E+00    0.33960E+01    0.29413E+01    0.18569E+00
  0.13950E+01    0.28127E+01    0.35109E+01    0.23550E+00
  0.10414E+01    0.32349E+01    0.34078E+01    0.31784E+00
      3      4      4      4
  0.25402E+01    0.35036E+01    0.29525E+01    0.20514E+00
  0.26409E+01    0.29584E+01    0.31486E+01    0.29137E+00
  0.21041E+01    0.32132E+01    0.30406E+01    0.23744E+00
  0.18874E+01    0.32950E+01    0.35326E+01    0.30630E+00
      4      4      4      4
  0.27921E+01    0.26746E+01    0.27623E+01    0.21131E+00
  0.32653E+01    0.28862E+01    0.30507E+01    0.32892E+00
  0.29598E+01    0.27091E+01    0.35154E+01    0.25484E+00
  0.30698E+01    0.32083E+01    0.34990E+01    0.25682E+00
      5      4      4      5
  0.43082E+01    0.33234E+01    0.27616E+01    0.18343E+00
  0.37218E+01    0.32735E+01    0.28507E+01    0.30240E+00
  0.43762E+01    0.32278E+01    0.31708E+01    0.24229E+00
  0.40495E+01    0.29921E+01    0.30569E+01    0.17628E+00
  0.37437E+01    0.30576E+01    0.33987E+01    0.28708E+00
      2      5      4      5
  0.15080E+01    0.43596E+01    0.29278E+01    0.19380E+00
  0.95034E+00    0.36346E+01    0.26711E+01    0.17516E+00
  0.13399E+01    0.37902E+01    0.29085E+01    0.30684E+00
  0.16367E+01    0.37061E+01    0.33304E+01    0.21594E+00
  0.14027E+01    0.41626E+01    0.32773E+01    0.22109E+00
      3      5      4      6
  0.18443E+01    0.42084E+01    0.27690E+01    0.20751E+00
  0.26118E+01    0.38861E+01    0.27513E+01    0.23296E+00
  0.25319E+01    0.42379E+01    0.30676E+01    0.24679E+00
  0.20825E+01    0.37859E+01    0.30146E+01    0.33619E+00
  0.21783E+01    0.42033E+01    0.34116E+01    0.24780E+00
  0.19801E+01    0.38193E+01    0.35432E+01    0.20367E+00
      4      5      4      6
  0.30885E+01    0.37868E+01    0.27801E+01    0.25488E+00
  0.29374E+01    0.42955E+01    0.27514E+01    0.23107E+00
  0.34752E+01    0.43170E+01    0.27155E+01    0.20476E+00
  0.28447E+01    0.37880E+01    0.33653E+01    0.37922E+00
  0.32588E+01    0.41921E+01    0.31027E+01    0.25617E+00
  0.34728E+01    0.35852E+01    0.35023E+01    0.29501E+00
      5      5      4      6
  0.44060E+01    0.36641E+01    0.27003E+01    0.17628E+00
  0.42068E+01    0.38883E+01    0.29315E+01    0.20248E+00
  0.40018E+01    0.35904E+01    0.32607E+01    0.28658E+00
  0.43362E+01    0.43286E+01    0.30577E+01    0.26299E+00
  0.37951E+01    0.42950E+01    0.32331E+01    0.30538E+00
  0.43242E+01    0.39652E+01    0.33771E+01    0.22109E+00
      2      2      5      4
  0.11418E+01    0.15694E+01    0.37402E+01    0.25053E+00
  0.12796E+01    0.16910E+01    0.43048E+01    0.34333E+00
  0.13764E+01    0.10565E+01    0.38719E+01    0.22521E+00
  0.12734E+01    0.11559E+01    0.42651E+01    0.19327E+00
      3      2      5      5
  0.22826E+01    0.10515E+01    0.38363E+01    0.32702E+00
  0.25436E+01    0.15955E+01    0.37777E+01    0.27930E+00
  0.21440E+01    0.15265E+01    0.40678E+01    0.21935E+00
  0.20314E+01    0.11785E+01    0.42951E+01    0.21131E+00
  0.24979E+01    0.13157E+01    0.43165E+01    0.26187E+00
      4      2      5      5
  0.33530E+01    0.96546E+00    0.38131E+01    0.35005E+00
  0.30308E+01    0.14155E+01    0.38377E+01    0.20400E+00
  0.34177E+01    0.15761E+01    0.39628E+01    0.23318E+00
  0.31330E+01    0.13058E+01    0.43076E+01    0.28932E+00
  0.27412E+01    0.12085E+01    0.39691E+01    0.17556E+00
      5      2      5      4
  0.39378E+01    0.96700E+00    0.38684E+01    0.23741E+00
  0.42317E+01    0.11795E+01    0.36393E+01    0.17007E+00
  0.42716E+01    0.12912E+01    0.40580E+01    0.26517E+00
  0.37759E+01    0.13243E+01    0.41368E+01    0.23794E+00
      2      3      5      2
  0.13118E+01    0.21428E+01    0.37813E+01    0.34897E+00
  0.12408E+01    0.23964E+01    0.43719E+01    0.29773E+00
      3      3      5      7
  0.22765E+01    0.21107E+01    0.38972E+01    0.31320E+00
  0.17851E+01    0.18460E+01    0.40184E+01    0.25800E+00
  0.18099E+01    0.24900E+01    0.36085E+01    0.28239E+00
  0.18201E+01    0.23222E+01    0.40865E+01    0.22437E+00
  0.20437E+01    0.20500E+01    0.44122E+01    0.25538E+00
  0.22363E+01    0.26390E+01    0.42511E+01    0.32407E+00
  0.26482E+01    0.21004E+01    0.43707E+01    0.28890E+00
      4      3      5      6
  0.32757E+01    0.25404E+01    0.39071E+01    0.27593E+00
  0.34448E+01    0.19730E+01    0.36710E+01    0.26026E+00
  0.27431E+01    0.24503E+01    0.39299E+01    0.26482E+00
  0.29750E+01    0.19610E+01    0.39306E+01    0.27673E+00
  0.30059E+01    0.25724E+01    0.44209E+01    0.30538E+00
  0.33927E+01    0.19633E+01    0.43129E+01    0.28954E+00
      5      3      5      6
  0.37624E+01    0.23451E+01    0.35644E+01    0.21593E+00
  0.39500E+01    0.19529E+01    0.37282E+01    0.24865E+00
  0.37254E+01    0.22872E+01    0.40297E+01    0.25449E+00
  0.40830E+01    0.20209E+01    0.41628E+01    0.21094E+00
  0.38144E+01    0.21278E+01    0.44185E+01    0.17506E+00
  0.43168E+01    0.23707E+01    0.43476E+01    0.24856E+00
      2      4      5      6
  0.91283E+00    0.27449E+01    0.38900E+01    0.38154E+00
  0.14174E+01    0.31869E+01    0.38822E+01    0.28938E+00
  0.14958E+01    0.26911E+01    0.39218E+01    0.20476E+00
  0.13507E+01    0.28734E+01    0.42586E+01    0.20479E+00
  0.91534E+00    0.33823E+01    0.40509E+01    0.27382E+00
  0.97889E+00    0.30432E+01    0.44288E+01    0.23794E+00
      3      4      5      3
  0.19201E+01    0.33182E+01    0.41191E+01    0.28160E+00
  0.26007E+01    0.30829E+01    0.36891E+01    0.26478E+00
  0.24035E+01    0.31539E+01    0.41365E+01    0.22933E+00
      4      4      5      7
  0.30887E+01    0.35346E+01    0.38952E+01    0.25682E+00
  0.30124E+01    0.29701E+01    0.38961E+01    0.20979E+00
  0.27201E+01    0.34441E+01    0.41502E+01    0.20042E+00
  0.28237E+01    0.30516E+01    0.42806E+01    0.22620E+00
  0.34347E+01    0.31708E+01    0.37116E+01    0.16711E+00
  0.34177E+01    0.29869E+01    0.40425E+01    0.21192E+00
  0.32121E+01    0.32849E+01    0.42909E+01    0.22711E+00
      5      4      5      9
  0.42540E+01    0.30432E+01    0.37003E+01    0.30583E+00
  0.40895E+01    0.35227E+01    0.37370E+01    0.20248E+00
  0.43657E+01    0.34207E+01    0.39351E+01    0.15249E+00
  0.38694E+01    0.27151E+01    0.37217E+01    0.20019E+00
  0.37534E+01    0.33188E+01    0.38056E+01    0.19664E+00
  0.38557E+01    0.29883E+01    0.40487E+01    0.22620E+00
  0.40456E+01    0.33971E+01    0.41558E+01    0.23706E+00
  0.36163E+01    0.26809E+01    0.43598E+01    0.27158E+00
  0.42444E+01    0.27999E+01    0.41687E+01    0.22213E+00
      2      5      5      6
  0.13603E+01    0.44149E+01    0.37160E+01    0.28673E+00
  0.92318E+00    0.41686E+01    0.36859E+01    0.21594E+00
  0.12657E+01    0.37298E+01    0.36611E+01    0.28160E+00
  0.98530E+00    0.43598E+01    0.41480E+01    0.28806E+00
  0.12094E+01    0.38319E+01    0.42203E+01    0.28977E+00
  0.16362E+01    0.42108E+01    0.41708E+01    0.28305E+00
      3      5      5      7
  0.25886E+01    0.42604E+01    0.35543E+01    0.19040E+00
  0.18514E+01    0.42970E+01    0.37280E+01    0.21679E+00
  0.23557E+01    0.35923E+01    0.38175E+01    0.31498E+00
  0.19800E+01    0.38283E+01    0.41380E+01    0.23236E+00
  0.25916E+01    0.44136E+01    0.39719E+01    0.25449E+00
  0.22054E+01    0.42785E+01    0.43908E+01    0.33103E+00
  0.23315E+01    0.35759E+01    0.44111E+01    0.27939E+00
      4      5      5      5
  0.33791E+01    0.41485E+01    0.36350E+01    0.29137E+00
  0.27204E+01    0.39642E+01    0.39201E+01    0.21594E+00
  0.30203E+01    0.42281E+01    0.41526E+01    0.24632E+00
  0.26910E+01    0.39625E+01    0.44094E+01    0.24856E+00
  0.27185E+01    0.44291E+01    0.44010E+01    0.19327E+00
      5      5      5      6
  0.41009E+01    0.42190E+01    0.36288E+01    0.20042E+00
  0.37981E+01    0.42633E+01    0.39649E+01    0.25416E+00
  0.44242E+01    0.42578E+01    0.38783E+01    0.20979E+00
  0.41500E+01    0.39017E+01    0.39776E+01    0.25052E+00
  0.41067E+01    0.42200E+01    0.43449E+01    0.23741E+00
  0.36588E+01    0.37712E+01    0.39886E+01    0.25787E+00
      2      2      6      8
  0.95264E+00    0.12715E+01    0.45220E+01    0.23293E+00
  0.16321E+01    0.12644E+01    0.44376E+01    0.22132E+00
  0.12751E+01    0.89510E+00    0.46628E+01    0.28229E+00
  0.13571E+01    0.13738E+01    0.47539E+01    0.21192E+00
  0.10532E+01    0.12033E+01    0.49030E+01    0.16711E+00
  0.10246E+01    0.15925E+01    0.48688E+01    0.20248E+00
  0.90414E+00    0.11702E+01    0.52391E+01    0.20198E+00
  0.12903E+01    0.15042E+01    0.52960E+01    0.30834E+00
      3      2      6      3
  0.17817E+01    0.16718E+01    0.46177E+01    0.24856E+00
  0.24172E+01    0.99757E+00    0.47526E+01    0.28399E+00
  0.18871E+01    0.12155E+01    0.49363E+01    0.31784E+00
      4      2      6      6
  0.31601E+01    0.15979E+01    0.47315E+01    0.22620E+00
  0.27992E+01    0.12666E+01    0.46543E+01    0.19351E+00
  0.33975E+01    0.15286E+01    0.50879E+01    0.20762E+00
  0.34775E+01    0.90034E+00    0.49010E+01    0.17977E+00
  0.26732E+01    0.16756E+01    0.48714E+01    0.28638E+00
  0.29857E+01    0.98385E+00    0.50794E+01    0.35005E+00
      5      2      6      6
  0.36189E+01    0.13126E+01    0.46668E+01    0.31498E+00
  0.41116E+01    0.16256E+01    0.44813E+01    0.29752E+00
  0.43567E+01    0.11459E+01    0.46015E+01    0.25449E+00
  0.38469E+01    0.16468E+01    0.50740E+01    0.25727E+00
  0.43856E+01    0.14638E+01    0.51959E+01    0.32462E+00
  0.37011E+01    0.11238E+01    0.51949E+01    0.25191E+00
      2      3      6      5
  0.10022E+01    0.20308E+01    0.47201E+01    0.26070E+00
  0.17722E+01    0.24831E+01    0.46544E+01    0.31031E+00
  0.14626E+01    0.21163E+01    0.50596E+01    0.31784E+00
  0.12291E+01    0.26265E+01    0.49840E+01    0.24844E+00
  0.10255E+01    0.23237E+01    0.52454E+01    0.20045E+00
      3      3      6      4
  0.25530E+01    0.24981E+01    0.46600E+01    0.21208E+00
  0.23435E+01    0.21093E+01    0.48275E+01    0.26026E+00
  0.18801E+01    0.20362E+01    0.48101E+01    0.17509E+00
  0.19973E+01    0.23231E+01    0.51577E+01    0.26375E+00
      4      3      6      4
  0.30646E+01    0.20971E+01    0.47628E+01    0.28305E+00
  0.32646E+01    0.19306E+01    0.52076E+01    0.23236E+00
  0.27149E+01    0.21005E+01    0.50782E+01    0.18802E+00
  0.34873E+01    0.24365E+01    0.52239E+01    0.21094E+00
      5      3      6      5
  0.39475E+01    0.24355E+01    0.46380E+01    0.22575E+00
  0.42550E+01    0.20584E+01    0.49277E+01    0.34059E+00
  0.36276E+01    0.21055E+01    0.48738E+01    0.29089E+00
  0.42215E+01    0.25856E+01    0.49093E+01    0.18802E+00
  0.40609E+01    0.24641E+01    0.52342E+01    0.19421E+00
      2      4      6      5
  0.12459E+01    0.27969E+01    0.46063E+01    0.16636E+00
  0.15814E+01    0.30569E+01    0.47643E+01    0.28658E+00
  0.16510E+01    0.27092E+01    0.50886E+01    0.19410E+00
  0.10565E+01    0.34738E+01    0.45384E+01    0.21309E+00
  0.92568E+00    0.34058E+01    0.50506E+01    0.31998E+00
      3      4      6      8
  0.25002E+01    0.31368E+01    0.45728E+01    0.21799E+00
  0.20546E+01    0.30721E+01    0.45505E+01    0.23293E+00
  0.20977E+01    0.34142E+01    0.47592E+01    0.17007E+00
  0.22718E+01    0.31112E+01    0.49617E+01    0.23379E+00
  0.18654E+01    0.30729E+01    0.52154E+01    0.24679E+00
  0.26572E+01    0.31298E+01    0.52102E+01    0.22521E+00
  0.23276E+01    0.35405E+01    0.50996E+01    0.22062E+00
  0.24085E+01    0.26773E+01    0.53204E+01    0.30284E+00
      4      4      6      5
  0.30847E+01    0.30398E+01    0.46368E+01    0.21556E+00
  0.28543E+01    0.27443E+01    0.49561E+01    0.27686E+00
  0.28452E+01    0.35357E+01    0.48236E+01    0.36600E+00
  0.33514E+01    0.27456E+01    0.47372E+01    0.19410E+00
  0.32685E+01    0.31213E+01    0.52295E+01    0.34897E+00
      5      4      6      4
  0.40006E+01    0.30457E+01    0.45238E+01    0.27382E+00
  0.43068E+01    0.34412E+01    0.46927E+01    0.25236E+00
  0.37767E+01    0.27908E+01    0.49901E+01    0.30284E+00
  0.39053E+01    0.33740E+01    0.52175E+01    0.33627E+00
      2      5      6      4
  0.12880E+01    0.42236E+01    0.45140E+01    0.20606E+00
  0.16818E+01    0.36451E+01    0.45860E+01    0.33619E+00
  0.17100E+01    0.42535E+01    0.47207E+01    0.26478E+00
  0.13551E+01    0.39446E+01    0.50787E+01    0.32654E+00
      3      5      6      3
  0.26137E+01    0.42612E+01    0.47746E+01    0.22963E+00
  0.23055E+01    0.39056E+01    0.48151E+01    0.24274E+00
  0.26235E+01    0.39527E+01    0.50647E+01    0.16433E+00
      4      5      6      3
  0.31723E+01    0.43369E+01    0.45987E+01    0.23740E+00
  0.30052E+01    0.41033E+01    0.50033E+01    0.25052E+00
  0.33535E+01    0.37345E+01    0.51582E+01    0.27422E+00
      5      5      6      6
  0.39539E+01    0.44037E+01    0.47717E+01    0.25171E+00
  0.38486E+01    0.37583E+01    0.45417E+01    0.32702E+00
  0.43522E+01    0.39233E+01    0.47221E+01    0.23282E+00
  0.38272E+01    0.40042E+01    0.50908E+01    0.27508E+00
  0.44212E+01    0.36678E+01    0.51404E+01    0.26231E+00
  0.42918E+01    0.43064E+01    0.51783E+01    0.28596E+00
      2      2      7      5
  0.10594E+01    0.11861E+01    0.55915E+01    0.18343E+00
  0.16000E+01    0.12910E+01    0.57004E+01    0.24396E+00
  0.12866E+01    0.97348E+00    0.58671E+01    0.23229E+00
  0.11075E+01    0.15457E+01    0.58132E+01    0.24178E+00
  0.17204E+01    0.15212E+01    0.61208E+01    0.25026E+00
      3      2      7      4
  0.19324E+01    0.17312E+01    0.54064E+01    0.38154E+00
  0.18226E+01    0.10775E+01    0.54100E+01    0.17977E+00
  0.24829E+01    0.10758E+01    0.56429E+01    0.34897E+00
  0.21758E+01    0.14930E+01    0.59310E+01    0.24395E+00
      4      2      7      6
  0.29059E+01    0.15602E+01    0.54290E+01    0.32879E+00
  0.32491E+01    0.16344E+01    0.59989E+01    0.34059E+00
  0.30590E+01    0.10715E+01    0.56451E+01    0.22713E+00
  0.26685E+01    0.14834E+01    0.60588E+01    0.26231E+00
  0.34056E+01    0.98023E+00    0.59826E+01    0.26522E+00
  0.28485E+01    0.92132E+00    0.62015E+01    0.33627E+00
      5      2      7      4
  0.35679E+01    0.16404E+01    0.54997E+01    0.25177E+00
  0.40698E+01    0.16466E+01    0.56799E+01    0.28160E+00
  0.37585E+01    0.12140E+01    0.56866E+01    0.25132E+00
  0.37964E+01    0.14863E+01    0.60852E+01    0.23293E+00
      2      3      7      6
  0.90494E+00    0.19175E+01    0.54919E+01    0.28977E+00
  0.16063E+01    0.21874E+01    0.55491E+01    0.19717E+00
  0.14856E+01    0.18634E+01    0.58367E+01    0.25266E+00
  0.14069E+01    0.24192E+01    0.58049E+01    0.20148E+00
  0.12379E+01    0.21627E+01    0.60379E+01    0.18445E+00
  0.16057E+01    0.22491E+01    0.61268E+01    0.20376E+00
      3      3      7      4
  0.17843E+01    0.26556E+01    0.55656E+01    0.30407E+00
  0.21908E+01    0.22699E+01    0.56452E+01    0.26187E+00
  0.24796E+01    0.18409E+01    0.57258E+01    0.26157E+00
  0.19639E+01    0.19650E+01    0.60133E+01    0.26728E+00
      4      3      7      4
  0.30139E+01    0.23606E+01    0.53254E+01    0.27911E+00
  0.31363E+01    0.19988E+01    0.56153E+01    0.20045E+00
  0.26771E+01    0.22874E+01    0.56965E+01    0.22745E+00
  0.32685E+01    0.24513E+01    0.58861E+01    0.34333E+00
      5      3      7      5
  0.38513E+01    0.20740E+01    0.53946E+01    0.27686E+00
  0.43813E+01    0.19717E+01    0.54645E+01    0.21763E+00
  0.43383E+01    0.22966E+01    0.58542E+01    0.29089E+00
  0.38607E+01    0.25569E+01    0.59530E+01    0.26196E+00
  0.38624E+01    0.20621E+01    0.59063E+01    0.23505E+00
      2      4      7      5
  0.12663E+01    0.35457E+01    0.54910E+01    0.25406E+00
  0.94141E+00    0.28796E+01    0.53715E+01    0.29652E+00
  0.13721E+01    0.30623E+01    0.57447E+01    0.30207E+00
  0.16123E+01    0.27037E+01    0.60924E+01    0.25214E+00
  0.11488E+01    0.27808E+01    0.60588E+01    0.17516E+00
      3      4      7      6
  0.22495E+01    0.32342E+01    0.53773E+01    0.20019E+00
  0.19619E+01    0.31403E+01    0.56625E+01    0.21556E+00
  0.22363E+01    0.28127E+01    0.58376E+01    0.24632E+00
  0.22739E+01    0.34599E+01    0.58195E+01    0.25787E+00
  0.24083E+01    0.31280E+01    0.61655E+01    0.24006E+00
  0.18139E+01    0.33782E+01    0.60513E+01    0.26375E+00
      4      4      7      3
  0.28131E+01    0.29747E+01    0.57515E+01    0.35907E+00
  0.33001E+01    0.30070E+01    0.61578E+01    0.27606E+00
  0.26999E+01    0.34721E+01    0.59442E+01    0.18623E+00
      5      4      7      7
  0.36410E+01    0.27522E+01    0.55289E+01    0.25416E+00
  0.42345E+01    0.28594E+01    0.55656E+01    0.35005E+00
  0.44311E+01    0.27403E+01    0.60846E+01    0.21763E+00
  0.36307E+01    0.32421E+01    0.57639E+01    0.28938E+00
  0.43507E+01    0.34227E+01    0.55558E+01    0.22521E+00
  0.39553E+01    0.29913E+01    0.60030E+01    0.18546E+00
  0.40036E+01    0.34295E+01    0.61502E+01    0.27930E+00
      2      5      7      2
  0.11866E+01    0.42047E+01    0.57154E+01    0.38154E+00
  0.15127E+01    0.37156E+01    0.58653E+01    0.22521E+00
      3      5      7      5
  0.18587E+01    0.36373E+01    0.54114E+01    0.35080E+00
  0.22532E+01    0.40939E+01    0.55083E+01    0.26187E+00
  0.22122E+01    0.43999E+01    0.59279E+01    0.25915E+00
  0.24043E+01    0.38768E+01    0.58638E+01    0.18126E+00
  0.18081E+01    0.40738E+01    0.60508E+01    0.27452E+00
      4      5      7      7
  0.26902E+01    0.36975E+01    0.54813E+01    0.32880E+00
  0.29912E+01    0.43387E+01    0.54012E+01    0.21208E+00
  0.32250E+01    0.35578E+01    0.56267E+01    0.24274E+00
  0.27013E+01    0.42263E+01    0.57824E+01    0.27986E+00
  0.33510E+01    0.35531E+01    0.60818E+01    0.22962E+00
  0.33256E+01    0.43652E+01    0.56109E+01    0.18343E+00
  0.29848E+01    0.38229E+01    0.59542E+01    0.24229E+00
      5      5      7      4
  0.38560E+01    0.42965E+01    0.56448E+01    0.35248E+00
  0.41050E+01    0.42113E+01    0.61849E+01    0.24844E+00
  0.36265E+01    0.37686E+01    0.57799E+01    0.23741E+00
  0.37723E+01    0.38746E+01    0.62062E+01    0.22542E+00
      2      2      8      4
  0.12103E+01    0.17513E+01    0.63212E+01    0.31589E+00
  0.97766E+00    0.12178E+01    0.65015E+01    0.29398E+00
  0.14978E+01    0.13247E+01    0.64950E+01    0.22745E+00
  0.13193E+01    0.12729E+01    0.70193E+01    0.32879E+00
      3      2      8      7
  0.20845E+01    0.12878E+01    0.63691E+01    0.24837E+00
  0.22867E+01    0.17413E+01    0.63221E+01    0.23236E+00
  0.18657E+01    0.88838E+00    0.66052E+01    0.26478E+00
  0.24679E+01    0.14365E+01    0.66424E+01    0.24546E+00
  0.25228E+01    0.95675E+00    0.68713E+01    0.28906E+00
  0.19705E+01    0.15379E+01    0.67745E+01    0.24143E+00
  0.20686E+01    0.11377E+01    0.69492E+01    0.20606E+00
      4      2      8      3
  0.29329E+01    0.15558E+01    0.64984E+01    0.25578E+00
  0.30635E+01    0.11002E+01    0.67536E+01    0.28259E+00
  0.34568E+01    0.13058E+01    0.64458E+01    0.25177E+00
      5      2      8      7
  0.38686E+01    0.10120E+01    0.62737E+01    0.28259E+00
  0.42179E+01    0.14810E+01    0.64602E+01    0.33130E+00
  0.39428E+01    0.11008E+01    0.67795E+01    0.23627E+00
  0.44081E+01    0.99763E+00    0.67706E+01    0.24036E+00
  0.35693E+01    0.13093E+01    0.68887E+01    0.20526E+00
  0.42475E+01    0.13664E+01    0.70076E+01    0.22878E+00
  0.38494E+01    0.15629E+01    0.70895E+01    0.22263E+00
      2      3      8      6
  0.12506E+01    0.24784E+01    0.62656E+01    0.20514E+00
  0.17450E+01    0.19428E+01    0.65216E+01    0.28658E+00
  0.13319E+01    0.21988E+01    0.65476E+01    0.20019E+00
  0.11070E+01    0.19732E+01    0.67482E+01    0.17628E+00
  0.16373E+01    0.23872E+01    0.67744E+01    0.22439E+00
  0.11400E+01    0.26599E+01    0.70768E+01    0.29089E+00
      3      3      8      4
  0.21611E+01    0.25027E+01    0.64205E+01    0.41819E+00
  0.22157E+01    0.19383E+01    0.67342E+01    0.22987E+00
  0.18713E+01    0.19103E+01    0.69913E+01    0.20087E+00
  0.20205E+01    0.23351E+01    0.70561E+01    0.25406E+00
      4      3      8      8
  0.27592E+01    0.20650E+01    0.62223E+01    0.34897E+00
  0.28630E+01    0.26572E+01    0.62741E+01    0.25449E+00
  0.35478E+01    0.26020E+01    0.63903E+01    0.25249E+00
  0.27255E+01    0.24214E+01    0.66194E+01    0.18569E+00
  0.27087E+01    0.19081E+01    0.68205E+01    0.27158E+00
  0.33715E+01    0.18730E+01    0.68563E+01    0.39308E+00
  0.34051E+01    0.25530E+01    0.69562E+01    0.29501E+00
  0.28788E+01    0.23698E+01    0.70443E+01    0.26903E+00
      5      3      8      6
  0.40621E+01    0.22319E+01    0.63389E+01    0.27079E+00
  0.36723E+01    0.18825E+01    0.62914E+01    0.23062E+00
  0.39283E+01    0.18924E+01    0.66421E+01    0.20367E+00
  0.38437E+01    0.24450E+01    0.67176E+01    0.21594E+00
  0.38832E+01    0.21225E+01    0.69508E+01    0.18403E+00
  0.41520E+01    0.25853E+01    0.69632E+01    0.20248E+00
      2      4      8      6
  0.11694E+01    0.31609E+01    0.62493E+01    0.25053E+00
  0.14188E+01    0.28178E+01    0.65889E+01    0.29295E+00
  0.92742E+00    0.31360E+01    0.67629E+01    0.31784E+00
  0.16303E+01    0.27204E+01    0.69954E+01    0.17556E+00
  0.92812E+00    0.35267E+01    0.63227E+01    0.19380E+00
  0.16910E+01    0.33541E+01    0.70820E+01    0.22526E+00
      3      4      8      4
  0.20141E+01    0.30465E+01    0.62482E+01    0.17092E+00
  0.18686E+01    0.31601E+01    0.66552E+01    0.27606E+00
  0.26374E+01    0.29945E+01    0.65872E+01    0.25810E+00
  0.21175E+01    0.35213E+01    0.69488E+01    0.25177E+00
      4      4      8      5
  0.28772E+01    0.32660E+01    0.62597E+01    0.23027E+00
  0.31785E+01    0.28033E+01    0.65814E+01    0.20952E+00
  0.33587E+01    0.33624E+01    0.64601E+01    0.19421E+00
  0.29227E+01    0.28196E+01    0.69056E+01    0.20376E+00
  0.32291E+01    0.32185E+01    0.69665E+01    0.30284E+00
      5      4      8      4
  0.40530E+01    0.27820E+01    0.64121E+01    0.28433E+00
  0.43004E+01    0.32458E+01    0.65657E+01    0.26334E+00
  0.37004E+01    0.31383E+01    0.64140E+01    0.21699E+00
  0.38622E+01    0.30566E+01    0.69521E+01    0.35080E+00
      2      5      8      4
  0.15822E+01    0.42508E+01    0.67592E+01    0.34904E+00
  0.10306E+01    0.43089E+01    0.66527E+01    0.21593E+00
  0.12345E+01    0.36870E+01    0.69793E+01    0.34904E+00
  0.89796E+00    0.41773E+01    0.70848E+01    0.25484E+00
      3      5      8      4
  0.23009E+01    0.40139E+01    0.62865E+01    0.27508E+00
  0.18546E+01    0.37178E+01    0.65024E+01    0.30240E+00
  0.25447E+01    0.35608E+01    0.65772E+01    0.31589E+00
  0.21795E+01    0.40918E+01    0.70379E+01    0.32892E+00
      4      5      8      4
  0.33221E+01    0.41031E+01    0.62390E+01    0.28062E+00
  0.31328E+01    0.37581E+01    0.66844E+01    0.31369E+00
  0.27001E+01    0.40553E+01    0.66738E+01    0.21131E+00
  0.32975E+01    0.42323E+01    0.70500E+01    0.30735E+00
      5      5      8      6
  0.43826E+01    0.37930E+01    0.62936E+01    0.26517E+00
  0.40239E+01    0.39506E+01    0.65327E+01    0.19380E+00
  0.42124E+01    0.36647E+01    0.66858E+01    0.18126E+00
  0.36894E+01    0.35654E+01    0.64774E+01    0.19421E+00
  0.36898E+01    0.38544E+01    0.68461E+01    0.27431E+00
  0.40459E+01    0.35815E+01    0.70310E+01    0.21094E+00
      2      2      9      1
  0.12360E+01    0.15581E+01    0.76242E+01    0.34513E+00
      3      2      9      5
  0.23536E+01    0.16081E+01    0.71379E+01    0.29137E+00
  0.26212E+01    0.11673E+01    0.73970E+01    0.28577E+00
  0.18463E+01    0.14036E+01    0.72818E+01    0.27431E+00
  0.22275E+01    0.13951E+01    0.75590E+01    0.19709E+00
  0.18751E+01    0.16659E+01    0.78825E+01    0.35264E+00
      4      2      9      4
  0.32037E+01    0.13312E+01    0.72999E+01    0.32702E+00
  0.33208E+01    0.17660E+01    0.75464E+01    0.18631E+00
  0.28647E+01    0.15047E+01    0.77278E+01    0.24583E+00
  0.33146E+01    0.14668E+01    0.78108E+01    0.21309E+00
      5      2      9      8
  0.36146E+01    0.10544E+01    0.71782E+01    0.18317E+00
  0.43245E+01    0.17547E+01    0.73030E+01    0.26517E+00
  0.40063E+01    0.11454E+01    0.73795E+01    0.26652E+00
  0.40720E+01    0.15437E+01    0.76892E+01    0.24229E+00
  0.43530E+01    0.12060E+01    0.76814E+01    0.19717E+00
  0.35994E+01    0.11775E+01    0.76503E+01    0.22343E+00
  0.36884E+01    0.17051E+01    0.79622E+01    0.25543E+00
  0.39820E+01    0.10782E+01    0.78731E+01    0.23229E+00
      2      3      9      3
  0.13841E+01    0.20776E+01    0.71867E+01    0.35005E+00
  0.15943E+01    0.26049E+01    0.74162E+01    0.26231E+00
  0.13118E+01    0.23050E+01    0.77724E+01    0.28240E+00
      3      3      9      5
  0.24489E+01    0.21888E+01    0.70968E+01    0.20042E+00
  0.24750E+01    0.25913E+01    0.72013E+01    0.21763E+00
  0.21261E+01    0.25014E+01    0.75769E+01    0.30284E+00
  0.25984E+01    0.24519E+01    0.79648E+01    0.31031E+00
  0.20508E+01    0.19696E+01    0.73968E+01    0.24657E+00
      4      3      9      4
  0.28973E+01    0.18985E+01    0.73563E+01    0.29652E+00
  0.32371E+01    0.23797E+01    0.75150E+01    0.31369E+00
  0.34035E+01    0.20174E+01    0.77653E+01    0.15717E+00
  0.29916E+01    0.20138E+01    0.79138E+01    0.28062E+00
      5      3      9      2
  0.37867E+01    0.19913E+01    0.74491E+01    0.34033E+00
  0.38411E+01    0.25604E+01    0.72938E+01    0.25207E+00
      2      4      9      2
  0.11805E+01    0.31650E+01    0.72731E+01    0.25249E+00
  0.11517E+01    0.27860E+01    0.76044E+01    0.25171E+00
      3      4      9      4
  0.25934E+01    0.32239E+01    0.71384E+01    0.34059E+00
  0.20568E+01    0.28810E+01    0.71183E+01    0.29652E+00
  0.25149E+01    0.28961E+01    0.76276E+01    0.25362E+00
  0.18237E+01    0.30310E+01    0.77684E+01    0.33627E+00
      4      4      9      3
  0.28970E+01    0.27774E+01    0.73436E+01    0.23706E+00
  0.34603E+01    0.29450E+01    0.74486E+01    0.29773E+00
  0.30491E+01    0.33953E+01    0.74356E+01    0.22987E+00
      5      4      9      2
  0.42688E+01    0.29105E+01    0.74799E+01    0.33130E+00
  0.38160E+01    0.26747E+01    0.78088E+01    0.27606E+00
      2      5      9      2
  0.16619E+01    0.39818E+01    0.73031E+01    0.26299E+00
  0.13769E+01    0.35763E+01    0.76308E+01    0.32702E+00
      3      5      9      2
  0.19659E+01    0.35540E+01    0.74634E+01    0.28577E+00
  0.22988E+01    0.39481E+01    0.75781E+01    0.24277E+00
      4      5      9      3
  0.33465E+01    0.37005E+01    0.72127E+01    0.25100E+00
  0.27420E+01    0.42059E+01    0.73431E+01    0.32127E+00
  0.33314E+01    0.40511E+01    0.75955E+01    0.26843E+00
      5      5      9      4
  0.38975E+01    0.39436E+01    0.74130E+01    0.33599E+00
  0.44116E+01    0.36350E+01    0.73361E+01    0.26842E+00
  0.44291E+01    0.43393E+01    0.76006E+01    0.35248E+00
  0.36944E+01    0.43767E+01    0.77289E+01    0.23722E+00
      2      2     10      0
      3      2     10      0
      4      2     10      0
      5      2     10      0
      2      3     10      0
      3      3     10      0
      4      3     10      0
      5      3     10      0
      2      4     10      0
      3      4     10      0
      4      4     10      0
      5      4     10      0
      2      5     10      0
      3      5     10      0
      4      5     10      0
      5      5     10      0
