  0.12630E+00    0.18584E+00    0.48738E-01    0.12650E+00
  0.27754E+00    0.38934E-01    0.17730E+00    0.12045E+00
  0.16596E-01    0.70263E-01    0.24450E+00    0.12592E+00
  0.29674E+00    0.27410E+00    0.19754E+00    0.11636E+00
  0.48458E-01    0.31992E+00    0.26740E+00    0.12680E+00
  0.47275E+00    0.10533E+00    0.47956E-01    0.12295E+00
  0.57466E+00    0.32283E+00    0.47175E-01    0.11724E+00
  0.47847E+00    0.14589E+00    0.29328E+00    0.12577E+00
  0.96524E+00    0.31364E+00    0.20823E-01    0.12367E+00
  0.76300E+00    0.18517E+00    0.35082E-01    0.11635E+00
  0.95738E+00    0.49055E-01    0.33273E-01    0.12096E+00
  0.66321E+00    0.22939E-01    0.18055E+00    0.12331E+00
  0.73456E+00    0.32618E+00    0.22549E+00    0.12229E+00
  0.86552E+00    0.43085E-01    0.29897E+00    0.11198E+00
  0.11833E+01    0.15926E+00    0.48078E-01    0.11196E+00
  0.10283E+01    0.18578E+00    0.21759E+00    0.11927E+00
  0.12192E+01    0.49870E-01    0.26273E+00    0.11940E+00
  0.14277E+01    0.27145E+00    0.16393E-01    0.11727E+00
  0.13860E+01    0.43675E-01    0.85157E-01    0.12429E+00
  0.15445E+01    0.18073E+00    0.18766E+00    0.10901E+00
  0.16974E+01    0.10166E+00    0.49253E-01    0.11185E+00
  0.19224E+01    0.15290E+00    0.32404E-01    0.11952E+00
  0.17945E+01    0.22249E+00    0.23737E+00    0.13190E+00
  0.22100E+01    0.15593E+00    0.16724E-01    0.12096E+00
  0.20750E+01    0.48464E-01    0.18768E+00    0.12195E+00
  0.48874E-01    0.41842E+00    0.31504E-01    0.11923E+00
  0.28478E+00    0.62807E+00    0.48814E-01    0.11096E+00
  0.14122E+00    0.54697E+00    0.21594E+00    0.12381E+00
  0.36614E+00    0.41981E+00    0.34445E-01    0.11309E+00
  0.52319E+00    0.51076E+00    0.16482E+00    0.11038E+00
  0.76746E+00    0.46811E+00    0.25769E-01    0.12493E+00
  0.79434E+00    0.61592E+00    0.22443E+00    0.12414E+00
  0.11514E+01    0.45309E+00    0.45986E-01    0.11031E+00
  0.10148E+01    0.61195E+00    0.12945E+00    0.11440E+00
  0.10717E+01    0.42480E+00    0.27756E+00    0.13095E+00
  0.15928E+01    0.44921E+00    0.48572E-01    0.12744E+00
  0.13633E+01    0.55959E+00    0.42289E-01    0.12651E+00
  0.15049E+01    0.57385E+00    0.24969E+00    0.12498E+00
  0.13092E+01    0.37276E+00    0.20064E+00    0.12410E+00
  0.18306E+01    0.37575E+00    0.38698E-01    0.12160E+00
  0.19169E+01    0.54352E+00    0.20903E+00    0.13257E+00
  0.17033E+01    0.44350E+00    0.25633E+00    0.10794E+00
  0.22573E+01    0.38460E+00    0.49623E-01    0.11485E+00
  0.20462E+01    0.32875E+00    0.14917E+00    0.12517E+00
  0.21457E+01    0.48529E+00    0.32533E+00    0.13066E+00
  0.56819E-01    0.72875E+00    0.47094E-01    0.13825E+00
  0.46507E-01    0.74822E+00    0.29747E+00    0.11309E+00
  0.28271E+00    0.90325E+00    0.23306E+00    0.12236E+00
  0.36878E+00    0.88648E+00    0.22100E-02    0.12065E+00
  0.63585E+00    0.67290E+00    0.48233E-01    0.11891E+00
  0.44425E+00    0.73667E+00    0.17154E+00    0.11770E+00
  0.61637E+00    0.83557E+00    0.30376E+00    0.12082E+00
  0.69845E+00    0.97144E+00    0.49827E-01    0.11972E+00
  0.86032E+00    0.77767E+00    0.41025E-01    0.12880E+00
  0.83542E+00    0.92393E+00    0.24420E+00    0.12277E+00
  0.11134E+01    0.81374E+00    0.41656E-01    0.12640E+00
  0.12272E+01    0.67623E+00    0.21801E+00    0.12453E+00
  0.10183E+01    0.77410E+00    0.29835E+00    0.11975E+00
  0.14336E+01    0.89896E+00    0.16478E-01    0.11577E+00
  0.15369E+01    0.80616E+00    0.20035E+00    0.11466E+00
  0.16622E+01    0.92493E+00    0.46888E-01    0.11635E+00
  0.19049E+01    0.72887E+00    0.31765E-01    0.12418E+00
  0.16643E+01    0.68640E+00    0.43380E-01    0.12036E+00
  0.17813E+01    0.75983E+00    0.23804E+00    0.11829E+00
  0.21381E+01    0.68745E+00    0.10818E-01    0.11360E+00
  0.19685E+01    0.95697E+00    0.34949E-01    0.11265E+00
  0.21027E+01    0.83982E+00    0.18275E+00    0.11884E+00
  0.11089E+00    0.12540E+01    0.44783E-01    0.11241E+00
  0.15546E+00    0.10155E+01    0.45999E-01    0.13020E+00
  0.23480E+00    0.11732E+01    0.23229E+00    0.12651E+00
  0.39594E-01    0.10213E+01    0.27218E+00    0.12400E+00
  0.60171E+00    0.12012E+01    0.39429E-01    0.11021E+00
  0.37162E+00    0.11378E+01    0.32101E-01    0.11854E+00
  0.49634E+00    0.99432E+00    0.17229E+00    0.11770E+00
  0.95207E+00    0.10073E+01    0.49125E-01    0.11886E+00
  0.83328E+00    0.12128E+01    0.40882E-01    0.11875E+00
  0.70497E+00    0.12533E+01    0.24611E+00    0.12665E+00
  0.96111E+00    0.11567E+01    0.22256E+00    0.11026E+00
  0.12430E+01    0.11033E+01    0.47223E-01    0.11770E+00
  0.10683E+01    0.12726E+01    0.46796E-01    0.12560E+00
  0.11220E+01    0.98754E+00    0.21200E+00    0.11732E+00
  0.12253E+01    0.12492E+01    0.23357E+00    0.11966E+00
  0.15241E+01    0.11135E+01    0.33968E-01    0.11775E+00
  0.13942E+01    0.10252E+01    0.20395E+00    0.11366E+00
  0.17595E+01    0.11382E+01    0.23448E-01    0.11920E+00
  0.18190E+01    0.99867E+00    0.21444E+00    0.12466E+00
  0.19549E+01    0.11972E+01    0.28453E+00    0.12592E+00
  0.16445E+01    0.12401E+01    0.28699E+00    0.12310E+00
  0.20253E+01    0.12888E+01    0.49733E-01    0.12342E+00
  0.21546E+01    0.10882E+01    0.44848E-01    0.11527E+00
  0.22015E+01    0.12301E+01    0.23636E+00    0.12754E+00
  0.22623E+01    0.98797E+00    0.30715E+00    0.13191E+00
  0.59972E-01    0.14833E+01    0.49150E-01    0.12254E+00
  0.90837E-01    0.16289E+01    0.22442E+00    0.10742E+00
  0.39454E-01    0.13162E+01    0.25316E+00    0.11649E+00
  0.47581E+00    0.16023E+01    0.13755E-01    0.10970E+00
  0.35009E+00    0.13733E+01    0.46338E-01    0.11839E+00
  0.63054E+00    0.14299E+01    0.39837E-01    0.12032E+00
  0.34028E+00    0.15604E+01    0.19712E+00    0.12214E+00
  0.61672E+00    0.16135E+01    0.20191E+00    0.12495E+00
  0.49922E+00    0.13702E+01    0.22104E+00    0.11135E+00
  0.80338E+00    0.16098E+01    0.29178E-01    0.12940E+00
  0.87866E+00    0.14132E+01    0.16710E+00    0.12233E+00
  0.12841E+01    0.13800E+01    0.48203E-01    0.11468E+00
  0.12428E+01    0.16039E+01    0.45139E-01    0.11300E+00
  0.10304E+01    0.15395E+01    0.46733E-01    0.10889E+00
  0.11621E+01    0.14773E+01    0.21620E+00    0.11459E+00
  0.14683E+01    0.15311E+01    0.16366E-01    0.12568E+00
  0.16053E+01    0.13332E+01    0.45295E-01    0.11675E+00
  0.14416E+01    0.13351E+01    0.20836E+00    0.11436E+00
  0.18970E+01    0.15584E+01    0.48262E-01    0.12967E+00
  0.16730E+01    0.15321E+01    0.14203E+00    0.11455E+00
  0.18142E+01    0.13470E+01    0.15249E+00    0.11841E+00
  0.18494E+01    0.15743E+01    0.29664E+00    0.12373E+00
  0.22673E+01    0.13795E+01    0.49564E-01    0.12054E+00
  0.21017E+01    0.14613E+01    0.21211E+00    0.12548E+00
  0.21211E+00    0.16971E+01    0.47613E-01    0.11762E+00
  0.18923E-01    0.18179E+01    0.11831E+00    0.12095E+00
  0.23123E+00    0.18455E+01    0.23730E+00    0.12398E+00
  0.48896E+00    0.18258E+01    0.48854E-01    0.11693E+00
  0.60555E+00    0.19188E+01    0.24163E+00    0.12680E+00
  0.44334E+00    0.17479E+01    0.30365E+00    0.11688E+00
  0.73117E+00    0.18446E+01    0.46662E-01    0.11688E+00
  0.96040E+00    0.17995E+01    0.47535E-01    0.11675E+00
  0.86562E+00    0.19259E+01    0.23854E+00    0.13114E+00
  0.94670E+00    0.16490E+01    0.21976E+00    0.11234E+00
  0.11693E+01    0.17936E+01    0.16358E+00    0.12238E+00
  0.14786E+01    0.17829E+01    0.44830E-01    0.12794E+00
  0.13888E+01    0.16368E+01    0.22059E+00    0.11761E+00
  0.14046E+01    0.18778E+01    0.28594E+00    0.13262E+00
  0.16914E+01    0.18878E+01    0.35194E-01    0.11031E+00
  0.19174E+01    0.18090E+01    0.40880E-01    0.12197E+00
  0.16463E+01    0.17510E+01    0.22728E+00    0.12192E+00
  0.18642E+01    0.18066E+01    0.28187E+00    0.10952E+00
  0.21330E+01    0.16401E+01    0.46720E-01    0.12008E+00
  0.21518E+01    0.18842E+01    0.47451E-01    0.12478E+00
  0.20871E+01    0.17611E+01    0.24932E+00    0.12033E+00
  0.10041E+00    0.20309E+01    0.48024E-01    0.11768E+00
  0.15259E+00    0.22497E+01    0.30754E-01    0.10794E+00
  0.30752E+00    0.20640E+01    0.15997E+00    0.12008E+00
  0.33529E-01    0.21841E+01    0.23002E+00    0.12942E+00
  0.46987E-01    0.19630E+01    0.32276E+00    0.11067E+00
  0.52478E+00    0.20650E+01    0.46691E-01    0.12494E+00
  0.38000E+00    0.22643E+01    0.46646E-01    0.12140E+00
  0.45604E+00    0.22075E+01    0.25431E+00    0.10693E+00
  0.79881E+00    0.20704E+01    0.45891E-01    0.11884E+00
  0.66593E+00    0.21503E+01    0.21893E+00    0.11348E+00
  0.10968E+01    0.19967E+01    0.47684E-01    0.12250E+00
  0.10157E+01    0.21858E+01    0.18245E+00    0.12342E+00
  0.12144E+01    0.20538E+01    0.26100E+00    0.12768E+00
  0.14087E+01    0.22497E+01    0.43218E-01    0.11655E+00
  0.13522E+01    0.20091E+01    0.47134E-01    0.13063E+00
  0.15053E+01    0.21184E+01    0.23246E+00    0.13366E+00
  0.19135E+01    0.20779E+01    0.32820E-01    0.10881E+00
  0.16807E+01    0.21230E+01    0.37119E-01    0.12888E+00
  0.18381E+01    0.21852E+01    0.22008E+00    0.11983E+00
  0.17169E+01    0.19808E+01    0.24322E+00    0.11898E+00
  0.21326E+01    0.21358E+01    0.18141E-01    0.11831E+00
  0.19909E+01    0.19607E+01    0.19705E+00    0.10729E+00
  0.20715E+01    0.22252E+01    0.22709E+00    0.11705E+00
  0.21998E+01    0.20323E+01    0.22941E+00    0.11466E+00
  0.20387E+00    0.15187E+00    0.36695E+00    0.11225E+00
  0.26207E-01    0.23358E+00    0.50541E+00    0.12736E+00
  0.15844E+00    0.43982E-01    0.58654E+00    0.11762E+00
  0.36609E+00    0.30398E-01    0.47612E+00    0.11795E+00
  0.57633E+00    0.27965E-01    0.58904E+00    0.12071E+00
  0.38190E+00    0.27216E+00    0.52469E+00    0.12915E+00
  0.69924E+00    0.17079E+00    0.42227E+00    0.13092E+00
  0.93278E+00    0.27030E+00    0.42350E+00    0.12294E+00
  0.82030E+00    0.48379E-01    0.61186E+00    0.12517E+00
  0.80537E+00    0.28410E+00    0.64051E+00    0.11275E+00
  0.12821E+01    0.29341E-01    0.50259E+00    0.12941E+00
  0.10278E+01    0.47647E-01    0.46951E+00    0.12348E+00
  0.11672E+01    0.23785E+00    0.38658E+00    0.10563E+00
  0.10405E+01    0.23702E+00    0.64673E+00    0.12715E+00
  0.13855E+01    0.19688E+00    0.35062E+00    0.11929E+00
  0.15437E+01    0.11885E-01    0.34843E+00    0.12414E+00
  0.16017E+01    0.28644E+00    0.38076E+00    0.11672E+00
  0.14525E+01    0.28372E+00    0.55530E+00    0.11294E+00
  0.15169E+01    0.32435E-01    0.59211E+00    0.12187E+00
  0.19188E+01    0.49777E-01    0.37326E+00    0.12060E+00
  0.18083E+01    0.27981E-01    0.58188E+00    0.11649E+00
  0.19186E+01    0.23035E+00    0.63242E+00    0.11945E+00
  0.16778E+01    0.27108E+00    0.62979E+00    0.12475E+00
  0.19807E+01    0.30664E+00    0.38388E+00    0.11951E+00
  0.21715E+01    0.15012E+00    0.39406E+00    0.12754E+00
  0.20494E+01    0.31404E-01    0.58001E+00    0.12462E+00
  0.38519E-02    0.55758E+00    0.40433E+00    0.10959E+00
  0.30247E+00    0.44112E+00    0.36228E+00    0.11831E+00
  0.14920E+00    0.44728E+00    0.54848E+00    0.12294E+00
  0.53479E+00    0.37907E+00    0.35621E+00    0.12223E+00
  0.52378E+00    0.62448E+00    0.39211E+00    0.12604E+00
  0.36675E+00    0.55655E+00    0.57107E+00    0.12155E+00
  0.55701E+00    0.41811E+00    0.62475E+00    0.11980E+00
  0.96994E+00    0.58723E+00    0.42920E+00    0.11344E+00
  0.75691E+00    0.45853E+00    0.46665E+00    0.13825E+00
  0.94806E+00    0.49137E+00    0.65169E+00    0.12981E+00
  0.11407E+01    0.41746E+00    0.51584E+00    0.11724E+00
  0.13109E+01    0.52530E+00    0.39097E+00    0.11982E+00
  0.15265E+01    0.48440E+00    0.47558E+00    0.11532E+00
  0.13413E+01    0.50197E+00    0.64247E+00    0.13458E+00
  0.15812E+01    0.63083E+00    0.64897E+00    0.11813E+00
  0.16893E+01    0.61567E+00    0.39016E+00    0.11058E+00
  0.17866E+01    0.42079E+00    0.46824E+00    0.12090E+00
  0.22692E+01    0.35357E+00    0.50454E+00    0.12372E+00
  0.21468E+01    0.62892E+00    0.52662E+00    0.11662E+00
  0.20008E+01    0.44850E+00    0.57682E+00    0.12082E+00
  0.29045E+00    0.68907E+00    0.34680E+00    0.12028E+00
  0.15677E+00    0.89180E+00    0.42837E+00    0.11031E+00
  0.31290E+00    0.79062E+00    0.56207E+00    0.11880E+00
  0.38656E-01    0.73425E+00    0.54163E+00    0.11685E+00
  0.43198E+00    0.93286E+00    0.41724E+00    0.11655E+00
  0.62827E+00    0.86172E+00    0.54942E+00    0.12652E+00
  0.81235E+00    0.75934E+00    0.42125E+00    0.12006E+00
  0.90317E+00    0.97502E+00    0.50196E+00    0.12747E+00
  0.97314E+00    0.75892E+00    0.59877E+00    0.11945E+00
  0.74656E+00    0.65942E+00    0.63138E+00    0.12175E+00
  0.11430E+01    0.89493E+00    0.47360E+00    0.12696E+00
  0.11667E+01    0.65949E+00    0.51591E+00    0.11343E+00
  0.13553E+01    0.84257E+00    0.35074E+00    0.12388E+00
  0.15728E+01    0.80067E+00    0.47615E+00    0.12433E+00
  0.13564E+01    0.77481E+00    0.58361E+00    0.11865E+00
  0.17433E+01    0.93225E+00    0.60748E+00    0.12790E+00
  0.17831E+01    0.70099E+00    0.57025E+00    0.10970E+00
  0.20130E+01    0.97168E+00    0.35823E+00    0.11831E+00
  0.22555E+01    0.73790E+00    0.33521E+00    0.11982E+00
  0.19926E+01    0.72955E+00    0.37022E+00    0.12497E+00
  0.19941E+01    0.79678E+00    0.61169E+00    0.12569E+00
  0.36918E-01    0.10627E+01    0.50434E+00    0.11183E+00
  0.26700E+00    0.10909E+01    0.48245E+00    0.12100E+00
  0.82466E-02    0.12991E+01    0.52288E+00    0.12702E+00
  0.24098E+00    0.13055E+01    0.56043E+00    0.10881E+00
  0.46431E+00    0.11672E+01    0.34705E+00    0.13017E+00
  0.57792E+00    0.11853E+01    0.56638E+00    0.11750E+00
  0.41464E+00    0.99049E+00    0.64709E+00    0.12105E+00
  0.68741E+00    0.10520E+01    0.39602E+00    0.12493E+00
  0.88616E+00    0.12604E+01    0.41714E+00    0.12261E+00
  0.11034E+01    0.11292E+01    0.40271E+00    0.12095E+00
  0.10289E+01    0.11481E+01    0.63670E+00    0.12536E+00
  0.12846E+01    0.11776E+01    0.57147E+00    0.11958E+00
  0.15966E+01    0.10001E+01    0.32815E+00    0.12511E+00
  0.14010E+01    0.11799E+01    0.36984E+00    0.11325E+00
  0.14388E+01    0.10017E+01    0.51655E+00    0.12064E+00
  0.15781E+01    0.12231E+01    0.53001E+00    0.12940E+00
  0.17840E+01    0.11124E+01    0.44095E+00    0.12078E+00
  0.21390E+01    0.11440E+01    0.45606E+00    0.11656E+00
  0.19664E+01    0.10406E+01    0.58300E+00    0.12134E+00
  0.22603E+01    0.12653E+01    0.62014E+00    0.12081E+00
  0.20142E+01    0.12648E+01    0.64116E+00    0.11570E+00
  0.21962E+01    0.10220E+01    0.64834E+00    0.11827E+00
  0.30803E+00    0.13765E+01    0.35261E+00    0.12082E+00
  0.46804E-01    0.14963E+01    0.39351E+00    0.11194E+00
  0.44168E-01    0.14946E+01    0.66529E+00    0.11747E+00
  0.54075E+00    0.13795E+01    0.44363E+00    0.11527E+00
  0.57059E+00    0.16129E+01    0.45127E+00    0.12018E+00
  0.36558E+00    0.15214E+01    0.53578E+00    0.11972E+00
  0.62878E+00    0.14748E+01    0.64811E+00    0.12685E+00
  0.74043E+00    0.14705E+01    0.35809E+00    0.12029E+00
  0.84829E+00    0.14981E+01    0.56043E+00    0.11067E+00
  0.98739E+00    0.14787E+01    0.37540E+00    0.12162E+00
  0.11196E+01    0.13384E+01    0.51648E+00    0.11731E+00
  0.12220E+01    0.15446E+01    0.61460E+00    0.13292E+00
  0.15716E+01    0.14743E+01    0.34682E+00    0.12115E+00
  0.13186E+01    0.14285E+01    0.39859E+00    0.13063E+00
  0.14954E+01    0.14557E+01    0.57665E+00    0.12174E+00
  0.18183E+01    0.13600E+01    0.40881E+00    0.12014E+00
  0.19193E+01    0.14778E+01    0.59423E+00    0.12169E+00
  0.22515E+01    0.16092E+01    0.34244E+00    0.12210E+00
  0.20571E+01    0.13641E+01    0.43240E+00    0.11940E+00
  0.22013E+01    0.15438E+01    0.58831E+00    0.11617E+00
  0.23926E+00    0.16592E+01    0.39026E+00    0.11719E+00
  0.42683E-01    0.17774E+01    0.46781E+00    0.12494E+00
  0.95068E-02    0.19359E+01    0.64057E+00    0.11185E+00
  0.20078E+00    0.16739E+01    0.62894E+00    0.12339E+00
  0.60228E+00    0.18501E+01    0.47944E+00    0.12076E+00
  0.37535E+00    0.17956E+01    0.52057E+00    0.11539E+00
  0.77298E+00    0.17229E+01    0.36045E+00    0.12311E+00
  0.97408E+00    0.16901E+01    0.50340E+00    0.12580E+00
  0.74618E+00    0.17005E+01    0.60061E+00    0.11958E+00
  0.95794E+00    0.19176E+01    0.56995E+00    0.11181E+00
  0.11968E+01    0.16598E+01    0.37781E+00    0.13165E+00
  0.10746E+01    0.18808E+01    0.37200E+00    0.12090E+00
  0.12753E+01    0.18646E+01    0.49954E+00    0.11737E+00
  0.15095E+01    0.16923E+01    0.41085E+00    0.11442E+00
  0.16030E+01    0.19122E+01    0.45124E+00    0.12790E+00
  0.14138E+01    0.17146E+01    0.62777E+00    0.12370E+00
  0.17404E+01    0.16979E+01    0.48882E+00    0.12942E+00
  0.18017E+01    0.19124E+01    0.59655E+00    0.11832E+00
  0.20333E+01    0.16334E+01    0.44684E+00    0.12100E+00
  0.21125E+01    0.19265E+01    0.40564E+00    0.10865E+00
  0.22428E+01    0.17742E+01    0.52717E+00    0.12574E+00
  0.20150E+01    0.18128E+01    0.60247E+00    0.11719E+00
  0.24495E+00    0.21738E+01    0.36777E+00    0.12312E+00
  0.45515E-01    0.22853E+01    0.46211E+00    0.12408E+00
  0.20452E+00    0.19678E+01    0.50510E+00    0.12773E+00
  0.39799E+00    0.19701E+01    0.35681E+00    0.11605E+00
  0.56771E+00    0.21140E+01    0.42337E+00    0.11621E+00
  0.38779E+00    0.21676E+01    0.55783E+00    0.11472E+00
  0.47029E+00    0.19707E+01    0.62323E+00    0.10865E+00
  0.83804E+00    0.22723E+01    0.34350E+00    0.13154E+00
  0.79633E+00    0.20451E+01    0.45385E+00    0.12451E+00
  0.66434E+00    0.21432E+01    0.64720E+00    0.12934E+00
  0.94675E+00    0.21964E+01    0.54013E+00    0.10563E+00
  0.11067E+01    0.22584E+01    0.39510E+00    0.11902E+00
  0.11421E+01    0.20582E+01    0.51767E+00    0.11839E+00
  0.13507E+01    0.21853E+01    0.43229E+00    0.12769E+00
  0.14294E+01    0.20150E+01    0.58547E+00    0.11446E+00
  0.16145E+01    0.21453E+01    0.61601E+00    0.11402E+00
  0.16877E+01    0.21541E+01    0.39853E+00    0.11560E+00
  0.18992E+01    0.20292E+01    0.40270E+00    0.12806E+00
  0.18514E+01    0.21456E+01    0.64052E+00    0.12410E+00
  0.22658E+01    0.22141E+01    0.37723E+00    0.12880E+00
  0.20224E+01    0.22515E+01    0.47518E+00    0.13627E+00
  0.21501E+01    0.20543E+01    0.60756E+00    0.13327E+00
  0.51361E+00    0.21106E+00    0.71494E+00    0.11017E+00
  0.35496E+00    0.47728E-01    0.70504E+00    0.11189E+00
  0.35828E+00    0.19425E+00    0.87787E+00    0.11577E+00
  0.55278E+00    0.44692E-01    0.88315E+00    0.12964E+00
  0.69813E+00    0.24914E+00    0.91361E+00    0.12312E+00
  0.92634E+00    0.49640E-01    0.84308E+00    0.12921E+00
  0.11202E+01    0.68867E-02    0.69160E+00    0.12048E+00
  0.12471E+01    0.30058E+00    0.76486E+00    0.11920E+00
  0.13395E+01    0.83207E-01    0.74508E+00    0.11780E+00
  0.21559E+01    0.22921E+00    0.68611E+00    0.12381E+00
  0.64961E-02    0.35240E+00    0.72495E+00    0.12305E+00
  0.29919E+00    0.38584E+00    0.73969E+00    0.12773E+00
  0.51380E+00    0.38867E+00    0.85419E+00    0.11552E+00
  0.73466E+00    0.46778E+00    0.77254E+00    0.11656E+00
  0.91666E+00    0.32954E+00    0.84061E+00    0.12091E+00
  0.14913E+01    0.34051E+00    0.78748E+00    0.12921E+00
  0.19090E+01    0.60372E+00    0.73157E+00    0.11688E+00
  0.19568E+01    0.38862E+00    0.79916E+00    0.11360E+00
  0.21590E+01    0.53137E+00    0.75244E+00    0.12967E+00
  0.13834E+00    0.88271E+00    0.69963E+00    0.12177E+00
  0.30038E-01    0.96140E+00    0.90287E+00    0.12160E+00
  0.49282E+00    0.71987E+00    0.71505E+00    0.13019E+00
  0.80548E+00    0.87682E+00    0.71339E+00    0.11539E+00
  0.90526E+00    0.67838E+00    0.81928E+00    0.12493E+00
  0.67428E+00    0.66672E+00    0.86427E+00    0.11068E+00
  0.11009E+01    0.92585E+00    0.71657E+00    0.12156E+00
  0.11489E+01    0.69094E+00    0.74661E+00    0.12008E+00
  0.13380E+01    0.96082E+00    0.72940E+00    0.11841E+00
  0.15830E+01    0.83439E+00    0.75828E+00    0.11293E+00
  0.14068E+01    0.68971E+00    0.79943E+00    0.11875E+00
  0.14797E+01    0.96493E+00    0.92011E+00    0.11924E+00
  0.15508E+00    0.11341E+01    0.70311E+00    0.13017E+00
  0.47155E-01    0.12098E+01    0.92558E+00    0.12844E+00
  0.29157E+00    0.98824E+00    0.85744E+00    0.12267E+00
  0.39337E+00    0.12252E+01    0.71929E+00    0.12548E+00
  0.57467E+00    0.10797E+01    0.80995E+00    0.12408E+00
  0.49150E+00    0.12644E+01    0.93304E+00    0.11296E+00
  0.78309E+00    0.11142E+01    0.67633E+00    0.12589E+00
  0.93144E+00    0.11915E+01    0.86278E+00    0.12460E+00
  0.71256E+00    0.11976E+01    0.97611E+00    0.12195E+00
  0.12105E+01    0.11733E+01    0.79818E+00    0.11898E+00
  0.15614E+01    0.10581E+01    0.71170E+00    0.11661E+00
  0.14416E+01    0.11975E+01    0.86504E+00    0.12277E+00
  0.17885E+01    0.12099E+01    0.65804E+00    0.11725E+00
  0.18614E+01    0.10342E+01    0.80086E+00    0.12060E+00
  0.21478E+01    0.11826E+01    0.80826E+00    0.11348E+00
  0.20174E+00    0.13665E+01    0.79888E+00    0.12556E+00
  0.26698E+00    0.16034E+01    0.86068E+00    0.12774E+00
  0.35571E-01    0.15249E+01    0.90048E+00    0.11983E+00
  0.44746E+00    0.14423E+01    0.80129E+00    0.11274E+00
  0.50456E+00    0.16064E+01    0.94742E+00    0.11432E+00
  0.81769E+00    0.13464E+01    0.72243E+00    0.11338E+00
  0.10419E+01    0.14094E+01    0.72865E+00    0.11955E+00
  0.12190E+01    0.14885E+01    0.85054E+00    0.10960E+00
  0.13374E+01    0.13519E+01    0.71825E+00    0.11439E+00
  0.14539E+01    0.15432E+01    0.80398E+00    0.12536E+00
  0.17052E+01    0.14274E+01    0.68838E+00    0.11762E+00
  0.18509E+01    0.15052E+01    0.84118E+00    0.10742E+00
  0.20418E+01    0.16239E+01    0.74484E+00    0.12081E+00
  0.22769E+01    0.14396E+01    0.78994E+00    0.12310E+00
  0.20455E+01    0.14027E+01    0.82146E+00    0.11338E+00
  0.35388E-01    0.17579E+01    0.77366E+00    0.11189E+00
  0.21041E+00    0.18353E+01    0.89176E+00    0.11296E+00
  0.46954E+00    0.16692E+01    0.71153E+00    0.13228E+00
  0.46916E+00    0.18905E+01    0.84256E+00    0.12488E+00
  0.67495E+00    0.19030E+01    0.69913E+00    0.11661E+00
  0.68894E+00    0.16350E+01    0.81680E+00    0.11345E+00
  0.89925E+00    0.18687E+01    0.80208E+00    0.13257E+00
  0.69275E+00    0.19118E+01    0.94327E+00    0.12127E+00
  0.10280E+01    0.16529E+01    0.74548E+00    0.12498E+00
  0.11286E+01    0.18177E+01    0.89877E+00    0.12151E+00
  0.15930E+01    0.18612E+01    0.68938E+00    0.11584E+00
  0.17174E+01    0.16628E+01    0.73813E+00    0.12341E+00
  0.18920E+01    0.18199E+01    0.80658E+00    0.12124E+00
  0.21867E+01    0.18563E+01    0.75061E+00    0.11372E+00
  0.16353E+00    0.21724E+01    0.65794E+00    0.13092E+00
  0.27962E+00    0.19739E+01    0.73096E+00    0.11037E+00
  0.87431E-01    0.20213E+01    0.83222E+00    0.11198E+00
  0.46214E+00    0.21363E+01    0.80071E+00    0.12462E+00
  0.94491E+00    0.20789E+01    0.91769E+00    0.11163E+00
  0.72951E+00    0.21360E+01    0.88166E+00    0.11411E+00
  0.12370E+01    0.19594E+01    0.72332E+00    0.12869E+00
  0.10828E+01    0.21723E+01    0.73651E+00    0.13448E+00
  0.14108E+01    0.22172E+01    0.68702E+00    0.11344E+00
  0.14825E+01    0.20318E+01    0.81801E+00    0.12466E+00
  0.17380E+01    0.20064E+01    0.80679E+00    0.12060E+00
  0.16651E+01    0.22777E+01    0.80737E+00    0.12408E+00
  0.19928E+01    0.20349E+01    0.80043E+00    0.11636E+00
  0.21920E+01    0.20120E+01    0.92312E+00    0.11872E+00
  0.18001E-01    0.10594E+01    0.11384E+01    0.13379E+00
  0.28324E+00    0.11809E+01    0.10122E+01    0.12458E+00
  0.49883E-01    0.13121E+01    0.11535E+01    0.12140E+00
