      1      1      1      4
  0.20808E-01    0.18549E+00    0.35372E-01    0.12736E+00
  0.26680E+00    0.18477E+00    0.23644E-01    0.11891E+00
  0.15563E+00    0.89688E-04    0.11562E+00    0.11552E+00
  0.17193E+00    0.16510E+00    0.28361E+00    0.12055E+00
      2      1      1      4
  0.49531E+00    0.23161E+00    0.27648E-01    0.11439E+00
  0.36456E+00    0.29509E+00    0.21430E+00    0.12197E+00
  0.41617E+00    0.49270E-01    0.15139E+00    0.11982E+00
  0.62597E+00    0.14652E+00    0.24038E+00    0.12798E+00
      3      1      1      3
  0.97339E+00    0.10440E+00    0.46422E-01    0.12773E+00
  0.72220E+00    0.70412E-01    0.16247E-01    0.12754E+00
  0.85091E+00    0.38586E-01    0.25359E+00    0.12187E+00
      4      1      1      3
  0.12320E+01    0.14781E+00    0.30384E-01    0.12517E+00
  0.11338E+01    0.23849E-01    0.22302E+00    0.12408E+00
  0.10091E+01    0.22219E+00    0.31979E+00    0.12940E+00
      5      1      1      4
  0.14485E+01    0.28063E+00    0.43947E-02    0.13017E+00
  0.15504E+01    0.53808E-01    0.32447E-01    0.12008E+00
  0.15802E+01    0.92398E-01    0.26511E+00    0.11768E+00
  0.13716E+01    0.19405E+00    0.22405E+00    0.11805E+00
      6      1      1      3
  0.17815E+01    0.12372E+00    0.27793E-01    0.12140E+00
  0.16460E+01    0.27368E+00    0.14242E+00    0.11096E+00
  0.17912E+01    0.21615E-01    0.23216E+00    0.10729E+00
      7      1      1      5
  0.19905E+01    0.98657E-02    0.22601E-01    0.11664E+00
  0.21489E+01    0.27578E+00    0.24918E-01    0.13458E+00
  0.22236E+01    0.43947E-02    0.26306E-01    0.11656E+00
  0.19619E+01    0.18806E+00    0.19640E+00    0.13379E+00
  0.21540E+01    0.44839E-01    0.23725E+00    0.10928E+00
      1      2      1      4
  0.77580E-01    0.42611E+00    0.22870E-01    0.12018E+00
  0.21499E+00    0.62821E+00    0.32507E-01    0.12450E+00
  0.27803E-02    0.33489E+00    0.23635E+00    0.12373E+00
  0.48095E-01    0.57989E+00    0.21001E+00    0.12389E+00
      2      2      1      3
  0.51016E+00    0.60918E+00    0.46588E-01    0.13165E+00
  0.64340E+00    0.38801E+00    0.14658E+00    0.13172E+00
  0.34280E+00    0.53371E+00    0.21525E+00    0.11770E+00
      3      2      1      4
  0.77060E+00    0.57329E+00    0.33185E-02    0.13480E+00
  0.84169E+00    0.33962E+00    0.17401E-01    0.10985E+00
  0.87900E+00    0.64580E+00    0.21302E+00    0.11221E+00
  0.90971E+00    0.42039E+00    0.21624E+00    0.11532E+00
      4      2      1      4
  0.10716E+01    0.33208E+00    0.31570E-01    0.12065E+00
  0.12793E+01    0.46067E+00    0.36385E-01    0.11898E+00
  0.10269E+01    0.57286E+00    0.43190E-01    0.12460E+00
  0.11359E+01    0.45565E+00    0.21955E+00    0.11366E+00
      5      2      1      4
  0.15987E+01    0.46787E+00    0.33323E-01    0.11163E+00
  0.16047E+01    0.60687E+00    0.21174E+00    0.11468E+00
  0.14466E+01    0.43182E+00    0.19670E+00    0.11453E+00
  0.13081E+01    0.57947E+00    0.30928E+00    0.11719E+00
      6      2      1      3
  0.18090E+01    0.39391E+00    0.49507E-01    0.11189E+00
  0.18385E+01    0.55937E+00    0.21479E+00    0.12389E+00
  0.17930E+01    0.33971E+00    0.30484E+00    0.11782E+00
      7      2      1      3
  0.20738E+01    0.51489E+00    0.45942E-01    0.11693E+00
  0.21841E+01    0.61358E+00    0.24772E+00    0.13327E+00
  0.20246E+01    0.41717E+00    0.29889E+00    0.12494E+00
      1      3      1      2
  0.13906E+00    0.85767E+00    0.45730E-01    0.11940E+00
  0.15572E+00    0.78611E+00    0.26952E+00    0.11621E+00
      2      3      1      3
  0.54261E+00    0.90621E+00    0.29956E-01    0.11296E+00
  0.35818E+00    0.80267E+00    0.13927E+00    0.12517E+00
  0.48250E+00    0.69329E+00    0.31658E+00    0.11744E+00
      3      3      1      3
  0.88344E+00    0.79423E+00    0.40020E-01    0.11602E+00
  0.97078E+00    0.97911E+00    0.18337E+00    0.11656E+00
  0.67260E+00    0.76527E+00    0.17744E+00    0.12894E+00
      4      3      1      3
  0.11353E+01    0.88746E+00    0.27881E-01    0.12773E+00
  0.12260E+01    0.68192E+00    0.11835E+00    0.11453E+00
  0.11327E+01    0.83312E+00    0.26609E+00    0.11662E+00
      5      3      1      3
  0.14491E+01    0.66836E+00    0.47084E-01    0.12008E+00
  0.15292E+01    0.94605E+00    0.41925E-01    0.12941E+00
  0.14642E+01    0.80988E+00    0.23468E+00    0.11539E+00
      6      3      1      5
  0.19367E+01    0.71108E+00    0.47516E-01    0.12238E+00
  0.16841E+01    0.74219E+00    0.27969E-01    0.12702E+00
  0.17736E+01    0.96724E+00    0.46579E-01    0.11593E+00
  0.16951E+01    0.86291E+00    0.24519E+00    0.12179E+00
  0.19257E+01    0.79536E+00    0.27481E+00    0.12034E+00
      7      3      1      3
  0.22626E+01    0.76926E+00    0.48521E-01    0.13154E+00
  0.20249E+01    0.93335E+00    0.29022E-01    0.11762E+00
  0.21623E+01    0.92308E+00    0.23429E+00    0.12967E+00
      1      4      1      4
  0.14843E+00    0.10903E+01    0.45831E-01    0.11163E+00
  0.44645E-01    0.98574E+00    0.21971E+00    0.11636E+00
  0.13453E-02    0.12236E+01    0.24217E+00    0.12646E+00
  0.27468E+00    0.10539E+01    0.24221E+00    0.12470E+00
      2      4      1      5
  0.55723E+00    0.13047E+01    0.18386E-01    0.12888E+00
  0.36632E+00    0.10565E+01    0.26564E-01    0.10970E+00
  0.54671E+00    0.10976E+01    0.16581E+00    0.12187E+00
  0.33473E+00    0.12632E+01    0.12338E+00    0.12071E+00
  0.57986E+00    0.13055E+01    0.29450E+00    0.12494E+00
      3      4      1      5
  0.77724E+00    0.10061E+01    0.47838E-01    0.12113E+00
  0.94995E+00    0.11645E+01    0.49245E-01    0.11296E+00
  0.74955E+00    0.12208E+01    0.14532E+00    0.11635E+00
  0.75066E+00    0.10254E+01    0.29910E+00    0.13228E+00
  0.94379E+00    0.12373E+01    0.25946E+00    0.10960E+00
      4      4      1      3
  0.11758E+01    0.11270E+01    0.46960E-01    0.11595E+00
  0.11358E+01    0.13039E+01    0.17955E+00    0.10881E+00
  0.11455E+01    0.11021E+01    0.29515E+00    0.12460E+00
      5      4      1      3
  0.13168E+01    0.98147E+00    0.16840E+00    0.12033E+00
  0.15819E+01    0.12762E+01    0.14923E-01    0.13448E+00
  0.14155E+01    0.11920E+01    0.24432E+00    0.12429E+00
      6      4      1      2
  0.16489E+01    0.11069E+01    0.20325E+00    0.12754E+00
  0.19227E+01    0.10390E+01    0.22603E+00    0.12820E+00
      7      4      1      4
  0.19635E+01    0.11671E+01    0.11929E-01    0.12466E+00
  0.21935E+01    0.12553E+01    0.46126E-01    0.12414E+00
  0.22378E+01    0.10105E+01    0.25561E-01    0.10889E+00
  0.22779E+01    0.11514E+01    0.25924E+00    0.12754E+00
      1      5      1      4
  0.11182E+00    0.13239E+01    0.39960E-01    0.12493E+00
  0.14260E-01    0.15450E+01    0.36724E-01    0.11669E+00
  0.21828E+00    0.15135E+01    0.16289E+00    0.12493E+00
  0.41335E-01    0.14495E+01    0.30665E+00    0.11189E+00
      2      5      1      1
  0.56332E+00    0.15088E+01    0.15987E+00    0.11955E+00
      3      5      1      2
  0.85096E+00    0.15886E+01    0.49617E-01    0.11816E+00
  0.83110E+00    0.14245E+01    0.20989E+00    0.11241E+00
      4      5      1      2
  0.11849E+01    0.15062E+01    0.33960E-01    0.11439E+00
  0.98332E+00    0.13962E+01    0.43657E-01    0.11542E+00
      5      5      1      4
  0.15510E+01    0.15804E+01    0.65472E-02    0.12311E+00
  0.13272E+01    0.13142E+01    0.45962E-01    0.12488E+00
  0.13774E+01    0.15206E+01    0.15996E+00    0.11621E+00
  0.15876E+01    0.14383E+01    0.20247E+00    0.11348E+00
      6      5      1      3
  0.17630E+01    0.14622E+01    0.46687E-01    0.12238E+00
  0.19357E+01    0.13481E+01    0.17968E+00    0.12372E+00
  0.17861E+01    0.14878E+01    0.29355E+00    0.11055E+00
      7      5      1      3
  0.20724E+01    0.14709E+01    0.25794E-01    0.11595E+00
  0.21915E+01    0.14228E+01    0.22282E+00    0.11929E+00
  0.20089E+01    0.15641E+01    0.24018E+00    0.11234E+00
      1      6      1      4
  0.98249E-01    0.18001E+01    0.16786E-01    0.11725E+00
  0.13094E-01    0.19103E+01    0.19881E+00    0.11194E+00
  0.24015E+00    0.19023E+01    0.17247E+00    0.11685E+00
  0.57836E-01    0.16864E+01    0.21773E+00    0.11720E+00
      2      6      1      4
  0.63582E+00    0.16968E+01    0.22919E-01    0.12408E+00
  0.39535E+00    0.16401E+01    0.47026E-01    0.12173E+00
  0.56418E+00    0.18490E+01    0.19661E+00    0.11775E+00
  0.43123E+00    0.16694E+01    0.28889E+00    0.12462E+00
      3      6      1      2
  0.83930E+00    0.18496E+01    0.15068E-01    0.13063E+00
  0.77031E+00    0.17295E+01    0.22462E+00    0.12060E+00
      4      6      1      6
  0.11280E+01    0.18731E+01    0.27134E-01    0.12220E+00
  0.12913E+01    0.17055E+01    0.22960E-01    0.11183E+00
  0.10571E+01    0.16714E+01    0.16391E+00    0.13165E+00
  0.12953E+01    0.18707E+01    0.19811E+00    0.11705E+00
  0.10913E+01    0.18683E+01    0.30718E+00    0.11436E+00
  0.12627E+01    0.16643E+01    0.30347E+00    0.11705E+00
      5      6      1      2
  0.14631E+01    0.18603E+01    0.31627E-01    0.11958E+00
  0.15052E+01    0.17169E+01    0.22884E+00    0.12788E+00
      6      6      1      4
  0.18258E+01    0.18705E+01    0.24754E-01    0.11096E+00
  0.16515E+01    0.19102E+01    0.17267E+00    0.12105E+00
  0.19311E+01    0.16650E+01    0.44927E-01    0.12082E+00
  0.17500E+01    0.16949E+01    0.20003E+00    0.11958E+00
      7      6      1      4
  0.21584E+01    0.17222E+01    0.42243E-01    0.11367E+00
  0.22762E+01    0.19009E+01    0.12122E+00    0.11453E+00
  0.20089E+01    0.18606E+01    0.18055E+00    0.12964E+00
  0.22067E+01    0.17853E+01    0.31343E+00    0.12033E+00
      1      7      1      4
  0.25741E-01    0.20130E+01    0.48432E-02    0.10794E+00
  0.22556E+00    0.21228E+01    0.40650E-01    0.12295E+00
  0.49103E-01    0.22387E+01    0.15699E+00    0.11816E+00
  0.13977E+00    0.20726E+01    0.29047E+00    0.11343E+00
      2      7      1      5
  0.42674E+00    0.19665E+01    0.46170E-01    0.11750E+00
  0.45109E+00    0.22018E+01    0.46193E-01    0.11527E+00
  0.36553E+00    0.20938E+01    0.23230E+00    0.11631E+00
  0.59763E+00    0.20699E+01    0.15420E+00    0.10960E+00
  0.55442E+00    0.22348E+01    0.31303E+00    0.12342E+00
      3      7      1      3
  0.79073E+00    0.20872E+01    0.44372E-01    0.11348E+00
  0.97420E+00    0.19923E+01    0.15797E+00    0.11225E+00
  0.78956E+00    0.20623E+01    0.27235E+00    0.11595E+00
      4      7      1      4
  0.10417E+01    0.21627E+01    0.31839E-01    0.11031E+00
  0.12553E+01    0.20782E+01    0.44145E-01    0.11972E+00
  0.12802E+01    0.22568E+01    0.19488E+00    0.11539E+00
  0.11093E+01    0.21234E+01    0.31216E+00    0.13114E+00
      5      7      1      3
  0.14340E+01    0.22490E+01    0.15808E-01    0.12082E+00
  0.14528E+01    0.20501E+01    0.18110E+00    0.12223E+00
  0.15718E+01    0.22330E+01    0.29443E+00    0.12367E+00
      6      7      1      3
  0.16330E+01    0.21274E+01    0.48376E-01    0.11466E+00
  0.17906E+01    0.22151E+01    0.19466E+00    0.11762E+00
  0.18236E+01    0.20089E+01    0.31813E+00    0.12498E+00
      7      7      1      4
  0.20866E+01    0.20095E+01    0.70854E-02    0.11185E+00
  0.19679E+01    0.22077E+01    0.31334E-01    0.12305E+00
  0.22279E+01    0.21252E+01    0.14333E+00    0.11605E+00
  0.20212E+01    0.20943E+01    0.22668E+00    0.10901E+00
      1      1      2      3
  0.41439E-01    0.24902E+00    0.45910E+00    0.11372E+00
  0.14718E+00    0.47768E-01    0.50094E+00    0.11744E+00
  0.30522E+00    0.23761E+00    0.50837E+00    0.11135E+00
      2      1      2      3
  0.35745E+00    0.48616E-01    0.38445E+00    0.12060E+00
  0.59432E+00    0.24680E+00    0.50411E+00    0.12054E+00
  0.48424E+00    0.49476E-01    0.59043E+00    0.12134E+00
      3      1      2      4
  0.75745E+00    0.31592E+00    0.35132E+00    0.11348E+00
  0.70471E+00    0.33147E-01    0.45281E+00    0.12536E+00
  0.86544E+00    0.20037E+00    0.51658E+00    0.11527E+00
  0.97069E+00    0.45965E-01    0.64998E+00    0.11432E+00
      4      1      2      2
  0.11168E+01    0.49905E-01    0.46588E+00    0.12081E+00
  0.10812E+01    0.31876E+00    0.54685E+00    0.12769E+00
      5      1      2      4
  0.13924E+01    0.26817E-01    0.38234E+00    0.11322E+00
  0.13119E+01    0.30630E-01    0.59408E+00    0.11344E+00
  0.14521E+01    0.22175E+00    0.47236E+00    0.10970E+00
  0.15787E+01    0.30315E-01    0.54462E+00    0.13095E+00
      6      1      2      3
  0.17503E+01    0.14068E+00    0.41214E+00    0.11234E+00
  0.19213E+01    0.27781E+00    0.49980E+00    0.12373E+00
  0.18738E+01    0.15426E-01    0.58184E+00    0.13206E+00
      7      1      2      3
  0.22356E+01    0.18745E-01    0.45227E+00    0.12220E+00
  0.21185E+01    0.21645E+00    0.38468E+00    0.11274E+00
  0.19770E+01    0.97760E-02    0.36255E+00    0.11038E+00
      1      2      2      4
  0.20360E+00    0.40455E+00    0.37067E+00    0.12774E+00
  0.43787E-01    0.57781E+00    0.45712E+00    0.12332E+00
  0.28025E+00    0.64726E+00    0.43972E+00    0.12381E+00
  0.31301E-01    0.40783E+00    0.61730E+00    0.11067E+00
      2      2      2      3
  0.47994E+00    0.42966E+00    0.38651E+00    0.12517E+00
  0.58253E+00    0.57848E+00    0.57291E+00    0.13448E+00
  0.32946E+00    0.45426E+00    0.57358E+00    0.11624E+00
      3      2      2      3
  0.68908E+00    0.56210E+00    0.33374E+00    0.12794E+00
  0.90031E+00    0.49268E+00    0.43705E+00    0.11724E+00
  0.75838E+00    0.39508E+00    0.60211E+00    0.12134E+00
      4      2      2      4
  0.10612E+01    0.62938E+00    0.34480E+00    0.11325E+00
  0.12744E+01    0.35041E+00    0.38494E+00    0.12646E+00
  0.11989E+01    0.54958E+00    0.53118E+00    0.13191E+00
  0.98353E+00    0.53257E+00    0.64969E+00    0.11459E+00
      5      2      2      2
  0.15147E+01    0.51149E+00    0.40858E+00    0.12192E+00
  0.13269E+01    0.34526E+00    0.63756E+00    0.13165E+00
      6      2      2      2
  0.16506E+01    0.33227E+00    0.49314E+00    0.11839E+00
  0.17845E+01    0.51782E+00    0.58436E+00    0.12794E+00
      7      2      2      4
  0.22662E+01    0.41594E+00    0.38623E+00    0.12169E+00
  0.19653E+01    0.61630E+00    0.43762E+00    0.12495E+00
  0.20941E+01    0.44266E+00    0.55607E+00    0.12160E+00
  0.22727E+01    0.60144E+00    0.56946E+00    0.11778E+00
      1      3      2      3
  0.29676E+00    0.89394E+00    0.43085E+00    0.12368E+00
  0.49315E-01    0.86204E+00    0.46346E+00    0.11770E+00
  0.14284E+00    0.71917E+00    0.61941E+00    0.11360E+00
      2      3      2      2
  0.52017E+00    0.92774E+00    0.33721E+00    0.12095E+00
  0.49399E+00    0.88301E+00    0.58039E+00    0.12408E+00
      3      3      2      3
  0.90152E+00    0.82970E+00    0.35462E+00    0.12103E+00
  0.68164E+00    0.78410E+00    0.45212E+00    0.12381E+00
  0.83701E+00    0.90052E+00    0.60269E+00    0.12197E+00
      4      3      2      3
  0.11876E+01    0.93693E+00    0.47647E+00    0.12433E+00
  0.10328E+01    0.75100E+00    0.55284E+00    0.12942E+00
  0.12602E+01    0.76137E+00    0.64415E+00    0.11588E+00
      5      3      2      2
  0.13434E+01    0.76663E+00    0.43381E+00    0.11038E+00
  0.15379E+01    0.70973E+00    0.55640E+00    0.12646E+00
      6      3      2      2
  0.17289E+01    0.67788E+00    0.40048E+00    0.12220E+00
  0.18386E+01    0.82868E+00    0.55038E+00    0.11705E+00
      7      3      2      3
  0.20179E+01    0.94874E+00    0.44195E+00    0.12458E+00
  0.22283E+01    0.78315E+00    0.42694E+00    0.11744E+00
  0.20669E+01    0.76864E+00    0.60073E+00    0.12024E+00
      1      4      2      3
  0.11050E+00    0.10919E+01    0.42430E+00    0.12341E+00
  0.26877E+00    0.10606E+01    0.60883E+00    0.12173E+00
  0.34452E-01    0.11239E+01    0.65145E+00    0.11827E+00
      2      4      2      2
  0.42948E+00    0.11449E+01    0.42161E+00    0.12915E+00
  0.64739E+00    0.10725E+01    0.52979E+00    0.12490E+00
      3      4      2      3
  0.78043E+00    0.12442E+01    0.41940E+00    0.11920E+00
  0.95378E+00    0.10682E+01    0.45733E+00    0.12880E+00
  0.83269E+00    0.11778E+01    0.63581E+00    0.11317E+00
      4      4      2      2
  0.10781E+01    0.12915E+01    0.44652E+00    0.12702E+00
  0.13007E+01    0.11929E+01    0.45598E+00    0.11655E+00
      5      4      2      4
  0.14206E+01    0.98879E+00    0.39406E+00    0.12820E+00
  0.15789E+01    0.11922E+01    0.42019E+00    0.11584E+00
  0.15576E+01    0.10366E+01    0.58728E+00    0.11348E+00
  0.13323E+01    0.10469E+01    0.63569E+00    0.11727E+00
      6      4      2      3
  0.18027E+01    0.12348E+01    0.35235E+00    0.12197E+00
  0.17370E+01    0.10131E+01    0.43433E+00    0.12342E+00
  0.19095E+01    0.11444E+01    0.55630E+00    0.12536E+00
      7      4      2      2
  0.20518E+01    0.12156E+01    0.35927E+00    0.12790E+00
  0.22319E+01    0.10567E+01    0.48139E+00    0.11829E+00
      1      5      2      3
  0.42512E-01    0.13176E+01    0.50386E+00    0.12536E+00
  0.29318E+00    0.13131E+01    0.57219E+00    0.13458E+00
  0.19715E+00    0.15388E+01    0.56192E+00    0.11096E+00
      2      5      2      3
  0.34912E+00    0.13881E+01    0.33219E+00    0.12311E+00
  0.48204E+00    0.15254E+01    0.47139E+00    0.11338E+00
  0.64954E+00    0.13912E+01    0.54127E+00    0.11234E+00
      3      5      2      3
  0.69400E+00    0.15422E+01    0.36375E+00    0.12494E+00
  0.93905E+00    0.15660E+01    0.36120E+00    0.12127E+00
  0.89081E+00    0.14140E+01    0.53242E+00    0.11275E+00
      4      5      2      3
  0.12463E+01    0.14306E+01    0.33326E+00    0.11904E+00
  0.11442E+01    0.15802E+01    0.49784E+00    0.12571E+00
  0.10789E+01    0.14132E+01    0.64679E+00    0.10742E+00
      5      5      2      3
  0.15933E+01    0.15606E+01    0.40671E+00    0.12470E+00
  0.14442E+01    0.13775E+01    0.44557E+00    0.11466E+00
  0.13155E+01    0.14525E+01    0.64270E+00    0.13246E+00
      6      5      2      2
  0.17576E+01    0.15824E+01    0.58964E+00    0.12214E+00
  0.17055E+01    0.13502E+01    0.54220E+00    0.12055E+00
      7      5      2      4
  0.19632E+01    0.14299E+01    0.41099E+00    0.10970E+00
  0.21653E+01    0.15741E+01    0.40060E+00    0.11189E+00
  0.21285E+01    0.13536E+01    0.54723E+00    0.11770E+00
  0.20045E+01    0.15942E+01    0.57422E+00    0.12560E+00
      1      6      2      3
  0.15068E-01    0.16353E+01    0.44938E+00    0.12388E+00
  0.24254E+00    0.17330E+01    0.43768E+00    0.12400E+00
  0.44541E-01    0.18425E+01    0.56761E+00    0.11656E+00
      2      6      2      3
  0.40224E+00    0.19005E+01    0.36210E+00    0.11945E+00
  0.62413E+00    0.17653E+01    0.40172E+00    0.11185E+00
  0.45577E+00    0.17433E+01    0.56981E+00    0.12713E+00
      3      6      2      3
  0.87010E+00    0.18730E+01    0.39576E+00    0.12400E+00
  0.81018E+00    0.16778E+01    0.54655E+00    0.13066E+00
  0.71984E+00    0.19115E+01    0.58837E+00    0.12342E+00
      4      6      2      1
  0.12344E+01    0.17778E+01    0.62116E+00    0.12412E+00
      5      6      2      3
  0.14639E+01    0.19124E+01    0.39325E+00    0.13095E+00
  0.14075E+01    0.16907E+01    0.48204E+00    0.11439E+00
  0.15438E+01    0.18867E+01    0.61762E+00    0.10865E+00
      6      6      2      3
  0.19130E+01    0.17325E+01    0.38239E+00    0.12798E+00
  0.16966E+01    0.18347E+01    0.45332E+00    0.12173E+00
  0.18704E+01    0.18032E+01    0.63182E+00    0.12940E+00
      7      6      2      1
  0.20877E+01    0.18570E+01    0.51388E+00    0.12368E+00
      1      7      2      2
  0.21030E+00    0.19619E+01    0.47067E+00    0.10952E+00
  0.35439E-01    0.21227E+01    0.49826E+00    0.12451E+00
      2      7      2      4
  0.60338E+00    0.20179E+01    0.40611E+00    0.11761E+00
  0.35920E+00    0.21866E+01    0.44843E+00    0.11904E+00
  0.58740E+00    0.22053E+01    0.55434E+00    0.12192E+00
  0.43867E+00    0.19980E+01    0.58835E+00    0.12888E+00
      3      7      2      2
  0.90444E+00    0.21705E+01    0.44315E+00    0.11662E+00
  0.79405E+00    0.21312E+01    0.64258E+00    0.11470E+00
      4      7      2      2
  0.10654E+01    0.19770E+01    0.52951E+00    0.13458E+00
  0.11811E+01    0.21663E+01    0.64774E+00    0.11688E+00
      5      7      2      3
  0.13491E+01    0.21340E+01    0.38191E+00    0.11884E+00
  0.15482E+01    0.20949E+01    0.53503E+00    0.11539E+00
  0.13101E+01    0.19953E+01    0.56378E+00    0.11322E+00
      6      7      2      3
  0.19250E+01    0.22201E+01    0.39337E+00    0.12095E+00
  0.17103E+01    0.22558E+01    0.49035E+00    0.11744E+00
  0.17741E+01    0.20382E+01    0.55446E+00    0.11831E+00
      7      7      2      2
  0.22020E+01    0.20290E+01    0.36757E+00    0.12940E+00
  0.20179E+01    0.20892E+01    0.60725E+00    0.13627E+00
      1      1      3      5
  0.49338E-01    0.17080E+00    0.68031E+00    0.12106E+00
  0.24490E+00    0.37223E-01    0.71517E+00    0.11832E+00
  0.26009E+00    0.28639E+00    0.73585E+00    0.12568E+00
  0.14623E+00    0.14791E+00    0.88905E+00    0.11021E+00
  0.32177E+00    0.18745E-01    0.97237E+00    0.12312E+00
      2      1      3      2
  0.53676E+00    0.39781E-01    0.83757E+00    0.13154E+00
  0.44981E+00    0.26707E+00    0.88480E+00    0.11635E+00
      3      1      3      4
  0.92238E+00    0.27758E+00    0.72680E+00    0.11588E+00
  0.71052E+00    0.12879E+00    0.67874E+00    0.12014E+00
  0.79368E+00    0.41880E-01    0.90171E+00    0.13327E+00
  0.75097E+00    0.29368E+00    0.89137E+00    0.12233E+00
      4      1      3      3
  0.11608E+01    0.15666E+00    0.70498E+00    0.11242E+00
  0.10506E+01    0.35386E-01    0.87017E+00    0.12023E+00
  0.10236E+01    0.26067E+00    0.93416E+00    0.11552E+00
      5      1      3      3
  0.15535E+01    0.23659E+00    0.69652E+00    0.12651E+00
  0.13670E+01    0.11779E+00    0.80300E+00    0.11958E+00
  0.15072E+01    0.10763E-02    0.95960E+00    0.12082E+00
      6      1      3      5
  0.16544E+01    0.33199E-01    0.77840E+00    0.11485E+00
  0.18041E+01    0.22525E+00    0.71265E+00    0.12488E+00
  0.19361E+01    0.45069E-01    0.83377E+00    0.12921E+00
  0.16406E+01    0.31191E+00    0.91471E+00    0.12024E+00
  0.18731E+01    0.25796E+00    0.94861E+00    0.12082E+00
      7      1      3      3
  0.21714E+01    0.57400E-02    0.69387E+00    0.12820E+00
  0.20752E+01    0.23780E+00    0.68858E+00    0.12311E+00
  0.21677E+01    0.41795E-01    0.94729E+00    0.12788E+00
      1      2      3      4
  0.18444E+00    0.52546E+00    0.75368E+00    0.12574E+00
  0.26458E-01    0.35539E+00    0.84608E+00    0.12410E+00
  0.49144E-01    0.62228E+00    0.93029E+00    0.11697E+00
  0.24151E+00    0.39353E+00    0.95705E+00    0.12082E+00
      2      2      3      2
  0.51142E+00    0.36899E+00    0.68705E+00    0.11455E+00
  0.40847E+00    0.50720E+00    0.83713E+00    0.11403E+00
      3      2      3      2
  0.67020E+00    0.50241E+00    0.79917E+00    0.11983E+00
  0.93282E+00    0.60121E+00    0.87148E+00    0.12314E+00
      4      2      3      2
  0.11255E+01    0.39785E+00    0.77515E+00    0.11795E+00
  0.11748E+01    0.56878E+00    0.95461E+00    0.13480E+00
      5      2      3      4
  0.15488E+01    0.48541E+00    0.66745E+00    0.12410E+00
  0.16107E+01    0.56398E+00    0.90505E+00    0.13379E+00
  0.13362E+01    0.56750E+00    0.75663E+00    0.12065E+00
  0.13970E+01    0.36353E+00    0.88914E+00    0.13017E+00
      6      2      3      2
  0.18096E+01    0.44308E+00    0.81497E+00    0.11584E+00
  0.18993E+01    0.61693E+00    0.94947E+00    0.12160E+00
      7      2      3      3
  0.19822E+01    0.57851E+00    0.72406E+00    0.12169E+00
  0.22658E+01    0.42137E+00    0.72811E+00    0.12238E+00
  0.20665E+01    0.40142E+00    0.88072E+00    0.12940E+00
      1      3      3      2
  0.25471E-01    0.89515E+00    0.72038E+00    0.12082E+00
  0.20821E+00    0.78802E+00    0.84857E+00    0.12685E+00
      2      3      3      4
  0.37269E+00    0.68873E+00    0.68290E+00    0.12685E+00
  0.39818E+00    0.96248E+00    0.80696E+00    0.13448E+00
  0.59034E+00    0.76921E+00    0.77904E+00    0.12433E+00
  0.42056E+00    0.71281E+00    0.93981E+00    0.11621E+00
      3      3      3      2
  0.79532E+00    0.67295E+00    0.68126E+00    0.12236E+00
  0.79923E+00    0.80529E+00    0.90723E+00    0.12342E+00
      4      3      3      2
  0.10805E+01    0.77979E+00    0.79639E+00    0.12045E+00
  0.12293E+01    0.87450E+00    0.94764E+00    0.11196E+00
      5      3      3      2
  0.14629E+01    0.87431E+00    0.71219E+00    0.11225E+00
  0.14228E+01    0.74279E+00    0.90630E+00    0.12568E+00
      6      3      3      3
  0.17207E+01    0.71514E+00    0.72751E+00    0.12410E+00
  0.16488E+01    0.91623E+00    0.83991E+00    0.11724E+00
  0.19002E+01    0.97204E+00    0.96967E+00    0.12773E+00
      7      3      3      3
  0.19658E+01    0.79852E+00    0.81186E+00    0.11577E+00
  0.22272E+01    0.71402E+00    0.78771E+00    0.13206E+00
  0.21467E+01    0.95601E+00    0.81146E+00    0.12410E+00
      1      4      3      3
  0.20736E+00    0.11850E+01    0.81902E+00    0.13017E+00
  0.22512E-01    0.10459E+01    0.90271E+00    0.11580E+00
  0.41257E-02    0.12764E+01    0.92455E+00    0.11647E+00
      2      4      3      2
  0.47531E+00    0.11679E+01    0.67666E+00    0.12072E+00
  0.53635E+00    0.11456E+01    0.92478E+00    0.12342E+00
      3      4      3      4
  0.70224E+00    0.10264E+01    0.77456E+00    0.13019E+00
  0.66824E+00    0.13017E+01    0.76632E+00    0.13066E+00
  0.92509E+00    0.10116E+01    0.88550E+00    0.11924E+00
  0.83351E+00    0.12228E+01    0.93037E+00    0.11527E+00
      4      4      3      4
  0.12062E+01    0.12340E+01    0.67685E+00    0.11453E+00
  0.10530E+01    0.99311E+00    0.67839E+00    0.12488E+00
  0.10054E+01    0.12033E+01    0.78052E+00    0.11360E+00
  0.12166E+01    0.10692E+01    0.83431E+00    0.11367E+00
      5      4      3      3
  0.14174E+01    0.12242E+01    0.74404E+00    0.10729E+00
  0.15987E+01    0.12251E+01    0.88742E+00    0.12388E+00
  0.13811E+01    0.11621E+01    0.96235E+00    0.11466E+00
      6      4      3      3
  0.17123E+01    0.11679E+01    0.68776E+00    0.11289E+00
  0.18465E+01    0.98312E+00    0.72892E+00    0.11920E+00
  0.19479E+01    0.11771E+01    0.83313E+00    0.12331E+00
      7      4      3      2
  0.21250E+01    0.11519E+01    0.67004E+00    0.11849E+00
  0.21823E+01    0.11803E+01    0.90961E+00    0.12331E+00
      1      5      3      4
  0.48894E-01    0.15898E+01    0.71944E+00    0.11135E+00
  0.19885E+00    0.14275E+01    0.77469E+00    0.11649E+00
  0.82513E-02    0.16005E+01    0.95175E+00    0.12478E+00
  0.30577E+00    0.16045E+01    0.86743E+00    0.11017E+00
      2      5      3      3
  0.38828E+00    0.15167E+01    0.67836E+00    0.11402E+00
  0.41441E+00    0.13419E+01    0.83713E+00    0.12370E+00
  0.58519E+00    0.15042E+01    0.87947E+00    0.11577E+00
      3      5      3      2
  0.81522E+00    0.15078E+01    0.73656E+00    0.12433E+00
  0.83760E+00    0.16246E+01    0.95487E+00    0.12429E+00
      4      5      3      2
  0.10319E+01    0.14862E+01    0.86746E+00    0.12975E+00
  0.12747E+01    0.13490E+01    0.86907E+00    0.11982E+00
      5      5      3      2
  0.15553E+01    0.14104E+01    0.72690E+00    0.12511E+00
  0.14588E+01    0.14949E+01    0.95250E+00    0.12941E+00
      6      5      3      4
  0.19169E+01    0.13756E+01    0.67616E+00    0.13110E+00
  0.18888E+01    0.16146E+01    0.77902E+00    0.11055E+00
  0.19113E+01    0.14324E+01    0.92441E+00    0.12370E+00
  0.16802E+01    0.15690E+01    0.86546E+00    0.11980E+00
      7      5      3      2
  0.21949E+01    0.15163E+01    0.70255E+00    0.11685E+00
  0.20891E+01    0.16036E+01    0.90084E+00    0.12424E+00
      1      6      3      3
  0.23063E+00    0.17416E+01    0.68862E+00    0.12744E+00
  0.11839E-01    0.18005E+01    0.80948E+00    0.12072E+00
  0.21782E+00    0.18402E+01    0.90314E+00    0.10901E+00
      2      6      3      2
  0.63178E+00    0.16615E+01    0.71593E+00    0.11588E+00
  0.45381E+00    0.18505E+01    0.80627E+00    0.13257E+00
      3      6      3      2
  0.84144E+00    0.19561E+01    0.80369E+00    0.12790E+00
  0.67996E+00    0.17980E+01    0.89812E+00    0.11685E+00
      4      6      3      4
  0.10194E+01    0.16741E+01    0.69482E+00    0.12577E+00
  0.10846E+01    0.19007E+01    0.77498E+00    0.12327E+00
  0.11238E+01    0.17091E+01    0.90538E+00    0.11185E+00
  0.12079E+01    0.19061E+01    0.97798E+00    0.11436E+00
      5      6      3      3
  0.15387E+01    0.16590E+01    0.68318E+00    0.12794E+00
  0.13235E+01    0.16452E+01    0.80609E+00    0.12028E+00
  0.14551E+01    0.18444E+01    0.88149E+00    0.13020E+00
      6      6      3      2
  0.16809E+01    0.18285E+01    0.78538E+00    0.11577E+00
  0.18497E+01    0.17742E+01    0.93703E+00    0.11782E+00
      7      6      3      2
  0.21786E+01    0.17581E+01    0.72488E+00    0.12650E+00
  0.20627E+01    0.18678E+01    0.90831E+00    0.11669E+00
      1      7      3      3
  0.20808E-01    0.20211E+01    0.71823E+00    0.11827E+00
  0.25821E+00    0.20211E+01    0.76304E+00    0.12341E+00
  0.67266E-02    0.21395E+01    0.93022E+00    0.12498E+00
      2      7      3      3
  0.41199E+00    0.22073E+01    0.72285E+00    0.12138E+00
  0.61144E+00    0.20437E+01    0.76233E+00    0.12055E+00
  0.43462E+00    0.20707E+01    0.91061E+00    0.11189E+00
      3      7      3      2
  0.97537E+00    0.22535E+01    0.75458E+00    0.13110E+00
  0.73136E+00    0.21146E+01    0.95550E+00    0.11770E+00
      4      7      3      2
  0.12966E+01    0.20114E+01    0.79256E+00    0.11656E+00
  0.10181E+01    0.20774E+01    0.92832E+00    0.12004E+00
      5      7      3      4
  0.14102E+01    0.21940E+01    0.69647E+00    0.11902E+00
  0.16278E+01    0.20579E+01    0.75530E+00    0.12174E+00
  0.15715E+01    0.22748E+01    0.86422E+00    0.12736E+00
  0.14416E+01    0.20847E+01    0.97581E+00    0.12844E+00
      6      7      3      3
  0.18186E+01    0.22011E+01    0.72141E+00    0.11920E+00
  0.18863E+01    0.19856E+01    0.80200E+00    0.12060E+00
  0.17637E+01    0.21373E+01    0.94928E+00    0.12381E+00
      7      7      3      4
  0.21879E+01    0.19945E+01    0.76307E+00    0.11309E+00
  0.21678E+01    0.22241E+01    0.75412E+00    0.11325E+00
  0.19816E+01    0.22451E+01    0.88083E+00    0.11300E+00
  0.21320E+01    0.20913E+01    0.96561E+00    0.11831E+00
      1      1      4      4
  0.44971E-01    0.31403E+00    0.11025E+01    0.13627E+00
  0.71815E-01    0.35169E-01    0.10773E+01    0.12151E+00
  0.23999E+00    0.40192E-01    0.12489E+01    0.11885E+00
  0.45964E-01    0.16074E+00    0.13024E+01    0.11577E+00
      2      1      4      4
  0.34632E+00    0.22647E+00    0.10898E+01    0.11688E+00
  0.60189E+00    0.17551E+00    0.10316E+01    0.11402E+00
  0.52481E+00    0.32311E+00    0.11884E+01    0.10882E+00
  0.46928E+00    0.37146E-01    0.11714E+01    0.12320E+00
      3      1      4      3
  0.76106E+00    0.48274E-01    0.11592E+01    0.12642E+00
  0.74994E+00    0.29349E+00    0.11678E+01    0.11920E+00
  0.97386E+00    0.21586E+00    0.12063E+01    0.12096E+00
      4      1      4      3
  0.12403E+01    0.19995E+00    0.98190E+00    0.11459E+00
  0.11177E+01    0.31779E-01    0.11121E+01    0.13092E+00
  0.11935E+01    0.20992E+00    0.12683E+01    0.10729E+00
      5      1      4      2
  0.14496E+01    0.19438E+00    0.11113E+01    0.13154E+00
  0.13200E+01    0.38515E-01    0.12386E+01    0.10784E+00
      6      1      4      4
  0.17471E+01    0.64004E-01    0.98472E+00    0.11344E+00
  0.17268E+01    0.29602E+00    0.11509E+01    0.13172E+00
  0.16478E+01    0.48572E-01    0.12169E+01    0.13627E+00
  0.19102E+01    0.26795E+00    0.13040E+01    0.10880E+00
      7      1      4      5
  0.22427E+01    0.28637E+00    0.10185E+01    0.12220E+00
  0.22536E+01    0.99019E-01    0.11750E+01    0.12214E+00
  0.19638E+01    0.45882E-01    0.10729E+01    0.11163E+00
  0.21210E+01    0.29242E+00    0.12252E+01    0.11770E+00
  0.20399E+01    0.76259E-01    0.12927E+01    0.12294E+00
      1      2      4      2
  0.13090E+00    0.54521E+00    0.11297E+01    0.11194E+00
  0.24781E+00    0.37225E+00    0.12495E+01    0.12076E+00
      2      2      4      3
  0.55837E+00    0.43772E+00    0.99274E+00    0.11293E+00
  0.37307E+00    0.54209E+00    0.11120E+01    0.13092E+00
  0.61427E+00    0.54349E+00    0.12118E+01    0.13019E+00
      3      2      4      2
  0.78412E+00    0.49069E+00    0.10325E+01    0.12236E+00
  0.85101E+00    0.47846E+00    0.13056E+01    0.13262E+00
      4      2      4      2
  0.11379E+01    0.36908E+00    0.11124E+01    0.12238E+00
  0.10126E+01    0.56645E+00    0.11423E+01    0.11338E+00
      5      2      4      3
  0.15270E+01    0.42015E+00    0.10818E+01    0.10901E+00
  0.13513E+01    0.39667E+00    0.12351E+01    0.12540E+00
  0.14849E+01    0.60807E+00    0.12067E+01    0.12060E+00
      6      2      4      2
  0.19517E+01    0.43176E+00    0.11109E+01    0.12964E+00
  0.17305E+01    0.54747E+00    0.11290E+01    0.12071E+00
      7      2      4      2
  0.21498E+01    0.56241E+00    0.10400E+01    0.11189E+00
  0.20705E+01    0.59766E+00    0.12554E+01    0.12036E+00
      1      3      4      3
  0.47894E-01    0.84611E+00    0.10317E+01    0.12341E+00
  0.27385E+00    0.78817E+00    0.11146E+01    0.12414E+00
  0.46369E-01    0.72671E+00    0.12398E+01    0.11655E+00
      2      3      4      3
  0.63452E+00    0.66899E+00    0.10057E+01    0.11196E+00
  0.48777E+00    0.91035E+00    0.10650E+01    0.12715E+00
  0.47316E+00    0.73514E+00    0.12210E+01    0.10794E+00
      3      3      4      4
  0.82008E+00    0.70624E+00    0.11476E+01    0.12462E+00
  0.96003E+00    0.97161E+00    0.11139E+01    0.11527E+00
  0.66280E+00    0.87003E+00    0.12305E+01    0.11712E+00
  0.88006E+00    0.87424E+00    0.13028E+01    0.11189E+00
      4      3      4      4
  0.10052E+01    0.77184E+00    0.10159E+01    0.11185E+00
  0.12941E+01    0.72729E+00    0.11169E+01    0.12160E+00
  0.11505E+01    0.88900E+00    0.12247E+01    0.12008E+00
  0.11538E+01    0.66142E+00    0.13030E+01    0.12064E+00
      5      3      4      2
  0.15064E+01    0.81660E+00    0.11137E+01    0.10880E+00
  0.13816E+01    0.87151E+00    0.13033E+01    0.12470E+00
      6      3      4      4
  0.17181E+01    0.77006E+00    0.10222E+01    0.12652E+00
  0.19294E+01    0.75353E+00    0.11436E+01    0.11775E+00
  0.17558E+01    0.96056E+00    0.11604E+01    0.11181E+00
  0.17264E+01    0.74456E+00    0.12674E+01    0.12023E+00
      7      3      4      4
  0.22808E+01    0.92379E+00    0.99683E+00    0.10693E+00
  0.21080E+01    0.78228E+00    0.99480E+00    0.11649E+00
  0.22378E+01    0.79913E+00    0.11897E+01    0.11829E+00
  0.20115E+01    0.92443E+00    0.13014E+01    0.12894E+00
      1      4      4      3
  0.32101E+00    0.10834E+01    0.10151E+01    0.11829E+00
  0.47827E-01    0.12185E+01    0.11499E+01    0.12032E+00
  0.16094E+00    0.10077E+01    0.11749E+01    0.12028E+00
      2      4      4      2
  0.45695E+00    0.12450E+01    0.11415E+01    0.12790E+00
  0.48102E+00    0.10379E+01    0.12783E+01    0.12156E+00
      3      4      4      3
  0.90465E+00    0.12779E+01    0.11530E+01    0.12493E+00
  0.72391E+00    0.10126E+01    0.10357E+01    0.13190E+00
  0.68643E+00    0.11764E+01    0.12363E+01    0.12975E+00
      4      4      4      3
  0.10819E+01    0.12751E+01    0.98696E+00    0.11799E+00
  0.11698E+01    0.10670E+01    0.10638E+01    0.12064E+00
  0.11607E+01    0.12569E+01    0.12097E+01    0.11904E+00
      5      4      4      5
  0.15657E+01    0.10293E+01    0.10372E+01    0.12488E+00
  0.15658E+01    0.12903E+01    0.11340E+01    0.12754E+00
  0.13775E+01    0.10841E+01    0.11832E+01    0.11958E+00
  0.15756E+01    0.10134E+01    0.12897E+01    0.11617E+00
  0.13908E+01    0.12869E+01    0.13056E+01    0.11775E+00
      6      4      4      1
  0.18059E+01    0.12274E+01    0.10445E+01    0.13627E+00
      7      4      4      5
  0.21069E+01    0.10362E+01    0.10916E+01    0.12076E+00
  0.20459E+01    0.12963E+01    0.10659E+01    0.11440E+00
  0.21852E+01    0.12693E+01    0.12580E+01    0.12453E+00
  0.19610E+01    0.11607E+01    0.12382E+01    0.12076E+00
  0.22355E+01    0.10329E+01    0.12950E+01    0.12004E+00
      1      5      4      3
  0.21130E+00    0.13317E+01    0.10189E+01    0.11778E+00
  0.58516E-01    0.14629E+01    0.11531E+01    0.12424E+00
  0.27957E+00    0.13822E+01    0.12360E+01    0.11542E+00
      2      5      4      3
  0.40725E+00    0.14827E+01    0.10500E+01    0.13165E+00
  0.59138E+00    0.14419E+01    0.12223E+01    0.12379E+00
  0.39899E+00    0.15890E+01    0.12676E+01    0.11067E+00
      3      5      4      3
  0.74087E+00    0.14139E+01    0.10317E+01    0.12006E+00
  0.96449E+00    0.15110E+01    0.11263E+01    0.11732E+00
  0.81932E+00    0.14502E+01    0.13004E+01    0.11744E+00
      4      5      4      2
  0.11872E+01    0.15078E+01    0.10567E+01    0.11602E+00
  0.11906E+01    0.14748E+01    0.12827E+01    0.11241E+00
      5      5      4      2
  0.13375E+01    0.13418E+01    0.10905E+01    0.11058E+00
  0.14157E+01    0.15415E+01    0.12079E+01    0.13379E+00
      6      5      4      4
  0.17254E+01    0.14659E+01    0.10740E+01    0.11727E+00
  0.19322E+01    0.16112E+01    0.10818E+01    0.11539E+00
  0.17671E+01    0.13405E+01    0.12750E+01    0.12331E+00
  0.18291E+01    0.15713E+01    0.12850E+01    0.11593E+00
      7      5      4      3
  0.22473E+01    0.15242E+01    0.10700E+01    0.12060E+00
  0.20650E+01    0.14734E+01    0.12129E+01    0.11656E+00
  0.22354E+01    0.16261E+01    0.12948E+01    0.12650E+00
      1      6      4      3
  0.40911E-01    0.18263E+01    0.10601E+01    0.12790E+00
  0.20285E+00    0.16641E+01    0.11638E+01    0.12367E+00
  0.33570E-01    0.17696E+01    0.12979E+01    0.11675E+00
      2      6      4      5
  0.38705E+00    0.17487E+01    0.10279E+01    0.12036E+00
  0.55126E+00    0.19263E+01    0.10546E+01    0.12305E+00
  0.60532E+00    0.16474E+01    0.10707E+01    0.12410E+00
  0.33360E+00    0.19395E+01    0.11717E+01    0.12458E+00
  0.49611E+00    0.17813E+01    0.12266E+01    0.10865E+00
      3      6      4      3
  0.95196E+00    0.18426E+01    0.10027E+01    0.12650E+00
  0.81425E+00    0.17290E+01    0.11808E+01    0.12577E+00
  0.70127E+00    0.19405E+01    0.12499E+01    0.12372E+00
      4      6      4      3
  0.10998E+01    0.17083E+01    0.11505E+01    0.12197E+00
  0.10960E+01    0.19475E+01    0.11785E+01    0.11898E+00
  0.12960E+01    0.17866E+01    0.12649E+01    0.11832E+00
      5      6      4      4
  0.13167E+01    0.17062E+01    0.10400E+01    0.12156E+00
  0.15723E+01    0.16926E+01    0.10268E+01    0.11038E+00
  0.14559E+01    0.18897E+01    0.11252E+01    0.11773E+00
  0.15545E+01    0.17405E+01    0.12815E+01    0.11972E+00
      6      6      4      3
  0.16628E+01    0.19189E+01    0.10057E+01    0.12310E+00
  0.17550E+01    0.17503E+01    0.11526E+01    0.11886E+00
  0.17336E+01    0.19554E+01    0.12971E+01    0.13292E+00
      7      6      4      2
  0.21777E+01    0.17574E+01    0.10878E+01    0.12342E+00
  0.19774E+01    0.18170E+01    0.12160E+01    0.12192E+00
      1      7      4      4
  0.22419E+00    0.20610E+01    0.99600E+00    0.11542E+00
  0.92116E-01    0.21727E+01    0.11624E+01    0.12462E+00
  0.29962E+00    0.21514E+01    0.13023E+01    0.12665E+00
  0.12287E-01    0.20057E+01    0.13250E+01    0.12179E+00
      2      7      4      2
  0.46395E+00    0.21496E+01    0.11230E+01    0.11661E+00
  0.62061E+00    0.22042E+01    0.12980E+01    0.12460E+00
      3      7      4      2
  0.88369E+00    0.20460E+01    0.11258E+01    0.12091E+00
  0.83657E+00    0.22695E+01    0.12029E+01    0.12029E+00
      4      7      4      2
  0.12696E+01    0.22325E+01    0.10849E+01    0.12327E+00
  0.10653E+01    0.21854E+01    0.12154E+01    0.12373E+00
      5      7      4      2
  0.16206E+01    0.21122E+01    0.11402E+01    0.11618E+00
  0.13066E+01    0.20404E+01    0.12209E+01    0.11505E+00
      6      7      4      2
  0.19078E+01    0.19719E+01    0.10484E+01    0.11669E+00
  0.18462E+01    0.21499E+01    0.11873E+01    0.11737E+00
      7      7      4      2
  0.22499E+01    0.22026E+01    0.11409E+01    0.12048E+00
  0.21280E+01    0.20086E+01    0.12201E+01    0.12192E+00
      1      1      5      2
  0.37300E-01    0.25684E+00    0.15134E+01    0.11621E+00
  0.21353E+00    0.48173E-01    0.14892E+01    0.12314E+00
      2      1      5      5
  0.61514E+00    0.15996E+00    0.13418E+01    0.13262E+00
  0.37337E+00    0.20164E+00    0.13483E+01    0.11289E+00
  0.45245E+00    0.30699E-01    0.14794E+01    0.11662E+00
  0.48103E+00    0.25428E+00    0.15533E+01    0.12032E+00
  0.60717E+00    0.43259E-01    0.16475E+01    0.11219E+00
      3      1      5      5
  0.94639E+00    0.27921E+00    0.14477E+01    0.13017E+00
  0.82293E+00    0.38206E-01    0.14074E+01    0.11699E+00
  0.97374E+00    0.75181E-01    0.15769E+01    0.11296E+00
  0.72459E+00    0.23097E+00    0.15635E+01    0.12462E+00
  0.79771E+00    0.40918E-01    0.16439E+01    0.78456E-01
      4      1      5      4
  0.10579E+01    0.44635E-01    0.13585E+01    0.12305E+00
  0.12653E+01    0.32323E+00    0.14647E+01    0.13063E+00
  0.12778E+01    0.46522E-01    0.14626E+01    0.12029E+00
  0.11692E+01    0.49970E-01    0.16516E+01    0.97775E-01
      5      1      5      3
  0.15298E+01    0.23334E+00    0.13429E+01    0.11672E+00
  0.15857E+01    0.42781E-01    0.14853E+01    0.12768E+00
  0.14433E+01    0.20898E+00    0.15869E+01    0.11366E+00
      6      1      5      4
  0.18259E+01    0.22601E-01    0.14072E+01    0.12571E+00
  0.17383E+01    0.24644E+00    0.14517E+01    0.11886E+00
  0.19230E+01    0.48113E-01    0.16302E+01    0.11880E+00
  0.17159E+01    0.22960E-01    0.16612E+01    0.92146E-01
      7      1      5      4
  0.22556E+01    0.16682E-01    0.14160E+01    0.13257E+00
  0.20236E+01    0.21082E+00    0.14914E+01    0.11761E+00
  0.22441E+01    0.23530E+00    0.15995E+01    0.12915E+00
  0.21386E+01    0.32276E-01    0.16140E+01    0.98010E-01
      1      2      5      4
  0.36059E-01    0.47858E+00    0.13491E+01    0.13627E+00
  0.27767E+00    0.36094E+00    0.14855E+01    0.11744E+00
  0.22361E+00    0.60301E+00    0.14480E+01    0.10960E+00
  0.95923E-01    0.47780E+00    0.16110E+01    0.13246E+00
      2      2      5      4
  0.41354E+00    0.50993E+00    0.13578E+01    0.12036E+00
  0.63867E+00    0.39909E+00    0.14117E+01    0.11770E+00
  0.58244E+00    0.59673E+00    0.15387E+01    0.12388E+00
  0.35927E+00    0.60613E+00    0.16294E+01    0.11723E+00
      3      2      5      1
  0.86202E+00    0.48666E+00    0.15592E+01    0.12151E+00
      4      2      5      3
  0.10932E+01    0.43701E+00    0.13340E+01    0.11366E+00
  0.11535E+01    0.56190E+00    0.15361E+01    0.13153E+00
  0.10899E+01    0.34655E+00    0.16313E+01    0.11242E+00
      5      2      5      4
  0.13497E+01    0.57404E+00    0.13926E+01    0.11185E+00
  0.16254E+01    0.45007E+00    0.13235E+01    0.12095E+00
  0.14865E+01    0.43439E+00    0.15247E+01    0.12410E+00
  0.13793E+01    0.62970E+00    0.16281E+01    0.12156E+00
      6      2      5      2
  0.16936E+01    0.62431E+00    0.14723E+01    0.11816E+00
  0.18472E+01    0.44801E+00    0.15228E+01    0.12105E+00
      7      2      5      2
  0.20399E+01    0.41825E+00    0.13976E+01    0.11068E+00
  0.22078E+01    0.48132E+00    0.15382E+01    0.11737E+00
      1      3      5      4
  0.22039E+00    0.84840E+00    0.13458E+01    0.12076E+00
  0.45741E-02    0.69776E+00    0.14635E+01    0.11296E+00
  0.18850E+00    0.79267E+00    0.15850E+01    0.12702E+00
  0.13364E-01    0.93781E+00    0.16086E+01    0.10174E+00
      2      3      5      2
  0.40988E+00    0.73492E+00    0.14387E+01    0.11884E+00
  0.49388E+00    0.96954E+00    0.16193E+01    0.12064E+00
      3      3      5      5
  0.72899E+00    0.69429E+00    0.13724E+01    0.11827E+00
  0.95452E+00    0.66687E+00    0.14315E+01    0.11655E+00
  0.96576E+00    0.93769E+00    0.15112E+01    0.12220E+00
  0.67570E+00    0.82032E+00    0.15677E+01    0.12019E+00
  0.88768E+00    0.75350E+00    0.16309E+01    0.11096E+00
      4      3      5      1
  0.11907E+01    0.84504E+00    0.14631E+01    0.12574E+00
      5      3      5      2
  0.15764E+01    0.82023E+00    0.14283E+01    0.11242E+00
  0.14048E+01    0.85912E+00    0.15735E+01    0.11570E+00
      6      3      5      3
  0.19217E+01    0.71278E+00    0.14208E+01    0.13020E+00
  0.17783E+01    0.94388E+00    0.14019E+01    0.12577E+00
  0.17772E+01    0.80326E+00    0.15992E+01    0.11661E+00
      7      3      5      3
  0.22012E+01    0.84651E+00    0.14395E+01    0.11831E+00
  0.19880E+01    0.92149E+00    0.15569E+01    0.12768E+00
  0.21000E+01    0.69373E+00    0.16121E+01    0.13206E+00
      1      4      5      4
  0.20041E+00    0.11842E+01    0.13282E+01    0.11688E+00
  0.38042E-01    0.10205E+01    0.13804E+01    0.11951E+00
  0.32379E+00    0.10323E+01    0.14613E+01    0.11982E+00
  0.46907E-01    0.11556E+01    0.15786E+01    0.12065E+00
      2      4      5      1
  0.46419E+00    0.12040E+01    0.15600E+01    0.12310E+00
      3      4      5      2
  0.72403E+00    0.10057E+01    0.14185E+01    0.12261E+00
  0.85174E+00    0.11900E+01    0.15098E+01    0.11952E+00
      4      4      5      4
  0.99429E+00    0.11041E+01    0.13205E+01    0.13257E+00
  0.12381E+01    0.11052E+01    0.13728E+01    0.11685E+00
  0.12423E+01    0.10478E+01    0.16151E+01    0.13228E+00
  0.10465E+01    0.12966E+01    0.16186E+01    0.12774E+00
      5      4      5      1
  0.14424E+01    0.10612E+01    0.14711E+01    0.11403E+00
      6      4      5      3
  0.16356E+01    0.11992E+01    0.14335E+01    0.12642E+00
  0.18744E+01    0.11519E+01    0.15197E+01    0.13190E+00
  0.16344E+01    0.10104E+01    0.15794E+01    0.11225E+00
      7      4      5      2
  0.21297E+01    0.11607E+01    0.14780E+01    0.12696E+00
  0.22500E+01    0.99679E+00    0.16173E+01    0.11955E+00
      1      5      5      5
  0.15340E+00    0.15365E+01    0.13731E+01    0.12650E+00
  0.63679E-02    0.13362E+01    0.13534E+01    0.11839E+00
  0.18393E+00    0.13334E+01    0.15055E+01    0.11544E+00
  0.26660E+00    0.15086E+01    0.16266E+01    0.11300E+00
  0.42059E-01    0.14581E+01    0.16421E+01    0.11769E+00
      2      5      5      2
  0.40576E+00    0.14234E+01    0.14443E+01    0.13165E+00
  0.59240E+00    0.15507E+01    0.15536E+01    0.11940E+00
      3      5      5      2
  0.65356E+00    0.13317E+01    0.14452E+01    0.13257E+00
  0.81223E+00    0.14837E+01    0.15466E+01    0.10882E+00
      4      5      5      3
  0.12110E+01    0.13210E+01    0.14453E+01    0.11241E+00
  0.10150E+01    0.14652E+01    0.14373E+01    0.12187E+00
  0.12655E+01    0.15111E+01    0.15564E+01    0.11459E+00
      5      5      5      3
  0.15662E+01    0.14302E+01    0.13802E+01    0.12064E+00
  0.14248E+01    0.13163E+01    0.15410E+01    0.12192E+00
  0.15514E+01    0.15639E+01    0.15784E+01    0.11898E+00
      6      5      5      1
  0.17833E+01    0.14584E+01    0.14945E+01    0.12642E+00
      7      5      5      3
  0.19806E+01    0.13447E+01    0.13945E+01    0.12148E+00
  0.21251E+01    0.14820E+01    0.15015E+01    0.10475E+00
  0.19718E+01    0.13839E+01    0.16316E+01    0.11904E+00
      1      6      5      3
  0.22361E+00    0.18910E+01    0.13943E+01    0.12844E+00
  0.48660E-01    0.16982E+01    0.15164E+01    0.11360E+00
  0.37131E-01    0.19212E+01    0.15475E+01    0.11196E+00
      2      6      5      3
  0.64468E+00    0.16490E+01    0.13408E+01    0.12076E+00
  0.33358E+00    0.16782E+01    0.14748E+01    0.12429E+00
  0.53888E+00    0.18142E+01    0.15004E+01    0.12332E+00
      3      6      5      3
  0.77814E+00    0.18197E+01    0.14490E+01    0.12148E+00
  0.97428E+00    0.19503E+01    0.15185E+01    0.11780E+00
  0.94791E+00    0.16735E+01    0.15506E+01    0.12462E+00
      4      6      5      4
  0.98446E+00    0.18095E+01    0.13322E+01    0.11588E+00
  0.11537E+01    0.16645E+01    0.14152E+01    0.12197E+00
  0.12901E+01    0.18804E+01    0.14810E+01    0.11727E+00
  0.11316E+01    0.18022E+01    0.16280E+01    0.11265E+00
      5      6      5      2
  0.13942E+01    0.16531E+01    0.14295E+01    0.11527E+00
  0.15429E+01    0.18013E+01    0.15393E+01    0.12169E+00
      6      6      5      3
  0.17446E+01    0.17392E+01    0.14249E+01    0.11841E+00
  0.18647E+01    0.16560E+01    0.16074E+01    0.11539E+00
  0.17464E+01    0.19154E+01    0.15773E+01    0.11468E+00
      7      6      5      3
  0.22405E+01    0.18596E+01    0.13744E+01    0.12028E+00
  0.20135E+01    0.16676E+01    0.14141E+01    0.12888E+00
  0.21042E+01    0.18390E+01    0.15720E+01    0.12072E+00
      1      7      5      2
  0.45262E-01    0.21562E+01    0.15177E+01    0.12498E+00
  0.27466E+00    0.20586E+01    0.15906E+01    0.13480E+00
      2      7      5      2
  0.48790E+00    0.20000E+01    0.13517E+01    0.12006E+00
  0.47847E+00    0.21925E+01    0.15023E+01    0.12458E+00
      3      7      5      3
  0.85914E+00    0.20898E+01    0.13625E+01    0.12113E+00
  0.67437E+00    0.20347E+01    0.15196E+01    0.12754E+00
  0.87127E+00    0.21295E+01    0.16311E+01    0.11761E+00
      4      7      5      4
  0.11471E+01    0.20406E+01    0.13887E+01    0.11649E+00
  0.10239E+01    0.22185E+01    0.14766E+01    0.11712E+00
  0.11764E+01    0.20353E+01    0.16280E+01    0.12478E+00
  0.11998E+01    0.22774E+01    0.16192E+01    0.11685E+00
      5      7      5      5
  0.14841E+01    0.19607E+01    0.13609E+01    0.12470E+00
  0.16081E+01    0.21867E+01    0.13581E+01    0.11453E+00
  0.13519E+01    0.21434E+01    0.14787E+01    0.12981E+00
  0.15772E+01    0.20694E+01    0.15481E+01    0.11096E+00
  0.15105E+01    0.22778E+01    0.16117E+01    0.11697E+00
      6      7      5      2
  0.19408E+01    0.22723E+01    0.13671E+01    0.11982E+00
  0.17932E+01    0.21287E+01    0.14905E+01    0.12033E+00
      7      7      5      3
  0.22439E+01    0.21555E+01    0.13824E+01    0.12571E+00
  0.19677E+01    0.19757E+01    0.14068E+01    0.12642E+00
  0.21095E+01    0.20869E+01    0.15859E+01    0.12768E+00
      1      1      6      4
  0.27381E+00    0.20532E+00    0.16650E+01    0.12023E+00
  0.44025E-01    0.24456E+00    0.17610E+01    0.13190E+00
  0.18361E+00    0.49273E-01    0.18584E+01    0.12713E+00
  0.46958E-01    0.17404E+00    0.19706E+01    0.89270E-01
      2      1      6      3
  0.41144E+00    0.40717E-01    0.17685E+01    0.11799E+00
  0.59054E+00    0.27147E-01    0.19512E+01    0.13825E+00
  0.42933E+00    0.23951E+00    0.19167E+01    0.13063E+00
      3      1      6      4
  0.88411E+00    0.31543E+00    0.17178E+01    0.11296E+00
  0.90567E+00    0.10079E+00    0.17937E+01    0.11570E+00
  0.65850E+00    0.20961E+00    0.17914E+01    0.11367E+00
  0.86219E+00    0.26950E+00    0.19574E+01    0.12341E+00
      4      1      6      2
  0.12633E+01    0.22951E+00    0.17397E+01    0.12331E+00
  0.10880E+01    0.49777E-01    0.19370E+01    0.12179E+00
      5      1      6      4
  0.14724E+01    0.14171E-01    0.16918E+01    0.10960E+00
  0.16318E+01    0.68723E-01    0.18594E+01    0.12806E+00
  0.13257E+01    0.30234E-01    0.18739E+01    0.12490E+00
  0.14790E+01    0.26252E+00    0.18456E+01    0.11917E+00
      6      1      6      3
  0.16569E+01    0.22283E+00    0.16712E+01    0.11649E+00
  0.18220E+01    0.22654E+00    0.18401E+01    0.11983E+00
  0.19306E+01    0.41884E-01    0.19589E+01    0.12511E+00
      7      1      6      2
  0.20325E+01    0.23447E+00    0.17285E+01    0.11865E+00
  0.21327E+01    0.46692E-01    0.18274E+01    0.11605E+00
      1      2      6      4
  0.18100E+00    0.64357E+00    0.17833E+01    0.12127E+00
  0.34440E-01    0.47611E+00    0.18452E+01    0.10973E+00
  0.24225E+00    0.41126E+00    0.19294E+01    0.12370E+00
  0.42064E-01    0.65181E+00    0.19461E+01    0.93028E-01
      2      2      6      3
  0.60904E+00    0.40587E+00    0.16822E+01    0.11635E+00
  0.38378E+00    0.40115E+00    0.17368E+01    0.11552E+00
  0.40453E+00    0.59619E+00    0.18775E+01    0.12589E+00
      3      2      6      2
  0.76118E+00    0.56094E+00    0.17586E+01    0.11403E+00
  0.65823E+00    0.41390E+00    0.19223E+01    0.12894E+00
      4      2      6      4
  0.99805E+00    0.58354E+00    0.17205E+01    0.11068E+00
  0.12488E+01    0.46880E+00    0.17452E+01    0.11649E+00
  0.10585E+01    0.38253E+00    0.18613E+01    0.12261E+00
  0.12161E+01    0.64017E+00    0.18945E+01    0.11317E+00
      5      2      6      2
  0.15972E+01    0.43882E+00    0.17398E+01    0.11799E+00
  0.14713E+01    0.47988E+00    0.19307E+01    0.11439E+00
      6      2      6      3
  0.17658E+01    0.59141E+00    0.16910E+01    0.11453E+00
  0.17867E+01    0.45242E+00    0.18665E+01    0.11038E+00
  0.19177E+01    0.60101E+00    0.19529E+01    0.10468E+00
      7      2      6      3
  0.20232E+01    0.46671E+00    0.16836E+01    0.11816E+00
  0.21341E+01    0.60627E+00    0.18584E+01    0.13154E+00
  0.20985E+01    0.35823E+00    0.19339E+01    0.13019E+00
      1      3      6      2
  0.37348E-01    0.83836E+00    0.18075E+01    0.12197E+00
  0.24198E+00    0.93193E+00    0.19092E+01    0.12498E+00
      2      3      6      3
  0.37163E+00    0.80929E+00    0.17456E+01    0.11719E+00
  0.58171E+00    0.70627E+00    0.17532E+01    0.11697E+00
  0.51219E+00    0.84307E+00    0.19288E+01    0.11624E+00
      3      3      6      2
  0.81666E+00    0.90350E+00    0.17964E+01    0.12341E+00
  0.89839E+00    0.69346E+00    0.19070E+01    0.12768E+00
      4      3      6      2
  0.11522E+01    0.76261E+00    0.16985E+01    0.12665E+00
  0.11500E+01    0.92685E+00    0.18871E+01    0.12342E+00
      5      3      6      3
  0.15826E+01    0.83884E+00    0.17166E+01    0.11345E+00
  0.13742E+01    0.93143E+00    0.17947E+01    0.11904E+00
  0.14418E+01    0.70473E+00    0.18544E+01    0.12495E+00
      6      3      6      3
  0.19190E+01    0.74581E+00    0.17804E+01    0.12060E+00
  0.17039E+01    0.72133E+00    0.18663E+01    0.11234E+00
  0.18230E+01    0.90868E+00    0.19215E+01    0.11539E+00
      7      3      6      2
  0.21564E+01    0.86144E+00    0.17835E+01    0.11436E+00
  0.22303E+01    0.97705E+00    0.19542E+01    0.10475E+00
      1      4      6      3
  0.22106E+00    0.10205E+01    0.16798E+01    0.12192E+00
  0.45491E-01    0.11217E+01    0.18233E+01    0.12646E+00
  0.22716E+00    0.12988E+01    0.17465E+01    0.13190E+00
      2      4      6      2
  0.41491E+00    0.11274E+01    0.17922E+01    0.12640E+00
  0.63009E+00    0.10393E+01    0.18724E+01    0.11958E+00
      3      4      6      3
  0.71039E+00    0.10629E+01    0.16509E+01    0.11725E+00
  0.82613E+00    0.12674E+01    0.17419E+01    0.12651E+00
  0.85464E+00    0.11082E+01    0.19314E+01    0.12261E+00
      4      4      6      3
  0.10036E+01    0.10647E+01    0.17288E+01    0.13262E+00
  0.12579E+01    0.12643E+01    0.17378E+01    0.11712E+00
  0.11367E+01    0.11676E+01    0.19167E+01    0.11966E+00
      5      4      6      3
  0.14698E+01    0.11319E+01    0.16969E+01    0.12373E+00
  0.16290E+01    0.10271E+01    0.18521E+01    0.12223E+00
  0.13805E+01    0.11730E+01    0.19246E+01    0.12429E+00
      6      4      6      3
  0.17078E+01    0.12856E+01    0.16517E+01    0.11920E+00
  0.18200E+01    0.10053E+01    0.17117E+01    0.11570E+00
  0.18947E+01    0.12178E+01    0.17888E+01    0.12238E+00
      7      4      6      3
  0.21816E+01    0.12879E+01    0.16789E+01    0.11649E+00
  0.21011E+01    0.10897E+01    0.17810E+01    0.12060E+00
  0.21833E+01    0.12432E+01    0.19576E+01    0.12744E+00
      1      5      6      3
  0.14350E-02    0.15991E+01    0.18278E+01    0.11898E+00
  0.22651E+00    0.15301E+01    0.18527E+01    0.11773E+00
  0.36880E-01    0.13782E+01    0.18708E+01    0.10881E+00
      2      5      6      4
  0.60160E+00    0.13556E+01    0.16912E+01    0.12006E+00
  0.44960E+00    0.16055E+01    0.17449E+01    0.12556E+00
  0.57534E+00    0.14660E+01    0.19018E+01    0.11920E+00
  0.38604E+00    0.13225E+01    0.19431E+01    0.12192E+00
      3      5      6      3
  0.75168E+00    0.15239E+01    0.17585E+01    0.11527E+00
  0.90413E+00    0.15845E+01    0.19403E+01    0.12964E+00
  0.78350E+00    0.13703E+01    0.19582E+01    0.11685E+00
      4      5      6      3
  0.10801E+01    0.15308E+01    0.17070E+01    0.12493E+00
  0.10089E+01    0.13667E+01    0.18752E+01    0.12060E+00
  0.12197E+01    0.14873E+01    0.19091E+01    0.12460E+00
      5      5      6      2
  0.14059E+01    0.14571E+01    0.17441E+01    0.12604E+00
  0.16014E+01    0.13549E+01    0.18560E+01    0.12134E+00
      6      5      6      2
  0.17278E+01    0.15100E+01    0.17261E+01    0.11732E+00
  0.18696E+01    0.15056E+01    0.19165E+01    0.12008E+00
      7      5      6      3
  0.20896E+01    0.16202E+01    0.16796E+01    0.12357E+00
  0.20839E+01    0.14343E+01    0.18363E+01    0.11972E+00
  0.22173E+01    0.15832E+01    0.19501E+01    0.11135E+00
      1      6      6      2
  0.16987E+00    0.16941E+01    0.17047E+01    0.11038E+00
  0.91961E-01    0.18233E+01    0.18939E+01    0.13165E+00
      2      6      6      3
  0.36043E+00    0.18277E+01    0.16720E+01    0.12466E+00
  0.61801E+00    0.17123E+01    0.18862E+01    0.11884E+00
  0.38565E+00    0.17774E+01    0.19143E+01    0.12410E+00
      3      6      6      4
  0.70273E+00    0.17342E+01    0.16629E+01    0.12100E+00
  0.90746E+00    0.18442E+01    0.17179E+01    0.11780E+00
  0.70162E+00    0.19277E+01    0.18126E+01    0.12368E+00
  0.87614E+00    0.18322E+01    0.19534E+01    0.12008E+00
      4      6      6      4
  0.10757E+01    0.17335E+01    0.18412E+01    0.11829E+00
  0.12426E+01    0.18899E+01    0.17985E+01    0.10889E+00
  0.12970E+01    0.17207E+01    0.19499E+01    0.12466E+00
  0.10886E+01    0.19421E+01    0.19584E+01    0.11923E+00
      5      6      6      4
  0.14153E+01    0.19573E+01    0.16652E+01    0.11839E+00
  0.13481E+01    0.17104E+01    0.16600E+01    0.12478E+00
  0.14987E+01    0.16579E+01    0.18381E+01    0.11432E+00
  0.15511E+01    0.18892E+01    0.18755E+01    0.12574E+00
      6      6      6      4
  0.19393E+01    0.19518E+01    0.17126E+01    0.12368E+00
  0.16841E+01    0.17466E+01    0.17269E+01    0.11940E+00
  0.19229E+01    0.17311E+01    0.18305E+01    0.12713E+00
  0.17016E+01    0.16725E+01    0.19534E+01    0.11958E+00
      7      6      6      3
  0.22825E+01    0.19448E+01    0.17020E+01    0.12429E+00
  0.21651E+01    0.17837E+01    0.18454E+01    0.12127E+00
  0.20091E+01    0.19097E+01    0.19581E+01    0.10882E+00
      1      7      6      4
  0.15216E+00    0.22446E+01    0.17279E+01    0.12690E+00
  0.86594E-01    0.20156E+01    0.17445E+01    0.11196E+00
  0.29722E+00    0.20813E+01    0.18436E+01    0.12024E+00
  0.45490E-01    0.21415E+01    0.19315E+01    0.11724E+00
      2      7      6      3
  0.50790E+00    0.20556E+01    0.17134E+01    0.12880E+00
  0.54738E+00    0.22011E+01    0.19077E+01    0.11720E+00
  0.51003E+00    0.19711E+01    0.19334E+01    0.10693E+00
      3      7      6      2
  0.76891E+00    0.22402E+01    0.18201E+01    0.12424E+00
  0.91546E+00    0.20404E+01    0.18391E+01    0.11300E+00
      4      7      6      1
  0.10280E+01    0.22332E+01    0.17752E+01    0.11920E+00
      5      7      6      2
  0.15594E+01    0.21126E+01    0.17740E+01    0.11979E+00
  0.13295E+01    0.20988E+01    0.18541E+01    0.12414E+00
      6      7      6      2
  0.17755E+01    0.22072E+01    0.18200E+01    0.12065E+00
  0.17832E+01    0.19773E+01    0.19033E+01    0.12408E+00
      7      7      6      4
  0.19718E+01    0.22696E+01    0.16893E+01    0.12342E+00
  0.22001E+01    0.22363E+01    0.17575E+01    0.11725E+00
  0.20300E+01    0.21153E+01    0.18652E+01    0.11773E+00
  0.22540E+01    0.20533E+01    0.19206E+01    0.12155E+00
      1      1      7      4
  0.23006E+00    0.20959E+00    0.20667E+01    0.12064E+00
  0.46556E-01    0.87659E-01    0.21593E+01    0.11835E+00
  0.26102E+00    0.48163E-01    0.22658E+01    0.12433E+00
  0.46023E-01    0.25093E+00    0.22759E+01    0.82249E-01
      2      1      7      2
  0.43123E+00    0.11251E+00    0.21199E+01    0.10901E+00
  0.50035E+00    0.21489E-01    0.22862E+01    0.92769E-01
      3      1      7      4
  0.87881E+00    0.48342E-01    0.20613E+01    0.12155E+00
  0.66114E+00    0.23302E+00    0.21037E+01    0.12736E+00
  0.70639E+00    0.24294E-01    0.22300E+01    0.12082E+00
  0.88279E+00    0.24019E+00    0.21960E+01    0.11289E+00
      4      1      7      3
  0.10933E+01    0.25792E+00    0.20775E+01    0.12940E+00
  0.10713E+01    0.46002E-01    0.22066E+01    0.11972E+00
  0.12476E+01    0.24561E+00    0.22716E+01    0.11886E+00
      5      1      7      5
  0.13328E+01    0.21755E+00    0.20194E+01    0.11242E+00
  0.14575E+01    0.38412E-01    0.20700E+01    0.11163E+00
  0.15065E+01    0.24267E+00    0.21803E+01    0.12569E+00
  0.13123E+01    0.45741E-02    0.22614E+01    0.13092E+00
  0.16262E+01    0.31570E-01    0.22534E+01    0.12773E+00
      6      1      7      5
  0.19071E+01    0.26191E+00    0.20594E+01    0.11805E+00
  0.16593E+01    0.30986E+00    0.19978E+01    0.12160E+00
  0.17368E+01    0.10757E+00    0.20635E+01    0.10475E+00
  0.17454E+01    0.25383E+00    0.22328E+01    0.11920E+00
  0.18470E+01    0.41993E-01    0.22930E+01    0.96835E-01
      7      1      7      3
  0.22184E+01    0.15404E+00    0.20226E+01    0.12267E+00
  0.20360E+01    0.93004E-01    0.21829E+01    0.12774E+00
  0.22838E+01    0.38566E-01    0.22505E+01    0.13480E+00
      1      2      7      3
  0.34892E-01    0.32960E+00    0.20947E+01    0.11017E+00
  0.26142E+00    0.56612E+00    0.21673E+01    0.12790E+00
  0.43186E-01    0.45251E+00    0.22888E+01    0.11980E+00
      2      2      7      3
  0.45400E+00    0.44229E+00    0.20660E+01    0.12245E+00
  0.61578E+00    0.64375E+00    0.19697E+01    0.10959E+00
  0.32665E+00    0.33941E+00    0.22457E+01    0.12072E+00
      3      2      7      2
  0.78807E+00    0.64077E+00    0.21342E+01    0.12869E+00
  0.74573E+00    0.42080E+00    0.22356E+01    0.11723E+00
      4      2      7      3
  0.12515E+01    0.43465E+00    0.19994E+01    0.12034E+00
  0.10088E+01    0.52270E+00    0.20663E+01    0.13066E+00
  0.11968E+01    0.48046E+00    0.22335E+01    0.12450E+00
      5      2      7      2
  0.14435E+01    0.64586E+00    0.20882E+01    0.11617E+00
  0.15343E+01    0.48156E+00    0.22321E+01    0.12034E+00
      6      2      7      2
  0.16694E+01    0.56190E+00    0.20413E+01    0.12690E+00
  0.18840E+01    0.48635E+00    0.21486E+01    0.12462E+00
      7      2      7      2
  0.21098E+01    0.58201E+00    0.21112E+01    0.12357E+00
  0.20807E+01    0.35778E+00    0.21747E+01    0.11135E+00
      1      3      7      5
  0.44246E-01    0.87755E+00    0.20498E+01    0.12367E+00
  0.28431E-01    0.65835E+00    0.21613E+01    0.12277E+00
  0.48826E-01    0.96666E+00    0.22728E+01    0.11649E+00
  0.24567E+00    0.82659E+00    0.22486E+01    0.12637E+00
  0.43409E-01    0.78720E+00    0.22966E+01    0.64623E-01
      2      3      7      3
  0.33256E+00    0.75541E+00    0.20385E+01    0.11185E+00
  0.49945E+00    0.65825E+00    0.21677E+01    0.12055E+00
  0.45888E+00    0.92324E+00    0.21519E+01    0.12690E+00
      3      3      7      3
  0.72767E+00    0.83187E+00    0.20017E+01    0.11163E+00
  0.91855E+00    0.84240E+00    0.21866E+01    0.11720E+00
  0.66840E+00    0.82941E+00    0.22483E+01    0.12210E+00
      4      3      7      4
  0.10892E+01    0.75754E+00    0.20484E+01    0.11831E+00
  0.12575E+01    0.72443E+00    0.22239E+01    0.12713E+00
  0.10308E+01    0.65849E+00    0.22673E+01    0.11294E+00
  0.11369E+01    0.93452E+00    0.22768E+01    0.12095E+00
      5      3      7      4
  0.13455E+01    0.85943E+00    0.20278E+01    0.12665E+00
  0.15891E+01    0.85489E+00    0.20140E+01    0.11747E+00
  0.16040E+01    0.75090E+00    0.22285E+01    0.12145E+00
  0.14432E+01    0.95385E+00    0.22264E+01    0.11402E+00
      6      3      7      2
  0.18303E+01    0.75205E+00    0.21134E+01    0.13246E+00
  0.18980E+01    0.97306E+00    0.22285E+01    0.12574E+00
      7      3      7      3
  0.20322E+01    0.82232E+00    0.19750E+01    0.11723E+00
  0.22294E+01    0.81284E+00    0.21131E+01    0.12372E+00
  0.20384E+01    0.76366E+00    0.22593E+01    0.12192E+00
      1      4      7      3
  0.41652E-01    0.11989E+01    0.20571E+01    0.11972E+00
  0.27445E-01    0.12015E+01    0.22968E+01    0.12054E+00
  0.23778E+00    0.12071E+01    0.21879E+01    0.11621E+00
      2      4      7      3
  0.59932E+00    0.12304E+01    0.20161E+01    0.12160E+00
  0.36172E+00    0.11029E+01    0.20249E+01    0.11366E+00
  0.47292E+00    0.11563E+01    0.22700E+01    0.13448E+00
      3      4      7      4
  0.97231E+00    0.12534E+01    0.20797E+01    0.11605E+00
  0.71099E+00    0.10363E+01    0.21198E+01    0.12511E+00
  0.70344E+00    0.12525E+01    0.22312E+01    0.11832E+00
  0.88654E+00    0.10515E+01    0.22837E+01    0.11552E+00
      4      4      7      3
  0.10304E+01    0.10231E+01    0.20778E+01    0.12151E+00
  0.12661E+01    0.10777E+01    0.21245E+01    0.12493E+00
  0.10922E+01    0.11768E+01    0.22748E+01    0.12548E+00
      5      4      7      2
  0.15767E+01    0.12316E+01    0.20701E+01    0.12696E+00
  0.13969E+01    0.12478E+01    0.22297E+01    0.11403E+00
      6      4      7      3
  0.17960E+01    0.11338E+01    0.19980E+01    0.12388E+00
  0.17782E+01    0.12615E+01    0.21939E+01    0.11068E+00
  0.16623E+01    0.10206E+01    0.21702E+01    0.12177E+00
      7      4      7      4
  0.20301E+01    0.10573E+01    0.20329E+01    0.12490E+00
  0.22774E+01    0.11010E+01    0.21262E+01    0.11244E+00
  0.21077E+01    0.12237E+01    0.22120E+01    0.11300E+00
  0.21320E+01    0.98051E+00    0.22414E+01    0.10881E+00
      1      5      7      5
  0.17983E+00    0.14031E+01    0.20564E+01    0.12685E+00
  0.40090E-01    0.16167E+01    0.20719E+01    0.12880E+00
  0.16054E-01    0.14335E+01    0.22375E+01    0.11924E+00
  0.25408E+00    0.14825E+01    0.22743E+01    0.11664E+00
  0.36560E-01    0.16269E+01    0.22767E+01    0.76297E-01
      2      5      7      2
  0.39210E+00    0.15599E+01    0.20138E+01    0.11527E+00
  0.44621E+00    0.13896E+01    0.21690E+01    0.12140E+00
      3      5      7      2
  0.66750E+00    0.15048E+01    0.21310E+01    0.13095E+00
  0.88328E+00    0.14151E+01    0.22332E+01    0.12412E+00
      4      5      7      5
  0.10596E+01    0.14651E+01    0.20830E+01    0.11293E+00
  0.12715E+01    0.15625E+01    0.21420E+01    0.12560E+00
  0.10534E+01    0.16205E+01    0.22618E+01    0.12408E+00
  0.12341E+01    0.13140E+01    0.20783E+01    0.11799E+00
  0.11591E+01    0.14052E+01    0.22669E+01    0.10459E+00
      5      5      7      2
  0.14506E+01    0.14867E+01    0.19914E+01    0.12048E+00
  0.15062E+01    0.15480E+01    0.22238E+01    0.12342E+00
      6      5      7      3
  0.19583E+01    0.13177E+01    0.20497E+01    0.12680E+00
  0.16870E+01    0.14595E+01    0.20756E+01    0.12640E+00
  0.19004E+01    0.15205E+01    0.21608E+01    0.11135E+00
      7      5      7      1
  0.21690E+01    0.14315E+01    0.21199E+01    0.12155E+00
      1      6      7      2
  0.26298E+00    0.16951E+01    0.21619E+01    0.12408E+00
  0.64689E-01    0.17991E+01    0.22196E+01    0.10729E+00
      2      6      7      3
  0.39520E+00    0.19093E+01    0.21299E+01    0.12894E+00
  0.51275E+00    0.16954E+01    0.21559E+01    0.11584E+00
  0.56863E+00    0.18670E+01    0.22677E+01    0.96561E-01
      3      6      7      3
  0.67145E+00    0.18461E+01    0.20740E+01    0.11795E+00
  0.84574E+00    0.17018E+01    0.21560E+01    0.12277E+00
  0.78614E+00    0.19085E+01    0.22791E+01    0.12517E+00
      4      6      7      1
  0.10961E+01    0.17417E+01    0.20674E+01    0.10901E+00
      5      6      7      4
  0.15078E+01    0.17510E+01    0.20800E+01    0.12493E+00
  0.13481E+01    0.19467E+01    0.20555E+01    0.12888E+00
  0.15422E+01    0.19563E+01    0.22213E+01    0.12665E+00
  0.13254E+01    0.17824E+01    0.22454E+01    0.12331E+00
      6      6      7      3
  0.18259E+01    0.18250E+01    0.20861E+01    0.11768E+00
  0.18952E+01    0.17118E+01    0.22694E+01    0.10880E+00
  0.16643E+01    0.17309E+01    0.22712E+01    0.12294E+00
      7      6      7      4
  0.20334E+01    0.16944E+01    0.20587E+01    0.12915E+00
  0.20184E+01    0.18939E+01    0.22069E+01    0.11980E+00
  0.22648E+01    0.19477E+01    0.22094E+01    0.13246E+00
  0.22434E+01    0.16575E+01    0.22126E+01    0.13379E+00
      1      7      7      4
  0.19215E+00    0.19968E+01    0.20331E+01    0.11241E+00
  0.10465E+00    0.22548E+01    0.21394E+01    0.12680E+00
  0.35965E-01    0.20255E+01    0.22046E+01    0.12134E+00
  0.26555E+00    0.20852E+01    0.22492E+01    0.12008E+00
      2      7      7      2
  0.34410E+00    0.22175E+01    0.20501E+01    0.13153E+00
  0.54265E+00    0.21057E+01    0.21505E+01    0.11750E+00
      3      7      7      4
  0.74937E+00    0.20757E+01    0.20150E+01    0.13153E+00
  0.92842E+00    0.22475E+01    0.20829E+01    0.12577E+00
  0.95491E+00    0.20130E+01    0.21400E+01    0.11719E+00
  0.75448E+00    0.21765E+01    0.22555E+01    0.12934E+00
      4      7      7      3
  0.11622E+01    0.21666E+01    0.20292E+01    0.12736E+00
  0.11727E+01    0.20083E+01    0.22064E+01    0.11058E+00
  0.11011E+01    0.22427E+01    0.22528E+01    0.11664E+00
      5      7      7      3
  0.15994E+01    0.20750E+01    0.20195E+01    0.11436E+00
  0.13774E+01    0.22760E+01    0.21188E+01    0.13017E+00
  0.13610E+01    0.20995E+01    0.22852E+01    0.11300E+00
      6      7      7      3
  0.18715E+01    0.21624E+01    0.20367E+01    0.12054E+00
  0.16670E+01    0.22595E+01    0.21469E+01    0.11983E+00
  0.17804E+01    0.20228E+01    0.22114E+01    0.12090E+00
      7      7      7      2
  0.20883E+01    0.20723E+01    0.20807E+01    0.10970E+00
  0.21993E+01    0.22726E+01    0.21056E+01    0.12064E+00
