    0.14935E+00    0.28500E-02
    0.15473E+00    0.57000E-02
    0.16012E+00    0.85400E-02
    0.16550E+00    0.17100E-01
    0.17088E+00    0.31360E-01
    0.17626E+00    0.42770E-01
    0.18165E+00    0.68420E-01
    0.18703E+00    0.82670E-01
    0.19241E+00    0.10832E+00
    0.19779E+00    0.13396E+00
    0.20318E+00    0.16245E+00
    0.20856E+00    0.19094E+00
    0.21394E+00    0.21378E+00
    0.21932E+00    0.25649E+00
    0.22471E+00    0.31343E+00
    0.23009E+00    0.36467E+00
    0.23547E+00    0.39323E+00
    0.24086E+00    0.42459E+00
    0.24624E+00    0.46163E+00
    0.25162E+00    0.52711E+00
    0.25700E+00    0.57271E+00
    0.26239E+00    0.60977E+00
    0.26777E+00    0.63544E+00
    0.27315E+00    0.67246E+00
    0.27853E+00    0.72086E+00
    0.28392E+00    0.75504E+00
    0.28930E+00    0.78353E+00
    0.29468E+00    0.80632E+00
    0.30006E+00    0.82908E+00
    0.30545E+00    0.84902E+00
    0.31083E+00    0.88033E+00
    0.31621E+00    0.88603E+00
    0.32159E+00    0.89743E+00
    0.32698E+00    0.92022E+00
    0.33236E+00    0.93161E+00
    0.33774E+00    0.94016E+00
    0.34312E+00    0.94872E+00
    0.34851E+00    0.96297E+00
    0.35389E+00    0.97435E+00
    0.35927E+00    0.98004E+00
    0.36465E+00    0.98290E+00
    0.37004E+00    0.98575E+00
    0.37542E+00    0.99144E+00
    0.38080E+00    0.99430E+00
    0.38619E+00    0.99430E+00
    0.39157E+00    0.99715E+00
    0.39695E+00    0.99715E+00
    0.40233E+00    0.99715E+00
    0.40772E+00    0.99715E+00
    0.41310E+00    0.10000E+01
