      2      2      2      7
  0.16800E+01    0.11126E+01    0.11914E+01    0.29597E+00
  0.11564E+01    0.93347E+00    0.11642E+01    0.25810E+00
  0.89249E+00    0.11860E+01    0.14586E+01    0.21107E+00
  0.13867E+01    0.94343E+00    0.15984E+01    0.23354E+00
  0.12933E+01    0.15291E+01    0.13086E+01    0.28433E+00
  0.15223E+01    0.13752E+01    0.17645E+01    0.24865E+00
  0.98160E+00    0.15364E+01    0.17354E+01    0.24426E+00
      3      2      2      5
  0.19020E+01    0.14529E+01    0.90010E+00    0.20400E+00
  0.22834E+01    0.14619E+01    0.12186E+01    0.29295E+00
  0.18736E+01    0.17123E+01    0.11926E+01    0.18802E+00
  0.23009E+01    0.16179E+01    0.16977E+01    0.21131E+00
  0.20474E+01    0.11385E+01    0.16988E+01    0.33103E+00
      4      2      2      2
  0.27716E+01    0.12488E+01    0.16269E+01    0.37827E+00
  0.32629E+01    0.15001E+01    0.13026E+01    0.26187E+00
      5      2      2      6
  0.40689E+01    0.10573E+01    0.95213E+00    0.25479E+00
  0.35859E+01    0.12214E+01    0.10053E+01    0.25810E+00
  0.39482E+01    0.13846E+01    0.12897E+01    0.23062E+00
  0.36772E+01    0.16547E+01    0.17369E+01    0.35795E+00
  0.36418E+01    0.10657E+01    0.15026E+01    0.26026E+00
  0.42598E+01    0.11809E+01    0.16821E+01    0.31031E+00
      2      3      2      6
  0.12057E+01    0.26130E+01    0.10558E+01    0.28229E+00
  0.15770E+01    0.22812E+01    0.10511E+01    0.21131E+00
  0.14572E+01    0.23958E+01    0.15409E+01    0.30583E+00
  0.89445E+00    0.23912E+01    0.14471E+01    0.26478E+00
  0.14505E+01    0.18999E+01    0.10573E+01    0.19042E+00
  0.10051E+01    0.20218E+01    0.10394E+01    0.25171E+00
      3      3      2      5
  0.23322E+01    0.20436E+01    0.10879E+01    0.28433E+00
  0.24193E+01    0.25750E+01    0.12849E+01    0.28906E+00
  0.26064E+01    0.18005E+01    0.14433E+01    0.22620E+00
  0.19484E+01    0.23300E+01    0.13069E+01    0.24229E+00
  0.22951E+01    0.21636E+01    0.17387E+01    0.33599E+00
      4      3      2      7
  0.28211E+01    0.23050E+01    0.92014E+00    0.29501E+00
  0.29772E+01    0.18842E+01    0.11918E+01    0.22963E+00
  0.35012E+01    0.24065E+01    0.10350E+01    0.32899E+00
  0.28330E+01    0.22609E+01    0.14784E+01    0.26522E+00
  0.33699E+01    0.20002E+01    0.13850E+01    0.22312E+00
  0.34235E+01    0.23502E+01    0.16516E+01    0.22015E+00
  0.30438E+01    0.18294E+01    0.17105E+01    0.26828E+00
      5      3      2      3
  0.43596E+01    0.17807E+01    0.11715E+01    0.35264E+00
  0.39670E+01    0.22580E+01    0.15062E+01    0.35005E+00
  0.43197E+01    0.18533E+01    0.17638E+01    0.24546E+00
      2      4      2      5
  0.15419E+01    0.31134E+01    0.97068E+00    0.32654E+00
  0.12889E+01    0.34800E+01    0.11834E+01    0.16711E+00
  0.11099E+01    0.30560E+01    0.14173E+01    0.29752E+00
  0.16367E+01    0.34095E+01    0.16501E+01    0.37827E+00
  0.10902E+01    0.26859E+01    0.17738E+01    0.21679E+00
      3      4      2      7
  0.26563E+01    0.28686E+01    0.91746E+00    0.23706E+00
  0.21754E+01    0.28678E+01    0.91157E+00    0.24395E+00
  0.24293E+01    0.34206E+01    0.10707E+01    0.37922E+00
  0.19889E+01    0.30691E+01    0.12944E+01    0.22711E+00
  0.23706E+01    0.30192E+01    0.14830E+01    0.19928E+00
  0.26105E+01    0.33263E+01    0.15774E+01    0.16711E+00
  0.19542E+01    0.27428E+01    0.17522E+01    0.33619E+00
      4      4      2      5
  0.32556E+01    0.31036E+01    0.10914E+01    0.22478E+00
  0.28487E+01    0.30156E+01    0.13698E+01    0.27606E+00
  0.34822E+01    0.28437E+01    0.14901E+01    0.30240E+00
  0.33608E+01    0.35097E+01    0.13516E+01    0.26843E+00
  0.26948E+01    0.26763E+01    0.17170E+01    0.23329E+00
      5      4      2      6
  0.43236E+01    0.31398E+01    0.93485E+00    0.26522E+00
  0.37782E+01    0.32036E+01    0.10969E+01    0.30735E+00
  0.39339E+01    0.27095E+01    0.11670E+01    0.21556E+00
  0.41698E+01    0.30007E+01    0.13557E+01    0.20400E+00
  0.39827E+01    0.28182E+01    0.17320E+01    0.25416E+00
  0.41906E+01    0.33836E+01    0.17482E+01    0.34477E+00
      2      5      2      3
  0.10685E+01    0.41548E+01    0.91596E+00    0.16433E+00
  0.15276E+01    0.40208E+01    0.13236E+01    0.32329E+00
  0.96540E+00    0.38719E+01    0.15446E+01    0.29881E+00
      3      5      2      2
  0.21273E+01    0.41008E+01    0.11674E+01    0.25968E+00
  0.25340E+01    0.39330E+01    0.13885E+01    0.23282E+00
      4      5      2      7
  0.28729E+01    0.39839E+01    0.97673E+00    0.30284E+00
  0.30710E+01    0.44170E+01    0.95188E+00    0.17416E+00
  0.33830E+01    0.40689E+01    0.12785E+01    0.29597E+00
  0.29138E+01    0.42397E+01    0.16090E+01    0.30284E+00
  0.34847E+01    0.43824E+01    0.17122E+01    0.24865E+00
  0.31768E+01    0.38169E+01    0.16482E+01    0.19664E+00
  0.28780E+01    0.35889E+01    0.14466E+01    0.22987E+00
      5      5      2      4
  0.44080E+01    0.40811E+01    0.98766E+00    0.19604E+00
  0.40536E+01    0.40861E+01    0.11484E+01    0.19327E+00
  0.38573E+01    0.37200E+01    0.13550E+01    0.27079E+00
  0.43168E+01    0.40085E+01    0.15767E+01    0.31548E+00
      2      2      3      6
  0.12929E+01    0.16611E+01    0.20555E+01    0.21935E+00
  0.11324E+01    0.11539E+01    0.18531E+01    0.18343E+00
  0.13595E+01    0.12221E+01    0.21468E+01    0.19421E+00
  0.14366E+01    0.10010E+01    0.26145E+01    0.32880E+00
  0.12616E+01    0.15197E+01    0.24847E+01    0.23379E+00
  0.92982E+00    0.90770E+00    0.24655E+01    0.20762E+00
      3      2      3      5
  0.23820E+01    0.14022E+01    0.21103E+01    0.26136E+00
  0.18838E+01    0.17328E+01    0.19602E+01    0.29622E+00
  0.20883E+01    0.16594E+01    0.25217E+01    0.30583E+00
  0.20737E+01    0.10329E+01    0.23323E+01    0.26805E+00
  0.25413E+01    0.10464E+01    0.23578E+01    0.20042E+00
      4      2      3      5
  0.33275E+01    0.12119E+01    0.18250E+01    0.21309E+00
  0.28789E+01    0.15936E+01    0.21707E+01    0.27452E+00
  0.33823E+01    0.14407E+01    0.22296E+01    0.25488E+00
  0.28447E+01    0.91805E+00    0.21100E+01    0.21179E+00
  0.30282E+01    0.11852E+01    0.23700E+01    0.20376E+00
      5      2      3      5
  0.40704E+01    0.15036E+01    0.22367E+01    0.29574E+00
  0.43355E+01    0.17203E+01    0.26399E+01    0.23329E+00
  0.39748E+01    0.10006E+01    0.21073E+01    0.23236E+00
  0.43857E+01    0.12292E+01    0.25614E+01    0.23354E+00
  0.36521E+01    0.10930E+01    0.24136E+01    0.22213E+00
      2      3      3      4
  0.10842E+01    0.20412E+01    0.18142E+01    0.27687E+00
  0.15830E+01    0.24839E+01    0.20031E+01    0.18126E+00
  0.12477E+01    0.25693E+01    0.24248E+01    0.27986E+00
  0.92979E+00    0.22156E+01    0.26066E+01    0.22933E+00
      3      3      3      5
  0.23023E+01    0.25473E+01    0.21860E+01    0.25335E+00
  0.24622E+01    0.18810E+01    0.22033E+01    0.23293E+00
  0.18074E+01    0.26586E+01    0.23775E+01    0.28890E+00
  0.23900E+01    0.22097E+01    0.24652E+01    0.19351E+00
  0.19687E+01    0.21973E+01    0.26104E+01    0.25236E+00
      4      3      3      5
  0.33210E+01    0.26212E+01    0.19519E+01    0.19717E+00
  0.33666E+01    0.20662E+01    0.19624E+01    0.20476E+00
  0.33432E+01    0.23544E+01    0.22399E+01    0.19604E+00
  0.31933E+01    0.19590E+01    0.23625E+01    0.24426E+00
  0.28358E+01    0.23834E+01    0.22934E+01    0.31498E+00
      5      3      3      6
  0.36991E+01    0.25319E+01    0.18524E+01    0.16636E+00
  0.40807E+01    0.24615E+01    0.20215E+01    0.21556E+00
  0.42523E+01    0.20524E+01    0.22482E+01    0.28259E+00
  0.36319E+01    0.26258E+01    0.22021E+01    0.20198E+00
  0.37391E+01    0.22043E+01    0.19975E+01    0.19421E+00
  0.44095E+01    0.24616E+01    0.24346E+01    0.19380E+00
      2      4      3      3
  0.11453E+01    0.34846E+01    0.21629E+01    0.33599E+00
  0.14391E+01    0.29176E+01    0.20350E+01    0.27687E+00
  0.94708E+00    0.30077E+01    0.24439E+01    0.25207E+00
      3      4      3      4
  0.24648E+01    0.31173E+01    0.20365E+01    0.35795E+00
  0.19019E+01    0.31536E+01    0.21098E+01    0.21094E+00
  0.22546E+01    0.28823E+01    0.25412E+01    0.23722E+00
  0.24066E+01    0.34736E+01    0.25261E+01    0.25039E+00
      4      4      3      8
  0.30697E+01    0.29117E+01    0.17978E+01    0.21675E+00
  0.32209E+01    0.33899E+01    0.18802E+01    0.29139E+00
  0.35284E+01    0.29889E+01    0.19976E+01    0.22745E+00
  0.28676E+01    0.35220E+01    0.22937E+01    0.26828E+00
  0.31284E+01    0.30094E+01    0.22415E+01    0.24143E+00
  0.27765E+01    0.31027E+01    0.25181E+01    0.21593E+00
  0.33521E+01    0.26814E+01    0.26441E+01    0.32407E+00
  0.33218E+01    0.35002E+01    0.25096E+01    0.23505E+00
      5      4      3      4
  0.37215E+01    0.34364E+01    0.21738E+01    0.29089E+00
  0.40468E+01    0.30164E+01    0.21804E+01    0.24036E+00
  0.37030E+01    0.30339E+01    0.24633E+01    0.20526E+00
  0.42693E+01    0.35351E+01    0.23308E+01    0.26231E+00
      2      5      3      3
  0.13645E+01    0.40135E+01    0.19379E+01    0.27911E+00
  0.16227E+01    0.41400E+01    0.23966E+01    0.26231E+00
  0.10982E+01    0.40129E+01    0.23802E+01    0.23722E+00
      3      5      3      5
  0.25951E+01    0.37196E+01    0.18556E+01    0.28433E+00
  0.19729E+01    0.39576E+01    0.19524E+01    0.33205E+00
  0.26284E+01    0.42359E+01    0.21555E+01    0.31368E+00
  0.20896E+01    0.44237E+01    0.23422E+01    0.28673E+00
  0.18115E+01    0.35620E+01    0.24872E+01    0.35248E+00
      4      5      3      2
  0.32012E+01    0.40467E+01    0.19452E+01    0.17977E+00
  0.31447E+01    0.40141E+01    0.24343E+01    0.31368E+00
      5      5      3      5
  0.36169E+01    0.38808E+01    0.18267E+01    0.28259E+00
  0.40756E+01    0.38588E+01    0.20305E+01    0.21986E+00
  0.37962E+01    0.43339E+01    0.21960E+01    0.32892E+00
  0.37126E+01    0.38534E+01    0.25862E+01    0.29574E+00
  0.43590E+01    0.42640E+01    0.24180E+01    0.28000E+00
      2      2      4      6
  0.98792E+00    0.17600E+01    0.28864E+01    0.30851E+00
  0.17485E+01    0.17163E+01    0.33688E+01    0.33619E+00
  0.13819E+01    0.13918E+01    0.30416E+01    0.25266E+00
  0.14259E+01    0.12210E+01    0.35448E+01    0.28062E+00
  0.93012E+00    0.11682E+01    0.34452E+01    0.22789E+00
  0.11831E+01    0.16723E+01    0.33818E+01    0.23107E+00
      3      2      4      2
  0.20564E+01    0.11274E+01    0.30118E+01    0.41819E+00
  0.26028E+01    0.14792E+01    0.33298E+01    0.30538E+00
      4      2      4      6
  0.32220E+01    0.14251E+01    0.27275E+01    0.26842E+00
  0.31815E+01    0.16955E+01    0.31685E+01    0.25053E+00
  0.28107E+01    0.10065E+01    0.29250E+01    0.35080E+00
  0.34179E+01    0.10533E+01    0.27032E+01    0.15249E+00
  0.27572E+01    0.96457E+00    0.35459E+01    0.27382E+00
  0.35245E+01    0.13790E+01    0.35308E+01    0.34033E+00
      5      2      4      4
  0.37408E+01    0.16284E+01    0.27038E+01    0.28938E+00
  0.40068E+01    0.12392E+01    0.29090E+01    0.22478E+00
  0.35724E+01    0.12200E+01    0.29969E+01    0.21886E+00
  0.39950E+01    0.99624E+00    0.33541E+01    0.28240E+00
      2      3      4      3
  0.14546E+01    0.22767E+01    0.29988E+01    0.39684E+00
  0.89824E+00    0.25136E+01    0.31476E+01    0.22575E+00
  0.11520E+01    0.24518E+01    0.34450E+01    0.17007E+00
      3      3      4      5
  0.24159E+01    0.24927E+01    0.28523E+01    0.28675E+00
  0.21752E+01    0.19487E+01    0.29316E+01    0.20336E+00
  0.20981E+01    0.22851E+01    0.33409E+01    0.33205E+00
  0.26269E+01    0.26547E+01    0.34821E+01    0.28675E+00
  0.25148E+01    0.19674E+01    0.33855E+01    0.19380E+00
      4      3      4      8
  0.34020E+01    0.20914E+01    0.28507E+01    0.30298E+00
  0.27232E+01    0.18406E+01    0.27581E+01    0.38154E+00
  0.29157E+01    0.24079E+01    0.28228E+01    0.22109E+00
  0.31294E+01    0.23455E+01    0.31520E+01    0.17628E+00
  0.27157E+01    0.22610E+01    0.31826E+01    0.21594E+00
  0.34473E+01    0.19728E+01    0.34962E+01    0.25449E+00
  0.32006E+01    0.25238E+01    0.34993E+01    0.22062E+00
  0.29299E+01    0.19841E+01    0.34546E+01    0.22745E+00
      5      3      4      5
  0.39403E+01    0.23829E+01    0.26678E+01    0.33599E+00
  0.36927E+01    0.24491E+01    0.32766E+01    0.32462E+00
  0.42957E+01    0.20615E+01    0.28926E+01    0.19327E+00
  0.41257E+01    0.22736E+01    0.31062E+01    0.15249E+00
  0.39824E+01    0.18193E+01    0.32630E+01    0.34904E+00
      2      4      4      5
  0.12848E+01    0.29334E+01    0.27722E+01    0.22478E+00
  0.12222E+01    0.34839E+01    0.28264E+01    0.33205E+00
  0.13279E+01    0.29218E+01    0.33382E+01    0.34303E+00
  0.94500E+00    0.33555E+01    0.35312E+01    0.27030E+00
  0.16558E+01    0.34224E+01    0.32595E+01    0.24859E+00
      3      4      4      5
  0.18231E+01    0.30090E+01    0.28890E+01    0.33130E+00
  0.23222E+01    0.31784E+01    0.28516E+01    0.19709E+00
  0.26189E+01    0.29264E+01    0.28507E+01    0.19215E+00
  0.22970E+01    0.28875E+01    0.31616E+01    0.22878E+00
  0.21205E+01    0.32895E+01    0.32607E+01    0.22132E+00
      4      4      4      4
  0.31244E+01    0.31818E+01    0.28252E+01    0.25484E+00
  0.35403E+01    0.34700E+01    0.29608E+01    0.26728E+00
  0.30256E+01    0.27706E+01    0.31229E+01    0.26231E+00
  0.34129E+01    0.30656E+01    0.32339E+01    0.23706E+00
      5      4      4      5
  0.39219E+01    0.29934E+01    0.29647E+01    0.34333E+00
  0.40666E+01    0.35160E+01    0.27789E+01    0.22987E+00
  0.37787E+01    0.29562E+01    0.35447E+01    0.25538E+00
  0.41528E+01    0.26612E+01    0.34878E+01    0.22437E+00
  0.44057E+01    0.32580E+01    0.32129E+01    0.26136E+00
      2      5      4      4
  0.11299E+01    0.43653E+01    0.26651E+01    0.21699E+00
  0.16484E+01    0.39264E+01    0.30164E+01    0.31106E+00
  0.13999E+01    0.44056E+01    0.30175E+01    0.22878E+00
  0.11427E+01    0.38414E+01    0.33281E+01    0.28906E+00
      3      5      4      7
  0.26004E+01    0.39512E+01    0.26863E+01    0.28938E+00
  0.22004E+01    0.36720E+01    0.29617E+01    0.27079E+00
  0.18157E+01    0.43836E+01    0.27787E+01    0.23027E+00
  0.25365E+01    0.39739E+01    0.32219E+01    0.25052E+00
  0.23767E+01    0.35977E+01    0.35309E+01    0.26196E+00
  0.25963E+01    0.43628E+01    0.34989E+01    0.23107E+00
  0.19814E+01    0.39938E+01    0.35216E+01    0.29773E+00
      4      5      4      3
  0.33547E+01    0.40442E+01    0.29705E+01    0.26299E+00
  0.29584E+01    0.42302E+01    0.32236E+01    0.24274E+00
  0.30084E+01    0.35498E+01    0.33504E+01    0.39684E+00
      5      5      4      3
  0.41844E+01    0.40229E+01    0.29296E+01    0.31195E+00
  0.37497E+01    0.38522E+01    0.33279E+01    0.30190E+00
  0.41585E+01    0.41315E+01    0.35311E+01    0.23329E+00
      2      2      5      6
  0.16881E+01    0.15053E+01    0.39248E+01    0.26157E+00
  0.12837E+01    0.15949E+01    0.37725E+01    0.17977E+00
  0.10280E+01    0.12544E+01    0.39299E+01    0.27422E+00
  0.17397E+01    0.12170E+01    0.43113E+01    0.22341E+00
  0.11971E+01    0.16846E+01    0.41903E+01    0.25625E+00
  0.12745E+01    0.95310E+00    0.42208E+01    0.21131E+00
      3      2      5      6
  0.21427E+01    0.13479E+01    0.36710E+01    0.28230E+00
  0.26281E+01    0.13495E+01    0.38559E+01    0.23706E+00
  0.23029E+01    0.16754E+01    0.41112E+01    0.28935E+00
  0.23479E+01    0.89453E+00    0.38730E+01    0.25484E+00
  0.18733E+01    0.16142E+01    0.43287E+01    0.19604E+00
  0.20832E+01    0.10223E+01    0.42019E+01    0.18631E+00
      4      2      5      3
  0.29001E+01    0.16256E+01    0.42335E+01    0.30407E+00
  0.31681E+01    0.10412E+01    0.39030E+01    0.27593E+00
  0.32310E+01    0.11985E+01    0.44191E+01    0.26728E+00
      5      2      5      4
  0.35481E+01    0.16590E+01    0.41602E+01    0.34897E+00
  0.43033E+01    0.13939E+01    0.35618E+01    0.26196E+00
  0.41427E+01    0.14529E+01    0.41123E+01    0.28229E+00
  0.38306E+01    0.10458E+01    0.39542E+01    0.25452E+00
      2      3      5      4
  0.15789E+01    0.22320E+01    0.36650E+01    0.28230E+00
  0.11365E+01    0.19791E+01    0.37410E+01    0.23290E+00
  0.17067E+01    0.26267E+01    0.41833E+01    0.28673E+00
  0.12958E+01    0.23326E+01    0.40791E+01    0.22933E+00
      3      3      5      3
  0.24315E+01    0.22564E+01    0.39190E+01    0.33599E+00
  0.18691E+01    0.20677E+01    0.41376E+01    0.29622E+00
  0.22855E+01    0.20660E+01    0.43849E+01    0.18803E+00
      4      3      5      3
  0.31223E+01    0.21920E+01    0.39687E+01    0.35958E+00
  0.33020E+01    0.25951E+01    0.43968E+01    0.25538E+00
  0.27774E+01    0.26482E+01    0.41961E+01    0.25587E+00
      5      3      5      3
  0.43195E+01    0.21858E+01    0.37338E+01    0.33627E+00
  0.37977E+01    0.23184E+01    0.41693E+01    0.35621E+00
  0.43661E+01    0.22339E+01    0.42697E+01    0.20381E+00
      2      4      5      3
  0.14158E+01    0.33747E+01    0.36558E+01    0.21711E+00
  0.14247E+01    0.29910E+01    0.39154E+01    0.24632E+00
  0.10102E+01    0.33002E+01    0.40966E+01    0.30164E+00
      3      4      5      5
  0.19576E+01    0.28890E+01    0.36486E+01    0.35958E+00
  0.26408E+01    0.31602E+01    0.38837E+01    0.35907E+00
  0.22666E+01    0.27655E+01    0.41609E+01    0.25142E+00
  0.19265E+01    0.35080E+01    0.36031E+01    0.19717E+00
  0.21564E+01    0.35394E+01    0.43599E+01    0.41819E+00
      4      4      5      2
  0.29928E+01    0.27475E+01    0.37790E+01    0.19351E+00
  0.33658E+01    0.31088E+01    0.40256E+01    0.38154E+00
      5      4      5      5
  0.42348E+01    0.30789E+01    0.36312E+01    0.22478E+00
  0.38919E+01    0.34569E+01    0.37619E+01    0.30207E+00
  0.40413E+01    0.27796E+01    0.39088E+01    0.22692E+00
  0.42579E+01    0.33730E+01    0.41065E+01    0.20762E+00
  0.42675E+01    0.26816E+01    0.43263E+01    0.25810E+00
      2      5      5      6
  0.14812E+01    0.44122E+01    0.35995E+01    0.35907E+00
  0.10757E+01    0.40614E+01    0.37607E+01    0.20087E+00
  0.12275E+01    0.36955E+01    0.38605E+01    0.20762E+00
  0.10158E+01    0.39308E+01    0.41790E+01    0.24143E+00
  0.16606E+01    0.38915E+01    0.40009E+01    0.28806E+00
  0.13112E+01    0.41844E+01    0.40458E+01    0.17007E+00
      3      5      5      4
  0.19647E+01    0.43254E+01    0.39499E+01    0.24426E+00
  0.24748E+01    0.40239E+01    0.39105E+01    0.31589E+00
  0.23251E+01    0.44337E+01    0.42333E+01    0.22692E+00
  0.18911E+01    0.41583E+01    0.44173E+01    0.25761E+00
      4      5      5      9
  0.31934E+01    0.44049E+01    0.36158E+01    0.24679E+00
  0.34602E+01    0.37008E+01    0.37051E+01    0.19709E+00
  0.31600E+01    0.39718E+01    0.37612E+01    0.21131E+00
  0.34943E+01    0.39399E+01    0.40987E+01    0.26478E+00
  0.29422E+01    0.36906E+01    0.41237E+01    0.29652E+00
  0.31011E+01    0.41369E+01    0.41056E+01    0.17516E+00
  0.31839E+01    0.39780E+01    0.44005E+01    0.17007E+00
  0.27765E+01    0.41450E+01    0.43525E+01    0.23282E+00
  0.34379E+01    0.43175E+01    0.43719E+01    0.20479E+00
      5      5      5      6
  0.38101E+01    0.40627E+01    0.37800E+01    0.20042E+00
  0.35554E+01    0.43551E+01    0.38679E+01    0.19717E+00
  0.43065E+01    0.38408E+01    0.39413E+01    0.29089E+00
  0.42591E+01    0.43626E+01    0.39484E+01    0.23318E+00
  0.39044E+01    0.36862E+01    0.42554E+01    0.24229E+00
  0.44263E+01    0.41660E+01    0.43588E+01    0.25171E+00
      2      2      6      5
  0.15085E+01    0.15368E+01    0.45299E+01    0.22774E+00
  0.17672E+01    0.12454E+01    0.47555E+01    0.22263E+00
  0.13589E+01    0.11168E+01    0.46183E+01    0.22692E+00
  0.92623E+00    0.10455E+01    0.48714E+01    0.27911E+00
  0.14447E+01    0.11954E+01    0.50395E+01    0.21000E+00
      3      2      6      5
  0.21724E+01    0.13270E+01    0.45116E+01    0.25722E+00
  0.25652E+01    0.15987E+01    0.47148E+01    0.26187E+00
  0.21355E+01    0.13879E+01    0.50121E+01    0.24844E+00
  0.19402E+01    0.17533E+01    0.51669E+01    0.19351E+00
  0.25377E+01    0.13953E+01    0.52964E+01    0.24418E+00
      4      2      6      3
  0.30184E+01    0.14998E+01    0.47091E+01    0.20198E+00
  0.35043E+01    0.14756E+01    0.48047E+01    0.28062E+00
  0.30735E+01    0.12045E+01    0.51609E+01    0.34059E+00
      5      2      6      5
  0.39095E+01    0.10650E+01    0.45523E+01    0.34904E+00
  0.44013E+01    0.12121E+01    0.48702E+01    0.25484E+00
  0.39776E+01    0.10808E+01    0.51888E+01    0.29139E+00
  0.37595E+01    0.16235E+01    0.53121E+01    0.30630E+00
  0.43950E+01    0.12032E+01    0.52774E+01    0.15249E+00
      2      3      6      6
  0.14185E+01    0.20642E+01    0.44866E+01    0.27382E+00
  0.92750E+00    0.19336E+01    0.46494E+01    0.25968E+00
  0.13795E+01    0.17774E+01    0.50688E+01    0.37637E+00
  0.10924E+01    0.24226E+01    0.46437E+01    0.23550E+00
  0.15645E+01    0.24824E+01    0.49954E+01    0.35621E+00
  0.10292E+01    0.26337E+01    0.50200E+01    0.20059E+00
      3      3      6      7
  0.24366E+01    0.24590E+01    0.45297E+01    0.25727E+00
  0.19546E+01    0.23716E+01    0.45633E+01    0.23379E+00
  0.21570E+01    0.26380E+01    0.49268E+01    0.26026E+00
  0.20708E+01    0.18123E+01    0.47097E+01    0.27673E+00
  0.20692E+01    0.21676E+01    0.50942E+01    0.24678E+00
  0.25367E+01    0.23701E+01    0.51826E+01    0.27030E+00
  0.23148E+01    0.17854E+01    0.52994E+01    0.20514E+00
      4      3      6      5
  0.32095E+01    0.20258E+01    0.46629E+01    0.35958E+00
  0.29030E+01    0.26562E+01    0.46641E+01    0.22878E+00
  0.34261E+01    0.23141E+01    0.51991E+01    0.28658E+00
  0.27522E+01    0.22922E+01    0.47898E+01    0.18445E+00
  0.28011E+01    0.18587E+01    0.51610E+01    0.30583E+00
      5      3      6      6
  0.41248E+01    0.18720E+01    0.44972E+01    0.28708E+00
  0.36385E+01    0.24457E+01    0.47324E+01    0.24274E+00
  0.37777E+01    0.19966E+01    0.48939E+01    0.25449E+00
  0.43507E+01    0.23618E+01    0.46784E+01    0.22478E+00
  0.42499E+01    0.24742E+01    0.51310E+01    0.25236E+00
  0.44246E+01    0.19799E+01    0.48878E+01    0.21699E+00
      2      4      6      3
  0.14740E+01    0.32447E+01    0.45495E+01    0.34897E+00
  0.16520E+01    0.31073E+01    0.51518E+01    0.29398E+00
  0.11263E+01    0.32593E+01    0.50351E+01    0.24856E+00
      3      4      6      4
  0.19784E+01    0.29210E+01    0.45412E+01    0.25039E+00
  0.26283E+01    0.30518E+01    0.45102E+01    0.27687E+00
  0.25920E+01    0.28103E+01    0.49286E+01    0.20762E+00
  0.22681E+01    0.31622E+01    0.51619E+01    0.32462E+00
      4      4      6      4
  0.27246E+01    0.35423E+01    0.48038E+01    0.30284E+00
  0.33122E+01    0.28064E+01    0.49340E+01    0.28399E+00
  0.32675E+01    0.32958E+01    0.52119E+01    0.28062E+00
  0.28980E+01    0.27221E+01    0.52394E+01    0.23740E+00
      5      4      6      5
  0.37890E+01    0.28749E+01    0.44762E+01    0.27939E+00
  0.40448E+01    0.33024E+01    0.44691E+01    0.21886E+00
  0.41359E+01    0.30374E+01    0.48677E+01    0.26843E+00
  0.36498E+01    0.32099E+01    0.48581E+01    0.24738E+00
  0.38089E+01    0.27148E+01    0.51090E+01    0.25052E+00
      2      5      6      7
  0.10577E+01    0.36140E+01    0.44978E+01    0.21000E+00
  0.13998E+01    0.38858E+01    0.44481E+01    0.22974E+00
  0.17394E+01    0.38408E+01    0.47594E+01    0.23318E+00
  0.12941E+01    0.37072E+01    0.48739E+01    0.24396E+00
  0.17426E+01    0.36927E+01    0.52852E+01    0.31316E+00
  0.98266E+00    0.41198E+01    0.48174E+01    0.27606E+00
  0.93694E+00    0.37752E+01    0.52550E+01    0.28275E+00
      3      5      6      5
  0.23699E+01    0.41339E+01    0.46803E+01    0.28938E+00
  0.22348E+01    0.37180E+01    0.50036E+01    0.25452E+00
  0.26158E+01    0.41807E+01    0.51380E+01    0.23229E+00
  0.18803E+01    0.42375E+01    0.52411E+01    0.25053E+00
  0.22610E+01    0.40382E+01    0.53011E+01    0.18343E+00
      4      5      6      4
  0.34507E+01    0.35681E+01    0.45093E+01    0.29089E+00
  0.30039E+01    0.40614E+01    0.48120E+01    0.28675E+00
  0.31899E+01    0.36370E+01    0.49028E+01    0.18631E+00
  0.34618E+01    0.39502E+01    0.52052E+01    0.32702E+00
      5      5      6      4
  0.40821E+01    0.39426E+01    0.46078E+01    0.22835E+00
  0.36265E+01    0.40441E+01    0.46695E+01    0.24126E+00
  0.39965E+01    0.41147E+01    0.50497E+01    0.25362E+00
  0.39773E+01    0.35668E+01    0.48616E+01    0.23706E+00
      2      2      7      8
  0.10866E+01    0.12798E+01    0.53235E+01    0.25479E+00
  0.17669E+01    0.13234E+01    0.54702E+01    0.34303E+00
  0.12961E+01    0.15770E+01    0.56144E+01    0.21094E+00
  0.94285E+00    0.13600E+01    0.58897E+01    0.28673E+00
  0.13535E+01    0.96513E+00    0.55319E+01    0.20751E+00
  0.12887E+01    0.17312E+01    0.60409E+01    0.24263E+00
  0.14047E+01    0.12050E+01    0.58592E+01    0.20148E+00
  0.16535E+01    0.13952E+01    0.61594E+01    0.23236E+00
      3      2      7      2
  0.23129E+01    0.11950E+01    0.57089E+01    0.26652E+00
  0.26508E+01    0.11741E+01    0.60470E+01    0.21208E+00
      4      2      7      5
  0.32263E+01    0.13306E+01    0.56535E+01    0.19042E+00
  0.27896E+01    0.16034E+01    0.55979E+01    0.20045E+00
  0.30038E+01    0.15246E+01    0.60272E+01    0.28577E+00
  0.29200E+01    0.11500E+01    0.57614E+01    0.18126E+00
  0.33749E+01    0.91857E+00    0.59054E+01    0.31498E+00
      5      2      7      8
  0.35487E+01    0.11618E+01    0.54592E+01    0.22213E+00
  0.42933E+01    0.15421E+01    0.54994E+01    0.26522E+00
  0.39403E+01    0.17362E+01    0.58379E+01    0.26108E+00
  0.35856E+01    0.14340E+01    0.57896E+01    0.20751E+00
  0.35946E+01    0.16430E+01    0.61733E+01    0.22963E+00
  0.42179E+01    0.10970E+01    0.56194E+01    0.20198E+00
  0.42994E+01    0.96004E+00    0.60191E+01    0.22835E+00
  0.41811E+01    0.13955E+01    0.60956E+01    0.22938E+00
      2      3      7      9
  0.17308E+01    0.21244E+01    0.54601E+01    0.25362E+00
  0.16240E+01    0.17745E+01    0.56922E+01    0.17969E+00
  0.11553E+01    0.22684E+01    0.53945E+01    0.25416E+00
  0.91273E+00    0.18779E+01    0.56644E+01    0.27892E+00
  0.13743E+01    0.20675E+01    0.57507E+01    0.20979E+00
  0.15944E+01    0.25796E+01    0.56398E+01    0.25449E+00
  0.92710E+00    0.25956E+01    0.58526E+01    0.35248E+00
  0.92252E+00    0.20649E+01    0.61835E+01    0.27302E+00
  0.17657E+01    0.18687E+01    0.61022E+01    0.25761E+00
      3      3      7      7
  0.20013E+01    0.25416E+01    0.53808E+01    0.22938E+00
  0.20598E+01    0.18046E+01    0.56846E+01    0.25722E+00
  0.22627E+01    0.22222E+01    0.55644E+01    0.22239E+00
  0.19289E+01    0.22973E+01    0.58880E+01    0.24865E+00
  0.23192E+01    0.25089E+01    0.58638E+01    0.19604E+00
  0.26366E+01    0.19963E+01    0.56819E+01    0.22974E+00
  0.22311E+01    0.20106E+01    0.60556E+01    0.20045E+00
      4      3      7      4
  0.29632E+01    0.22909E+01    0.54787E+01    0.25479E+00
  0.32453E+01    0.18187E+01    0.55768E+01    0.30407E+00
  0.30984E+01    0.25363E+01    0.59451E+01    0.28935E+00
  0.27053E+01    0.21536E+01    0.61990E+01    0.31518E+00
      5      3      7      5
  0.39292E+01    0.21868E+01    0.54899E+01    0.30834E+00
  0.36006E+01    0.25955E+01    0.55896E+01    0.22542E+00
  0.43082E+01    0.26011E+01    0.57668E+01    0.31784E+00
  0.35607E+01    0.21525E+01    0.59892E+01    0.31316E+00
  0.42669E+01    0.20904E+01    0.60225E+01    0.25484E+00
      2      4      7      4
  0.12899E+01    0.33665E+01    0.55543E+01    0.30630E+00
  0.12311E+01    0.28328E+01    0.53805E+01    0.25810E+00
  0.16180E+01    0.30252E+01    0.57447E+01    0.20400E+00
  0.12639E+01    0.30899E+01    0.60781E+01    0.28673E+00
      3      4      7      5
  0.24965E+01    0.27691E+01    0.55318E+01    0.26157E+00
  0.19149E+01    0.32704E+01    0.55639E+01    0.22132E+00
  0.23815E+01    0.34266E+01    0.57060E+01    0.29089E+00
  0.26267E+01    0.26806E+01    0.60983E+01    0.22711E+00
  0.20873E+01    0.29603E+01    0.59781E+01    0.32407E+00
      4      4      7      4
  0.32280E+01    0.28928E+01    0.55585E+01    0.25236E+00
  0.28161E+01    0.30792E+01    0.58438E+01    0.28230E+00
  0.33184E+01    0.32785E+01    0.56417E+01    0.15249E+00
  0.33170E+01    0.31435E+01    0.60256E+01    0.25452E+00
      5      4      7      3
  0.44067E+01    0.30766E+01    0.53737E+01    0.30684E+00
  0.37784E+01    0.31321E+01    0.55300E+01    0.34303E+00
  0.37665E+01    0.27619E+01    0.61043E+01    0.34033E+00
      2      5      7      7
  0.17149E+01    0.36073E+01    0.58629E+01    0.27158E+00
  0.11397E+01    0.42471E+01    0.54227E+01    0.25761E+00
  0.12520E+01    0.44326E+01    0.59054E+01    0.27158E+00
  0.11535E+01    0.38571E+01    0.57072E+01    0.22542E+00
  0.16364E+01    0.43308E+01    0.61220E+01    0.18126E+00
  0.11138E+01    0.39794E+01    0.62058E+01    0.28954E+00
  0.13724E+01    0.35569E+01    0.61919E+01    0.20606E+00
      3      5      7      5
  0.26336E+01    0.37283E+01    0.53241E+01    0.25722E+00
  0.25477E+01    0.41420E+01    0.56263E+01    0.26231E+00
  0.25347E+01    0.38473E+01    0.61552E+01    0.34333E+00
  0.19839E+01    0.41400E+01    0.58021E+01    0.32825E+00
  0.20231E+01    0.37707E+01    0.61405E+01    0.17416E+00
      4      5      7      5
  0.30715E+01    0.36770E+01    0.54113E+01    0.19215E+00
  0.28692E+01    0.38467E+01    0.56682E+01    0.17628E+00
  0.30322E+01    0.43435E+01    0.54067E+01    0.28938E+00
  0.33793E+01    0.41397E+01    0.56982E+01    0.20762E+00
  0.29693E+01    0.41796E+01    0.59193E+01    0.25253E+00
      5      5      7      9
  0.43536E+01    0.41288E+01    0.54590E+01    0.28977E+00
  0.38137E+01    0.43378E+01    0.55411E+01    0.29501E+00
  0.39727E+01    0.36924E+01    0.53446E+01    0.26196E+00
  0.40063E+01    0.39347E+01    0.57202E+01    0.18631E+00
  0.35686E+01    0.43717E+01    0.59532E+01    0.18569E+00
  0.44025E+01    0.37875E+01    0.59073E+01    0.27593E+00
  0.39491E+01    0.35525E+01    0.58880E+01    0.23505E+00
  0.36562E+01    0.39055E+01    0.59363E+01    0.22620E+00
  0.40055E+01    0.42266E+01    0.60162E+01    0.22938E+00
      2      2      8      7
  0.96505E+00    0.15703E+01    0.64055E+01    0.27079E+00
  0.12167E+01    0.10421E+01    0.62742E+01    0.28240E+00
  0.16312E+01    0.11357E+01    0.65073E+01    0.20231E+00
  0.14843E+01    0.17029E+01    0.64984E+01    0.25578E+00
  0.12501E+01    0.11067E+01    0.68929E+01    0.34059E+00
  0.17257E+01    0.14641E+01    0.68793E+01    0.25452E+00
  0.11452E+01    0.17213E+01    0.68557E+01    0.23722E+00
      3      2      8      2
  0.22225E+01    0.14921E+01    0.62424E+01    0.35080E+00
  0.22425E+01    0.16023E+01    0.68638E+01    0.28066E+00
      4      2      8      4
  0.30111E+01    0.10785E+01    0.62587E+01    0.21675E+00
  0.27715E+01    0.13961E+01    0.66355E+01    0.33130E+00
  0.33242E+01    0.13340E+01    0.63280E+01    0.19327E+00
  0.31777E+01    0.17062E+01    0.70247E+01    0.31106E+00
      5      2      8      7
  0.37613E+01    0.11764E+01    0.62692E+01    0.27508E+00
  0.35758E+01    0.14602E+01    0.66893E+01    0.26478E+00
  0.44056E+01    0.88893E+00    0.64219E+01    0.19421E+00
  0.41346E+01    0.14194E+01    0.66053E+01    0.28305E+00
  0.38520E+01    0.10372E+01    0.69471E+01    0.30240E+00
  0.37185E+01    0.17243E+01    0.70872E+01    0.23371E+00
  0.40603E+01    0.14690E+01    0.70732E+01    0.19327E+00
      2      3      8      4
  0.15000E+01    0.25096E+01    0.62111E+01    0.32879E+00
  0.98828E+00    0.24976E+01    0.64160E+01    0.22263E+00
  0.12713E+01    0.21242E+01    0.65226E+01    0.21699E+00
  0.14288E+01    0.22743E+01    0.69772E+01    0.28708E+00
      3      3      8      7
  0.21858E+01    0.24615E+01    0.63541E+01    0.30834E+00
  0.25814E+01    0.26200E+01    0.67649E+01    0.28358E+00
  0.17989E+01    0.21527E+01    0.64557E+01    0.19709E+00
  0.21611E+01    0.19712E+01    0.65403E+01    0.21679E+00
  0.18890E+01    0.23917E+01    0.67898E+01    0.22343E+00
  0.21727E+01    0.26002E+01    0.70792E+01    0.23236E+00
  0.23344E+01    0.21629E+01    0.69355E+01    0.25543E+00
      4      3      8      4
  0.33216E+01    0.24446E+01    0.65600E+01    0.37122E+00
  0.31346E+01    0.18409E+01    0.64629E+01    0.26828E+00
  0.28147E+01    0.21326E+01    0.67600E+01    0.25682E+00
  0.31826E+01    0.21924E+01    0.70243E+01    0.17516E+00
      5      3      8      6
  0.39540E+01    0.22757E+01    0.63552E+01    0.23807E+00
  0.40013E+01    0.18157E+01    0.63147E+01    0.22620E+00
  0.36184E+01    0.19251E+01    0.65325E+01    0.22774E+00
  0.43152E+01    0.26456E+01    0.63586E+01    0.27562E+00
  0.40417E+01    0.20253E+01    0.68095E+01    0.28806E+00
  0.40821E+01    0.24653E+01    0.70666E+01    0.22312E+00
      2      4      8      4
  0.98120E+00    0.35125E+01    0.63241E+01    0.20952E+00
  0.12198E+01    0.29578E+01    0.67316E+01    0.38154E+00
  0.17440E+01    0.35212E+01    0.69458E+01    0.29501E+00
  0.17015E+01    0.27261E+01    0.70638E+01    0.24780E+00
      3      4      8      5
  0.23917E+01    0.32868E+01    0.63820E+01    0.27802E+00
  0.17847E+01    0.33300E+01    0.63822E+01    0.30164E+00
  0.18201E+01    0.28160E+01    0.65866E+01    0.25207E+00
  0.25591E+01    0.31572E+01    0.68845E+01    0.26728E+00
  0.20658E+01    0.30817E+01    0.70590E+01    0.26136E+00
      4      4      8      3
  0.29272E+01    0.30073E+01    0.64403E+01    0.32879E+00
  0.34620E+01    0.30314E+01    0.64714E+01    0.20751E+00
  0.30125E+01    0.27734E+01    0.68991E+01    0.19327E+00
      5      4      8      5
  0.37246E+01    0.33288E+01    0.62505E+01    0.24657E+00
  0.38926E+01    0.26733E+01    0.66796E+01    0.25538E+00
  0.41799E+01    0.31633E+01    0.64033E+01    0.26136E+00
  0.42507E+01    0.29394E+01    0.68120E+01    0.21000E+00
  0.37134E+01    0.32021E+01    0.69638E+01    0.37122E+00
      2      5      8      4
  0.13417E+01    0.44013E+01    0.63930E+01    0.22526E+00
  0.16383E+01    0.38976E+01    0.64283E+01    0.28638E+00
  0.12731E+01    0.35870E+01    0.66744E+01    0.25253E+00
  0.12332E+01    0.40798E+01    0.67132E+01    0.24126E+00
      3      5      8      4
  0.20983E+01    0.42188E+01    0.63902E+01    0.27606E+00
  0.21239E+01    0.37222E+01    0.65593E+01    0.24632E+00
  0.19123E+01    0.40710E+01    0.68954E+01    0.28229E+00
  0.25980E+01    0.37350E+01    0.67911E+01    0.28146E+00
      4      5      8      5
  0.30992E+01    0.42176E+01    0.63428E+01    0.19215E+00
  0.27067E+01    0.42470E+01    0.65975E+01    0.27673E+00
  0.31403E+01    0.36612E+01    0.64584E+01    0.35907E+00
  0.33112E+01    0.40171E+01    0.68862E+01    0.22312E+00
  0.32637E+01    0.35918E+01    0.70275E+01    0.22745E+00
      5      5      8      8
  0.36237E+01    0.41705E+01    0.64393E+01    0.34333E+00
  0.41487E+01    0.43529E+01    0.63874E+01    0.18802E+00
  0.40343E+01    0.38311E+01    0.62432E+01    0.22437E+00
  0.38036E+01    0.36518E+01    0.65838E+01    0.22439E+00
  0.41208E+01    0.39872E+01    0.67234E+01    0.25787E+00
  0.38093E+01    0.42699E+01    0.69750E+01    0.23229E+00
  0.41004E+01    0.36230E+01    0.70035E+01    0.20198E+00
  0.44246E+01    0.43075E+01    0.70250E+01    0.27686E+00
      2      2      9      0
      3      2      9      4
  0.26577E+01    0.14819E+01    0.72481E+01    0.29773E+00
  0.25569E+01    0.88872E+00    0.74227E+01    0.32879E+00
  0.20717E+01    0.11292E+01    0.71210E+01    0.28433E+00
  0.21186E+01    0.15417E+01    0.74286E+01    0.23236E+00
      4      2      9      3
  0.33466E+01    0.11728E+01    0.71749E+01    0.26828E+00
  0.31190E+01    0.14678E+01    0.75101E+01    0.23296E+00
  0.27226E+01    0.13322E+01    0.77966E+01    0.27452E+00
      5      2      9      3
  0.39726E+01    0.16131E+01    0.74807E+01    0.24780E+00
  0.37677E+01    0.11516E+01    0.74884E+01    0.25727E+00
  0.42742E+01    0.12211E+01    0.75537E+01    0.25214E+00
      2      3      9      1
  0.10262E+01    0.25703E+01    0.72113E+01    0.26482E+00
      3      3      9      3
  0.18774E+01    0.19415E+01    0.71672E+01    0.30284E+00
  0.23742E+01    0.19106E+01    0.73421E+01    0.22478E+00
  0.21145E+01    0.23004E+01    0.76112E+01    0.31548E+00
      4      3      9      3
  0.28979E+01    0.24421E+01    0.71011E+01    0.21131E+00
  0.34731E+01    0.18021E+01    0.75015E+01    0.25416E+00
  0.31065E+01    0.22734E+01    0.75942E+01    0.35005E+00
      5      3      9      3
  0.43692E+01    0.25268E+01    0.74681E+01    0.27431E+00
  0.36253E+01    0.22405E+01    0.71952E+01    0.30190E+00
  0.39574E+01    0.20836E+01    0.75864E+01    0.23476E+00
      2      4      9      1
  0.15288E+01    0.31367E+01    0.72218E+01    0.22488E+00
      3      4      9      6
  0.26220E+01    0.28016E+01    0.73010E+01    0.28399E+00
  0.19759E+01    0.27966E+01    0.74437E+01    0.22620E+00
  0.18632E+01    0.33321E+01    0.73805E+01    0.19380E+00
  0.24005E+01    0.32764E+01    0.73044E+01    0.19709E+00
  0.21992E+01    0.34361E+01    0.77427E+01    0.31106E+00
  0.23219E+01    0.27485E+01    0.76506E+01    0.17977E+00
      4      4      9      2
  0.33381E+01    0.27469E+01    0.72448E+01    0.28240E+00
  0.32958E+01    0.33371E+01    0.76199E+01    0.41819E+00
      5      4      9      5
  0.41318E+01    0.28757E+01    0.72169E+01    0.21679E+00
  0.43322E+01    0.33564E+01    0.74153E+01    0.34059E+00
  0.37765E+01    0.28760E+01    0.75265E+01    0.25449E+00
  0.42535E+01    0.35300E+01    0.79800E+01    0.25543E+00
  0.42124E+01    0.29135E+01    0.78300E+01    0.27798E+00
      2      5      9      3
  0.13477E+01    0.43097E+01    0.72691E+01    0.37122E+00
  0.98138E+00    0.37445E+01    0.71356E+01    0.31548E+00
  0.96698E+00    0.40289E+01    0.75243E+01    0.16636E+00
      3      5      9      3
  0.20554E+01    0.43141E+01    0.73738E+01    0.27302E+00
  0.22210E+01    0.37166E+01    0.72155E+01    0.28658E+00
  0.26226E+01    0.43840E+01    0.74228E+01    0.26517E+00
      4      5      9      1
  0.29057E+01    0.39136E+01    0.72603E+01    0.30735E+00
      5      5      9      4
  0.40743E+01    0.39909E+01    0.72867E+01    0.26299E+00
  0.38836E+01    0.36747E+01    0.76580E+01    0.26070E+00
  0.43817E+01    0.38738E+01    0.76578E+01    0.23293E+00
  0.38869E+01    0.41793E+01    0.79214E+01    0.30851E+00
      2      2     10      0
      3      2     10      0
      4      2     10      0
      5      2     10      0
      2      3     10      0
      3      3     10      0
      4      3     10      0
      5      3     10      0
      2      4     10      0
      3      4     10      0
      4      4     10      0
      5      4     10      0
      2      5     10      0
      3      5     10      0
      4      5     10      0
      5      5     10      0
