SGSIM SIMULATIONS:                                                              
1
Simulated Value
  1.3900
 -0.1070
  0.8602
 -1.1173
  1.6446
 -0.7425
  1.0260
 -2.0886
 -0.5691
  0.3342
  1.0318
 -0.3350
  0.6318
  0.1263
  2.7117
 -0.9240
  0.4867
 -2.1244
 -1.6392
  1.2541
  0.4033
  0.1675
 -0.2255
 -0.1915
  0.8517
 -0.8332
  0.4096
 -1.6205
 -1.0397
 -0.0581
  0.0946
 -0.7358
 -0.1890
  0.0725
  0.7828
  0.0364
 -1.2416
 -0.7643
 -2.1944
  0.1857
  0.4015
  0.1540
  0.7203
  0.7379
  0.5349
  0.5731
 -0.7682
 -0.7228
 -1.5569
  0.0629
 -0.7035
 -0.8672
  0.3699
 -0.1908
 -0.0060
  1.1287
  0.1056
 -0.8868
 -2.3614
 -0.1020
 -1.6835
 -0.6293
  0.8447
  0.8166
  1.1279
  1.4256
  0.1129
  0.2777
 -1.2572
  0.0943
 -1.5286
 -0.6892
  0.8387
  0.6335
  0.9567
  0.3816
  0.1118
  0.5467
 -1.1483
 -0.2848
 -2.1872
 -1.0365
  0.7944
  1.4431
  0.1071
  0.2692
  0.3141
  0.2031
 -1.9049
  0.2230
 -2.2698
 -0.8317
  0.9043
  0.4306
  0.5714
  0.6666
  0.0490
 -0.6105
 -2.8386
  0.2420
  1.2135
  1.3392
 -0.4842
  0.3086
  1.4629
 -0.1774
 -1.6018
  0.1814
 -1.4981
 -1.4868
  0.7371
  0.2355
  0.5768
  0.1916
  0.7496
 -0.9966
 -1.5643
  0.4697
 -1.1544
 -0.9035
  0.7669
  0.4589
 -0.5460
  0.5568
  1.7215
 -1.0042
 -1.5878
  0.5664
 -1.4714
 -0.8067
  1.1072
  1.5318
 -0.8233
  0.7197
  0.7639
 -0.9928
 -0.9272
 -0.6841
 -0.5377
 -0.9761
  1.9954
  0.7441
 -0.1022
  0.5450
  0.3710
 -1.4880
 -0.4099
 -0.1222
  0.2721
 -0.4957
  2.0729
  0.4491
  0.0412
  1.0249
 -0.5563
 -0.9758
  0.3544
 -0.1858
 -0.0048
 -0.7762
  2.1522
  1.4292
  0.4606
  0.3148
 -0.4848
 -0.8711
  0.1202
 -0.4461
  0.3768
 -0.8971
  1.4538
  1.2872
  0.8219
  1.3797
  0.4390
 -0.5211
 -0.4517
 -0.7684
  0.5702
 -0.4304
  0.7158
  1.3318
  1.4475
  0.9635
  0.2811
 -0.7460
 -0.7984
 -1.1733
 -0.3854
 -1.4942
  0.6157
  1.1144
 -0.2806
  0.5486
 -0.2694
 -1.7239
 -0.5257
 -1.6290
 -0.7849
 -2.3234
  0.1999
  1.0662
 -1.8914
 -0.8167
  0.0609
 -0.1324
  1.5770
  1.6361
  0.0133
  0.1583
  0.0744
  0.6740
 -0.9574
 -1.2264
  0.0164
  0.6161
  1.1074
  0.3935
 -0.2842
 -0.2680
 -0.7356
  1.2700
 -0.7366
 -1.3803
  0.4433
  0.5655
 -0.1610
  0.3956
 -0.3915
 -0.3984
 -0.7774
  1.4288
 -1.7288
 -1.5453
  0.3687
  0.1428
  0.8401
  0.9744
 -0.4011
 -0.3669
 -0.9949
  1.2580
 -2.0535
 -2.1661
  0.0271
  0.5952
  0.0545
  1.0817
  0.3039
 -0.9471
 -1.7329
  0.9939
 -1.3175
 -2.1126
 -0.8757
  1.5212
 -0.8456
  0.9980
  0.9021
 -1.5052
 -1.2188
  0.5689
 -2.0582
 -1.7980
 -0.4289
  1.7515
 -0.9078
  0.9822
  0.7349
 -2.2095
 -1.7714
  0.7208
 -1.4277
 -0.7471
 -0.7731
  1.8749
 -1.3444
  0.7403
  0.6662
 -0.9813
 -1.9318
  0.5789
 -1.1482
 -0.4649
 -1.1523
 -0.1363
 -1.5923
  0.7375
 -0.3452
 -3.1870
 -1.5973
  0.7467
 -0.9066
 -1.1201
 -1.2681
  0.3432
 -1.9061
  0.2949
 -0.2121
 -2.9262
  1.8074
 -0.2118
  1.6969
  0.5824
 -1.6525
 -1.2327
  0.1860
  1.9497
  0.2097
 -2.1148
  1.9284
  1.0534
  1.7394
 -0.2191
 -1.7221
 -0.6119
  0.7366
  1.1821
 -1.4792
 -1.8953
  1.3335
  1.3530
  3.0227
 -0.7454
 -2.2681
 -0.1689
  2.0631
  0.6523
 -0.9648
 -1.1742
  1.2120
  2.0992
  2.6826
 -0.2826
 -2.2222
 -0.3239
  0.9666
  0.2778
 -0.8240
 -1.3415
  0.0555
  1.2667
  2.2290
  0.5690
 -2.4344
  0.2544
  1.0356
  0.7338
 -0.2187
 -1.6046
  0.0738
  1.2632
  1.8450
  0.6177
 -1.5015
  0.8294
  0.9584
  1.0246
 -0.6262
 -0.3326
 -0.2263
 -0.1408
  1.3036
  0.4295
 -2.0916
 -1.4616
  0.4308
  0.6709
 -0.7529
  0.4086
  0.6659
 -0.6448
  0.8839
  0.6696
 -0.7451
 -1.3434
  0.9011
 -0.0448
 -1.2200
  0.3268
  0.8159
 -0.8903
  0.5059
  0.7912
 -1.1762
 -2.1540
  0.2615
 -0.0133
 -0.8745
  0.3750
  0.2888
 -0.9904
  0.6649
  0.5733
 -1.7098
 -1.9919
  0.2608
 -0.1773
  0.6716
  2.0135
 -0.8734
 -1.9877
  1.6832
  1.9807
  1.2314
  0.2597
  0.0014
  0.9433
  0.8853
 -0.8197
 -1.0022
 -2.1327
  0.7465
  1.3866
  1.1582
  0.0325
 -0.3677
  1.9086
  1.0278
 -0.4458
 -1.3022
 -1.9694
  0.3343
  0.7135
  0.9999
  0.6362
  0.2398
  1.3703
  0.5786
 -0.0768
 -0.5497
 -1.6663
  1.5217
  1.4080
 -0.4256
  0.2247
 -0.0587
  0.8601
  0.3890
 -1.0406
 -1.0552
 -0.4934
  1.1193
  1.2786
  0.1382
  0.9297
 -0.1866
  1.5725
  0.8817
 -0.9371
 -0.2466
 -1.9076
  1.7837
  2.2322
  0.2944
  0.4812
  0.0365
  2.2454
  0.9641
 -1.0966
 -0.5505
 -1.5384
  2.2146
  1.6243
  0.6467
  1.0503
  0.2451
  1.8322
  0.7602
 -0.0379
  0.0760
 -2.2388
  1.5945
  0.9627
  0.6332
  1.0589
 -0.0251
  1.3503
  1.0180
 -0.9368
  0.4447
 -1.4748
 -0.0591
  0.1306
  1.3026
  0.9717
 -0.2098
  1.3117
  0.9628
 -0.9285
  0.0463
 -0.9268
 -0.3236
  0.5942
  0.5702
  0.6932
 -0.4184
  1.8535
 -0.2002
 -0.7791
 -2.1803
 -2.0651
 -1.0479
 -0.1782
 -2.1204
 -0.0447
 -0.2000
  0.1668
 -0.1369
  0.6239
 -1.2422
 -1.4939
 -0.1775
 -0.0625
 -1.5892
  0.3747
 -0.2457
 -0.5412
 -1.2389
  0.9542
 -1.6752
 -0.8453
 -0.8798
  1.0991
 -1.4686
 -0.2009
 -0.0833
 -0.2987
 -1.0397
  0.6323
 -0.3774
  0.7909
 -0.3859
  0.9976
 -0.6809
 -0.0568
  0.1604
 -0.3599
 -1.6537
  0.9908
  0.2075
  1.2477
 -0.6738
  1.1322
 -0.5407
  0.1322
 -0.8472
 -0.7120
 -0.7599
  0.5737
  0.3111
  0.7412
  0.3461
  1.2269
 -1.6000
  0.7695
 -1.3186
 -0.2105
 -0.2826
 -0.3526
  0.8228
  1.2663
  1.0484
  1.6888
 -1.6940
  1.3952
 -0.8925
 -1.2326
 -0.2418
 -0.1330
  1.1896
  1.6371
  1.0542
  0.8295
 -1.2245
  1.3533
 -0.7361
  0.4702
 -0.2720
  0.2359
  0.6842
  1.4163
  0.3110
  0.7523
 -0.9080
  0.6543
 -1.7969
  0.4804
 -0.2575
  0.4907
  1.0412
  1.8700
  0.2896
  1.1311
 -0.5934
 -0.7695
 -1.8827
  0.4672
  0.0501
  0.6134
 -1.6908
  0.9127
 -1.2266
  1.9059
  1.0660
 -0.4051
  0.0423
 -0.1395
 -0.0445
  1.2299
 -0.3162
  0.1699
 -2.1242
  2.6008
  0.8695
 -0.0842
 -0.5226
  0.1083
 -0.2867
  0.1994
 -0.5378
  0.8021
 -2.2763
  2.9157
  0.5174
 -1.2511
 -1.5681
  1.0418
 -0.7969
 -0.0412
 -1.3675
  1.1790
 -1.7671
  2.2495
 -0.7940
 -0.0834
 -1.3645
  0.4482
 -0.0044
  0.1198
 -0.3352
  1.8389
 -1.3599
  1.9108
  0.0773
 -0.5431
 -1.3545
 -0.0300
 -0.0085
 -0.3329
 -0.7607
  0.5713
 -1.3722
  1.5673
 -0.4497
  0.0966
 -0.6535
 -0.1094
  0.0112
 -0.7068
 -0.7127
  0.6794
 -0.2575
  0.4471
  0.4920
  1.1795
 -0.2705
  0.3932
 -0.4443
 -0.5887
  0.4891
 -0.2950
 -0.7540
  0.9389
  1.0328
  0.8405
 -0.3788
 -0.1855
  0.0540
 -1.2033
  0.3827
 -0.1236
  0.0739
  0.3679
  1.1168
  0.5535
  0.2524
  0.1158
 -0.6160
 -0.1594
 -0.8302
  0.5306
  0.5121
  0.9479
  1.0899
  0.5503
  0.2846
 -0.5547
 -1.7563
 -0.0928
  1.8105
  0.3119
 -0.8190
  0.6578
  0.7345
  1.2869
 -0.3912
 -0.7460
 -1.3149
 -0.3252
  0.9963
 -0.2357
 -1.4296
  1.8714
  1.0966
  0.5852
 -0.2747
 -1.9583
 -0.8408
 -0.9430
  0.8498
 -1.2663
 -0.7997
  0.4509
  1.2054
 -0.4176
 -0.8850
 -2.3519
 -0.3677
 -0.0692
  0.8492
 -1.4698
 -0.8227
  0.7566
  0.7001
 -0.1562
 -2.0846
 -2.4545
 -0.0607
 -0.4173
  1.8782
 -0.6416
 -0.6506
  0.4692
  1.1750
  0.1948
 -2.0689
 -1.9631
  0.5325
 -0.3567
  1.6504
 -1.0989
 -1.1838
 -0.3034
  0.9144
  0.4327
 -2.2021
 -0.9306
 -1.1814
 -0.1463
  1.3627
 -1.1268
  0.6333
  0.1906
  1.3719
  0.4379
 -2.4063
 -0.6657
 -0.7996
 -0.8884
  1.1800
 -1.8459
  0.6834
  1.1936
  1.0428
 -0.9528
 -1.8231
 -1.6819
  0.3154
 -1.0330
  1.5405
 -1.7064
  1.6283
  1.2713
  2.1427
 -0.7806
 -1.2964
  0.2400
  0.3122
 -0.2152
  1.4873
 -1.9604
  1.6771
  0.9614
  2.0211
 -0.8687
 -0.5033
  0.7282
 -0.2345
 -0.9386
 -0.0807
 -1.8383
 -0.9437
 -1.1061
 -2.1747
 -1.9533
  0.1336
 -0.2701
  0.0979
 -0.3871
  0.1062
 -2.2634
 -1.0653
 -0.9699
 -1.6111
 -1.3465
  1.2567
 -1.1122
  0.0704
 -0.6833
  1.1078
 -1.8381
 -0.9221
 -1.3165
 -0.9097
 -2.6168
 -0.2359
 -0.3817
 -0.3129
 -0.9746
  1.7576
 -1.3132
 -0.9610
 -1.4293
 -0.4025
 -1.4567
 -1.0828
 -0.4446
 -0.3959
 -0.6859
  1.0780
 -0.8479
 -0.5534
 -0.7035
 -0.0135
 -1.6581
 -1.2876
 -0.7808
 -1.0027
 -0.1632
  0.5031
 -0.2284
 -1.1384
 -0.6414
  0.9487
 -0.7357
 -0.4450
 -0.1267
 -1.0835
 -0.9637
  0.5480
  0.3813
 -1.0935
 -0.9880
  0.7495
  0.0916
 -1.2002
 -0.2728
 -1.0779
 -1.4009
 -0.2645
 -0.3471
 -0.8625
 -1.0332
 -0.7293
 -0.7209
 -0.2034
 -1.7892
 -0.0512
 -2.4816
  0.1850
 -0.6174
  0.2947
  0.1197
  0.7635
 -0.6197
 -0.9333
 -1.0976
 -0.3433
 -1.8971
  0.8586
 -0.0801
  1.6386
  0.3767
  1.0913
  0.2284
 -1.2349
 -1.5416
 -0.1775
 -1.1636
 -0.3262
 -0.4833
  0.2164
 -1.3241
  1.2539
  0.7195
 -0.7558
 -1.3730
  1.0050
  0.0899
  0.5299
  0.9483
 -1.1544
 -1.5492
  0.0292
  1.8005
  0.1513
 -1.4600
  0.0119
  0.2324
 -0.0413
  0.8473
 -1.0563
 -1.0876
 -0.4336
  1.7005
 -0.1203
  0.1760
  0.0607
  0.0398
 -0.7588
  0.3074
 -0.0508
  0.1481
  0.3362
  1.3773
  0.6291
 -0.5262
  0.2566
 -1.6365
  0.8597
  0.1947
 -0.4065
 -1.1922
 -0.0738
  0.5423
  0.9420
  0.2723
  0.5809
 -1.2883
 -0.8535
 -0.1243
  0.1837
 -1.8818
  0.9325
  0.1753
  0.1587
  0.1310
  0.3047
 -2.6656
  0.1265
 -1.0806
 -0.3898
 -1.6669
  0.7735
 -0.9977
  0.3270
 -0.3070
  0.0688
 -2.5295
 -0.6749
 -1.0565
  0.2766
 -1.3619
 -0.6083
 -0.5321
  0.7459
  0.3615
 -0.6972
 -1.3343
 -0.9434
 -1.3919
  0.3658
 -1.7466
 -1.6588
  0.4285
  1.0033
 -0.3486
 -1.1812
 -0.2829
 -1.4962
 -1.8160
  0.6179
 -0.7251
 -2.2799
 -0.1581
  0.3190
 -0.4166
 -1.3073
 -0.0451
