      1      1      1      4
  0.20808E-01    0.19664E+00    0.28979E-01    0.12009E+00
  0.25591E+00    0.18201E+00    0.39723E-01    0.11571E+00
  0.12691E+00    0.89688E-04    0.12305E+00    0.12236E+00
  0.19573E+00    0.18758E+00    0.27904E+00    0.13115E+00
      2      1      1      2
  0.50242E+00    0.19345E+00    0.37400E-01    0.12198E+00
  0.40807E+00    0.45260E-01    0.21985E+00    0.13130E+00
      3      1      1      5
  0.97339E+00    0.10440E+00    0.46422E-01    0.11571E+00
  0.73985E+00    0.13602E+00    0.45306E-01    0.12236E+00
  0.85089E+00    0.33468E-01    0.23746E+00    0.12212E+00
  0.68145E+00    0.29541E+00    0.22116E+00    0.12212E+00
  0.94266E+00    0.25352E+00    0.23166E+00    0.11638E+00
      4      1      1      4
  0.10860E+01    0.32449E+00    0.42575E-01    0.13130E+00
  0.12284E+01    0.11453E+00    0.42731E-01    0.12236E+00
  0.11997E+01    0.23799E+00    0.24937E+00    0.12009E+00
  0.10783E+01    0.42906E-01    0.32588E+00    0.12212E+00
      5      1      1      4
  0.14485E+01    0.28063E+00    0.43947E-02    0.13130E+00
  0.15516E+01    0.57739E-01    0.36424E-01    0.11638E+00
  0.14061E+01    0.13540E+00    0.19966E+00    0.11571E+00
  0.16047E+01    0.39857E-01    0.28918E+00    0.12212E+00
      6      1      1      3
  0.17734E+01    0.12814E+00    0.37707E-01    0.11638E+00
  0.17484E+01    0.25286E+00    0.23945E+00    0.12212E+00
  0.18536E+01    0.21615E-01    0.24621E+00    0.13115E+00
      7      1      1      5
  0.19905E+01    0.98657E-02    0.22601E-01    0.13130E+00
  0.21907E+01    0.23378E+00    0.34872E-01    0.11571E+00
  0.22390E+01    0.43947E-02    0.59945E-01    0.12009E+00
  0.19750E+01    0.23649E+00    0.13494E+00    0.12212E+00
  0.21655E+01    0.13541E+00    0.25043E+00    0.12257E+00
      1      2      1      6
  0.77580E-01    0.42611E+00    0.22870E-01    0.11638E+00
  0.31391E+00    0.45456E+00    0.41227E-01    0.12236E+00
  0.27803E-02    0.33179E+00    0.22208E+00    0.11638E+00
  0.13923E+00    0.62753E+00    0.13474E+00    0.12212E+00
  0.19085E+00    0.45444E+00    0.29611E+00    0.12009E+00
  0.13453E-02    0.59171E+00    0.32518E+00    0.11571E+00
      2      2      1      3
  0.56701E+00    0.43904E+00    0.46629E-01    0.13130E+00
  0.39276E+00    0.57108E+00    0.23868E+00    0.12009E+00
  0.42061E+00    0.32966E+00    0.22265E+00    0.12212E+00
      3      2      1      3
  0.77060E+00    0.57329E+00    0.33185E-02    0.11638E+00
  0.83719E+00    0.35441E+00    0.49615E-01    0.11704E+00
  0.77716E+00    0.52763E+00    0.25376E+00    0.13115E+00
      4      2      1      3
  0.12249E+01    0.54760E+00    0.47064E-01    0.13130E+00
  0.98210E+00    0.57699E+00    0.11342E+00    0.12212E+00
  0.11340E+01    0.46828E+00    0.26753E+00    0.12009E+00
      5      2      1      3
  0.15954E+01    0.41279E+00    0.15246E+00    0.11571E+00
  0.13961E+01    0.51626E+00    0.23155E+00    0.12236E+00
  0.16148E+01    0.61169E+00    0.27179E+00    0.11704E+00
      6      2      1      3
  0.18090E+01    0.39391E+00    0.49507E-01    0.12212E+00
  0.16850E+01    0.60439E+00    0.42815E-01    0.12257E+00
  0.19382E+01    0.52929E+00    0.20675E+00    0.12236E+00
      7      2      1      2
  0.20955E+01    0.44413E+00    0.49650E-01    0.11571E+00
  0.21784E+01    0.55549E+00    0.24249E+00    0.12198E+00
      1      3      1      3
  0.17326E+00    0.84739E+00    0.33549E-01    0.12236E+00
  0.48951E-01    0.94863E+00    0.21813E+00    0.12212E+00
  0.20031E+00    0.78221E+00    0.31387E+00    0.12236E+00
      2      3      1      4
  0.54261E+00    0.90621E+00    0.29956E-01    0.12563E+00
  0.34847E+00    0.69056E+00    0.39450E-01    0.11638E+00
  0.59661E+00    0.68163E+00    0.14211E+00    0.13115E+00
  0.35266E+00    0.90562E+00    0.17885E+00    0.11571E+00
      3      3      1      2
  0.87127E+00    0.78238E+00    0.48633E-01    0.12009E+00
  0.67031E+00    0.90260E+00    0.24264E+00    0.12257E+00
      4      3      1      3
  0.11365E+01    0.89443E+00    0.17549E-01    0.12198E+00
  0.12557E+01    0.75926E+00    0.17915E+00    0.12009E+00
  0.10265E+01    0.76933E+00    0.25793E+00    0.12257E+00
      5      3      1      4
  0.14491E+01    0.66836E+00    0.47084E-01    0.12257E+00
  0.13834E+01    0.90711E+00    0.30225E-01    0.12563E+00
  0.16301E+01    0.92777E+00    0.15404E-01    0.12236E+00
  0.15290E+01    0.82801E+00    0.21495E+00    0.12257E+00
      6      3      1      2
  0.18193E+01    0.79933E+00    0.95821E-01    0.12009E+00
  0.18255E+01    0.71296E+00    0.32203E+00    0.12212E+00
      7      3      1      4
  0.22626E+01    0.76926E+00    0.48521E-01    0.12009E+00
  0.20158E+01    0.93138E+00    0.29274E-01    0.12009E+00
  0.20289E+01    0.68052E+00    0.24655E-01    0.13115E+00
  0.21023E+01    0.81760E+00    0.23604E+00    0.13130E+00
      1      4      1      3
  0.14843E+00    0.10903E+01    0.45831E-01    0.12212E+00
  0.25792E-01    0.12183E+01    0.21446E+00    0.12257E+00
  0.24223E+00    0.10906E+01    0.26505E+00    0.11638E+00
      2      4      1      4
  0.55723E+00    0.13047E+01    0.18386E-01    0.11638E+00
  0.38756E+00    0.10923E+01    0.44369E-01    0.11704E+00
  0.59111E+00    0.11209E+01    0.16635E+00    0.12198E+00
  0.39800E+00    0.12629E+01    0.21147E+00    0.12198E+00
      3      4      1      2
  0.77724E+00    0.10061E+01    0.47838E-01    0.12257E+00
  0.94235E+00    0.11853E+01    0.27479E-01    0.12198E+00
      4      4      1      4
  0.11758E+01    0.11270E+01    0.46960E-01    0.11571E+00
  0.98415E+00    0.99740E+00    0.17892E+00    0.12257E+00
  0.12833E+01    0.10171E+01    0.22832E+00    0.12212E+00
  0.10384E+01    0.11859E+01    0.31650E+00    0.11704E+00
      5      4      1      4
  0.13376E+01    0.13011E+01    0.43069E-01    0.12257E+00
  0.15800E+01    0.12792E+01    0.14329E-01    0.12257E+00
  0.15032E+01    0.10892E+01    0.14881E+00    0.12257E+00
  0.14446E+01    0.12877E+01    0.28580E+00    0.12563E+00
      6      4      1      2
  0.18031E+01    0.10412E+01    0.16181E+00    0.13115E+00
  0.17326E+01    0.12762E+01    0.19898E+00    0.11704E+00
      7      4      1      4
  0.19635E+01    0.11671E+01    0.11929E-01    0.12198E+00
  0.21844E+01    0.12587E+01    0.18117E-01    0.11704E+00
  0.22378E+01    0.10105E+01    0.25561E-01    0.11571E+00
  0.20943E+01    0.10841E+01    0.20504E+00    0.12563E+00
      1      5      1      3
  0.11123E+00    0.13277E+01    0.15412E-01    0.12009E+00
  0.14260E-01    0.15270E+01    0.11418E+00    0.12257E+00
  0.23419E+00    0.15655E+01    0.19740E+00    0.11571E+00
      2      5      1      2
  0.32702E+00    0.14176E+01    0.45617E-01    0.11571E+00
  0.57891E+00    0.15112E+01    0.15340E+00    0.13130E+00
      3      5      1      4
  0.85096E+00    0.15886E+01    0.49617E-01    0.13130E+00
  0.77780E+00    0.13539E+01    0.72861E-01    0.11571E+00
  0.91677E+00    0.15507E+01    0.28460E+00    0.11571E+00
  0.67814E+00    0.13174E+01    0.28960E+00    0.12563E+00
      4      5      1      4
  0.11743E+01    0.14865E+01    0.14064E-01    0.12563E+00
  0.11524E+01    0.15837E+01    0.24465E+00    0.12563E+00
  0.99608E+00    0.13863E+01    0.14240E+00    0.11571E+00
  0.12059E+01    0.13415E+01    0.24550E+00    0.12236E+00
      5      5      1      3
  0.15510E+01    0.15804E+01    0.65472E-02    0.12563E+00
  0.13711E+01    0.15117E+01    0.15899E+00    0.12009E+00
  0.15995E+01    0.14725E+01    0.22929E+00    0.12212E+00
      6      5      1      1
  0.17462E+01    0.14491E+01    0.41874E-01    0.11704E+00
      7      5      1      3
  0.20671E+01    0.14708E+01    0.43063E-01    0.12212E+00
  0.19782E+01    0.13145E+01    0.22163E+00    0.13130E+00
  0.20340E+01    0.16163E+01    0.24768E+00    0.13115E+00
      1      6      1      4
  0.13094E-01    0.17602E+01    0.14445E-01    0.13115E+00
  0.21439E+00    0.18844E+01    0.12771E+00    0.13115E+00
  0.49983E-01    0.16439E+01    0.32659E+00    0.12257E+00
  0.29229E+00    0.17526E+01    0.32297E+00    0.11704E+00
      2      6      1      3
  0.64165E+00    0.17190E+01    0.35553E-01    0.11571E+00
  0.39535E+00    0.16401E+01    0.47026E-01    0.11704E+00
  0.48726E+00    0.18037E+01    0.19505E+00    0.12198E+00
      3      6      1      2
  0.83930E+00    0.18496E+01    0.15068E-01    0.12212E+00
  0.75658E+00    0.17535E+01    0.23341E+00    0.11571E+00
      4      6      1      4
  0.11232E+01    0.18801E+01    0.29911E-01    0.12009E+00
  0.12912E+01    0.17052E+01    0.23418E-01    0.12257E+00
  0.98665E+00    0.17538E+01    0.18174E+00    0.12009E+00
  0.12952E+01    0.18905E+01    0.19180E+00    0.11638E+00
      5      6      1      2
  0.14677E+01    0.18645E+01    0.38722E-01    0.11571E+00
  0.15030E+01    0.17074E+01    0.21402E+00    0.12236E+00
      6      6      1      4
  0.18258E+01    0.18705E+01    0.24754E-01    0.11638E+00
  0.18900E+01    0.16396E+01    0.40187E-01    0.12257E+00
  0.16519E+01    0.19187E+01    0.19409E+00    0.13115E+00
  0.17487E+01    0.16851E+01    0.23899E+00    0.12563E+00
      7      6      1      2
  0.21584E+01    0.17222E+01    0.42243E-01    0.13130E+00
  0.20058E+01    0.18679E+01    0.17320E+00    0.11704E+00
      1      7      1      6
  0.25741E-01    0.20130E+01    0.48432E-02    0.12212E+00
  0.24405E+00    0.21242E+01    0.41014E-01    0.12563E+00
  0.38673E-01    0.22262E+01    0.12024E+00    0.11704E+00
  0.40200E-01    0.20231E+01    0.24840E+00    0.12212E+00
  0.28173E+00    0.22706E+01    0.23755E+00    0.12236E+00
  0.27231E+00    0.20326E+01    0.32523E+00    0.12257E+00
      2      7      1      5
  0.42757E+00    0.19658E+01    0.30138E-01    0.11704E+00
  0.43454E+00    0.22813E+01    0.22434E-01    0.12198E+00
  0.63540E+00    0.22215E+01    0.15430E+00    0.12563E+00
  0.63028E+00    0.19936E+01    0.25233E+00    0.12257E+00
  0.47410E+00    0.21593E+01    0.32261E+00    0.11571E+00
      3      7      1      3
  0.81432E+00    0.20989E+01    0.38877E-01    0.12009E+00
  0.87163E+00    0.19614E+01    0.22956E+00    0.12198E+00
  0.91677E+00    0.22061E+01    0.23060E+00    0.12236E+00
      4      7      1      4
  0.10417E+01    0.21627E+01    0.31839E-01    0.11638E+00
  0.12610E+01    0.20759E+01    0.49021E-01    0.12009E+00
  0.11684E+01    0.22080E+01    0.22091E+00    0.11571E+00
  0.11044E+01    0.19914E+01    0.28849E+00    0.12009E+00
      5      7      1      2
  0.14315E+01    0.22505E+01    0.16463E-01    0.11571E+00
  0.14456E+01    0.21023E+01    0.19445E+00    0.11638E+00
      6      7      1      3
  0.16330E+01    0.21274E+01    0.48376E-01    0.12257E+00
  0.17995E+01    0.22224E+01    0.20072E+00    0.12236E+00
  0.18620E+01    0.20093E+01    0.29780E+00    0.12009E+00
      7      7      1      5
  0.20866E+01    0.20095E+01    0.70854E-02    0.11571E+00
  0.19775E+01    0.22170E+01    0.32674E-01    0.12257E+00
  0.22852E+01    0.21188E+01    0.40391E-01    0.11571E+00
  0.21433E+01    0.22022E+01    0.20303E+00    0.11571E+00
  0.22815E+01    0.20531E+01    0.32629E+00    0.12212E+00
      1      1      2      3
  0.31301E-01    0.29059E-01    0.40803E+00    0.13115E+00
  0.30530E+00    0.33556E-01    0.46112E+00    0.13130E+00
  0.13552E+00    0.17043E+00    0.59104E+00    0.12257E+00
      2      1      2      3
  0.32664E+00    0.32361E+00    0.44826E+00    0.12236E+00
  0.53560E+00    0.18844E+00    0.38582E+00    0.12236E+00
  0.64304E+00    0.37845E-01    0.54253E+00    0.12009E+00
      3      1      2      2
  0.79719E+00    0.19654E+00    0.42359E+00    0.13115E+00
  0.89161E+00    0.48236E-01    0.60559E+00    0.12198E+00
      4      1      2      2
  0.11914E+01    0.10599E+00    0.54360E+00    0.13130E+00
  0.99590E+00    0.25629E+00    0.55728E+00    0.11571E+00
      5      1      2      5
  0.14003E+01    0.31013E+00    0.35321E+00    0.11704E+00
  0.13930E+01    0.26817E-01    0.41128E+00    0.12257E+00
  0.16155E+01    0.49808E-01    0.53338E+00    0.12257E+00
  0.14051E+01    0.22322E-01    0.65582E+00    0.12236E+00
  0.16053E+01    0.28900E+00    0.58519E+00    0.12236E+00
      6      1      2      3
  0.18192E+01    0.16149E+00    0.45505E+00    0.12257E+00
  0.18230E+01    0.30315E-01    0.66149E+00    0.12212E+00
  0.18415E+01    0.31335E+00    0.64298E+00    0.12009E+00
      7      1      2      3
  0.20393E+01    0.97760E-02    0.43130E+00    0.13130E+00
  0.20441E+01    0.23680E+00    0.53913E+00    0.12009E+00
  0.22238E+01    0.57400E-02    0.59645E+00    0.11638E+00
      1      2      2      3
  0.41220E-01    0.35180E+00    0.45655E+00    0.12212E+00
  0.17822E+00    0.60742E+00    0.48371E+00    0.12236E+00
  0.19691E+00    0.41398E+00    0.64639E+00    0.13115E+00
      2      2      2      4
  0.56288E+00    0.46101E+00    0.37219E+00    0.12257E+00
  0.63917E+00    0.64630E+00    0.50341E+00    0.11704E+00
  0.52970E+00    0.33283E+00    0.58041E+00    0.12009E+00
  0.46621E+00    0.55531E+00    0.63225E+00    0.11704E+00
      3      2      2      3
  0.94419E+00    0.41610E+00    0.39728E+00    0.11571E+00
  0.74643E+00    0.42042E+00    0.52558E+00    0.12009E+00
  0.82788E+00    0.61335E+00    0.64305E+00    0.12009E+00
      4      2      2      4
  0.12699E+01    0.59475E+00    0.43701E+00    0.13130E+00
  0.11938E+01    0.34459E+00    0.46448E+00    0.12009E+00
  0.10142E+01    0.63940E+00    0.47627E+00    0.13130E+00
  0.10242E+01    0.46596E+00    0.65272E+00    0.11638E+00
      5      2      2      1
  0.14789E+01    0.49326E+00    0.53788E+00    0.12198E+00
      6      2      2      4
  0.19432E+01    0.33724E+00    0.34951E+00    0.11704E+00
  0.16345E+01    0.40681E+00    0.38045E+00    0.11571E+00
  0.18257E+01    0.48805E+00    0.48230E+00    0.11571E+00
  0.16571E+01    0.64663E+00    0.49861E+00    0.11638E+00
      7      2      2      3
  0.20220E+01    0.60819E+00    0.42234E+00    0.12212E+00
  0.21813E+01    0.34900E+00    0.37343E+00    0.12257E+00
  0.21489E+01    0.47169E+00    0.59075E+00    0.12909E+00
      1      3      2      2
  0.24524E+00    0.96820E+00    0.48032E+00    0.13130E+00
  0.49640E-01    0.81216E+00    0.52294E+00    0.12257E+00
      2      3      2      2
  0.48791E+00    0.75947E+00    0.35705E+00    0.12198E+00
  0.35605E+00    0.75563E+00    0.56232E+00    0.12212E+00
      3      3      2      3
  0.81072E+00    0.74925E+00    0.37208E+00    0.12236E+00
  0.68897E+00    0.93487E+00    0.49671E+00    0.13130E+00
  0.93276E+00    0.88006E+00    0.53865E+00    0.12212E+00
      4      3      2      2
  0.11067E+01    0.96074E+00    0.38741E+00    0.12212E+00
  0.11712E+01    0.81391E+00    0.57140E+00    0.12198E+00
      5      3      2      2
  0.13521E+01    0.84062E+00    0.39637E+00    0.13115E+00
  0.14568E+01    0.72752E+00    0.59470E+00    0.12009E+00
      6      3      2      3
  0.19568E+01    0.88741E+00    0.43139E+00    0.12212E+00
  0.16633E+01    0.87056E+00    0.41553E+00    0.12257E+00
  0.18058E+01    0.79892E+00    0.59430E+00    0.11704E+00
      7      3      2      2
  0.22464E+01    0.67890E+00    0.48758E+00    0.12212E+00
  0.20531E+01    0.75667E+00    0.61108E+00    0.12009E+00
      1      4      2      3
  0.42512E-01    0.12125E+01    0.45832E+00    0.12198E+00
  0.25928E-01    0.10340E+01    0.62453E+00    0.12257E+00
  0.27230E+00    0.12129E+01    0.54113E+00    0.12236E+00
      2      4      2      3
  0.47627E+00    0.10122E+01    0.36392E+00    0.13115E+00
  0.48979E+00    0.12541E+01    0.43748E+00    0.12212E+00
  0.46658E+00    0.10805E+01    0.60745E+00    0.12198E+00
      3      4      2      3
  0.80647E+00    0.10982E+01    0.32956E+00    0.13130E+00
  0.93568E+00    0.11774E+01    0.53004E+00    0.12009E+00
  0.68705E+00    0.11802E+01    0.56192E+00    0.12257E+00
      4      4      2      3
  0.12651E+01    0.11746E+01    0.41465E+00    0.12257E+00
  0.11423E+01    0.12859E+01    0.59470E+00    0.12212E+00
  0.12566E+01    0.10335E+01    0.60727E+00    0.11638E+00
      5      4      2      2
  0.14536E+01    0.10472E+01    0.48548E+00    0.11571E+00
  0.15884E+01    0.11976E+01    0.61760E+00    0.12563E+00
      6      4      2      4
  0.16445E+01    0.11096E+01    0.35177E+00    0.12563E+00
  0.19166E+01    0.11213E+01    0.37356E+00    0.12212E+00
  0.17716E+01    0.10415E+01    0.55348E+00    0.12236E+00
  0.18105E+01    0.12760E+01    0.56541E+00    0.11571E+00
      7      4      2      3
  0.22798E+01    0.12186E+01    0.44425E+00    0.13130E+00
  0.20453E+01    0.12525E+01    0.53472E+00    0.12236E+00
  0.21506E+01    0.10105E+01    0.53840E+00    0.13115E+00
      1      5      2      3
  0.11963E+00    0.14093E+01    0.33572E+00    0.12236E+00
  0.23698E+00    0.15746E+01    0.46451E+00    0.11704E+00
  0.10080E+00    0.14151E+01    0.57733E+00    0.12009E+00
      2      5      2      2
  0.40512E+00    0.14732E+01    0.33100E+00    0.12009E+00
  0.54907E+00    0.14761E+01    0.53011E+00    0.12563E+00
      3      5      2      2
  0.69852E+00    0.15691E+01    0.36309E+00    0.11704E+00
  0.81005E+00    0.13923E+01    0.49678E+00    0.13115E+00
      4      5      2      2
  0.10424E+01    0.14004E+01    0.41013E+00    0.11704E+00
  0.11359E+01    0.15797E+01    0.55432E+00    0.13130E+00
      5      5      2      4
  0.15957E+01    0.16210E+01    0.42360E+00    0.12257E+00
  0.13509E+01    0.15563E+01    0.40551E+00    0.13130E+00
  0.14076E+01    0.13401E+01    0.52534E+00    0.12236E+00
  0.15945E+01    0.14749E+01    0.63099E+00    0.13115E+00
      6      5      2      3
  0.18169E+01    0.14697E+01    0.34046E+00    0.12212E+00
  0.16351E+01    0.13402E+01    0.42652E+00    0.11704E+00
  0.18364E+01    0.15477E+01    0.64802E+00    0.12212E+00
      7      5      2      2
  0.21392E+01    0.14282E+01    0.38709E+00    0.12563E+00
  0.20695E+01    0.15686E+01    0.57869E+00    0.12198E+00
      1      6      2      3
  0.28745E+00    0.18867E+01    0.51382E+00    0.11638E+00
  0.49477E-01    0.18640E+01    0.43385E+00    0.12236E+00
  0.35874E-01    0.16482E+01    0.57066E+00    0.12198E+00
      2      6      2      2
  0.51276E+00    0.17187E+01    0.43216E+00    0.13130E+00
  0.35962E+00    0.16928E+01    0.63215E+00    0.12198E+00
      3      6      2      3
  0.75813E+00    0.18847E+01    0.44261E+00    0.13130E+00
  0.89510E+00    0.16804E+01    0.47666E+00    0.11704E+00
  0.69441E+00    0.17031E+01    0.62092E+00    0.13115E+00
      4      6      2      2
  0.10999E+01    0.17737E+01    0.39511E+00    0.12236E+00
  0.98201E+00    0.18746E+01    0.58136E+00    0.12009E+00
      5      6      2      3
  0.13796E+01    0.18085E+01    0.39974E+00    0.12257E+00
  0.15371E+01    0.19346E+01    0.55357E+00    0.13115E+00
  0.14428E+01    0.16864E+01    0.59429E+00    0.11571E+00
      6      6      2      3
  0.17328E+01    0.18489E+01    0.42140E+00    0.12009E+00
  0.18938E+01    0.16723E+01    0.44845E+00    0.12009E+00
  0.18508E+01    0.18232E+01    0.62393E+00    0.11571E+00
      7      6      2      4
  0.20750E+01    0.19286E+01    0.40363E+00    0.13115E+00
  0.21999E+01    0.16879E+01    0.41789E+00    0.11704E+00
  0.22855E+01    0.19428E+01    0.54455E+00    0.12257E+00
  0.20985E+01    0.18066E+01    0.62428E+00    0.12212E+00
      1      7      2      3
  0.30607E+00    0.22187E+01    0.47012E+00    0.11571E+00
  0.69096E-01    0.22282E+01    0.39434E+00    0.13115E+00
  0.75338E-02    0.20602E+01    0.57331E+00    0.12198E+00
      2      7      2      3
  0.51544E+00    0.19763E+01    0.48322E+00    0.13130E+00
  0.53225E+00    0.22162E+01    0.53922E+00    0.11571E+00
  0.35104E+00    0.20712E+01    0.65141E+00    0.12236E+00
      3      7      2      3
  0.72598E+00    0.21785E+01    0.38064E+00    0.12198E+00
  0.93394E+00    0.20670E+01    0.44264E+00    0.12198E+00
  0.75160E+00    0.20795E+01    0.59658E+00    0.11704E+00
      4      7      2      2
  0.12296E+01    0.19768E+01    0.49554E+00    0.12236E+00
  0.10999E+01    0.21574E+01    0.59747E+00    0.12236E+00
      5      7      2      3
  0.16293E+01    0.21213E+01    0.35905E+00    0.13115E+00
  0.13307E+01    0.21730E+01    0.39091E+00    0.12198E+00
  0.14979E+01    0.21789E+01    0.56082E+00    0.11638E+00
      6      7      2      2
  0.18913E+01    0.20534E+01    0.54348E+00    0.13130E+00
  0.17178E+01    0.22707E+01    0.54395E+00    0.12257E+00
      7      7      2      2
  0.19752E+01    0.22185E+01    0.37050E+00    0.12212E+00
  0.21925E+01    0.22190E+01    0.48168E+00    0.12198E+00
      1      1      3      3
  0.26688E+00    0.21751E+00    0.79619E+00    0.12563E+00
  0.43422E-01    0.32102E+00    0.82538E+00    0.12236E+00
  0.13035E+00    0.18745E-01    0.85498E+00    0.12257E+00
      2      1      3      4
  0.44450E+00    0.11885E+00    0.65476E+00    0.12198E+00
  0.61542E+00    0.40048E-01    0.81052E+00    0.12236E+00
  0.51074E+00    0.29151E+00    0.82750E+00    0.13115E+00
  0.38566E+00    0.24088E-01    0.91625E+00    0.13115E+00
      3      1      3      3
  0.73191E+00    0.22751E+00    0.68579E+00    0.13115E+00
  0.96498E+00    0.19720E+00    0.78921E+00    0.12563E+00
  0.83065E+00    0.39107E-01    0.91383E+00    0.11638E+00
      4      1      3      2
  0.11983E+01    0.15398E-01    0.77329E+00    0.11571E+00
  0.11182E+01    0.12293E+00    0.97393E+00    0.12563E+00
      5      1      3      2
  0.13194E+01    0.23931E+00    0.70944E+00    0.11704E+00
  0.14554E+01    0.12704E+00    0.87075E+00    0.12198E+00
      6      1      3      3
  0.16905E+01    0.19257E+00    0.80353E+00    0.13115E+00
  0.19212E+01    0.19460E+00    0.90767E+00    0.12198E+00
  0.16423E+01    0.10763E-02    0.95886E+00    0.12009E+00
      7      1      3      4
  0.20475E+01    0.90389E-01    0.72949E+00    0.12009E+00
  0.22190E+01    0.26071E+00    0.70861E+00    0.12257E+00
  0.22525E+01    0.48859E-01    0.86908E+00    0.13130E+00
  0.21891E+01    0.30622E+00    0.94055E+00    0.11571E+00
      1      2      3      2
  0.49157E-01    0.62365E+00    0.70126E+00    0.13115E+00
  0.67266E-02    0.58097E+00    0.94727E+00    0.12212E+00
      2      2      3      2
  0.63603E+00    0.61048E+00    0.79650E+00    0.12563E+00
  0.45352E+00    0.51603E+00    0.95046E+00    0.13115E+00
      3      2      3      2
  0.93539E+00    0.55920E+00    0.84572E+00    0.11571E+00
  0.75554E+00    0.40457E+00    0.86567E+00    0.12236E+00
      4      2      3      3
  0.12659E+01    0.47125E+00    0.66225E+00    0.12563E+00
  0.11579E+01    0.35059E+00    0.86169E+00    0.13130E+00
  0.11480E+01    0.58876E+00    0.94843E+00    0.12236E+00
      5      2      3      2
  0.14789E+01    0.56123E+00    0.78186E+00    0.13130E+00
  0.14076E+01    0.36545E+00    0.94160E+00    0.13130E+00
      6      2      3      3
  0.16915E+01    0.49461E+00    0.67230E+00    0.11704E+00
  0.19061E+01    0.58445E+00    0.67672E+00    0.11571E+00
  0.17883E+01    0.55744E+00    0.89215E+00    0.13130E+00
      7      2      3      3
  0.21952E+01    0.64201E+00    0.76030E+00    0.11571E+00
  0.20224E+01    0.38252E+00    0.78888E+00    0.12236E+00
  0.20339E+01    0.58397E+00    0.91763E+00    0.11704E+00
      1      3      3      3
  0.26458E-01    0.80933E+00    0.86897E+00    0.12009E+00
  0.22225E+00    0.93338E+00    0.93927E+00    0.12212E+00
  0.21922E+00    0.69414E+00    0.96255E+00    0.11704E+00
      2      3      3      4
  0.56664E+00    0.79960E+00    0.66360E+00    0.11571E+00
  0.39318E+00    0.70999E+00    0.79933E+00    0.12212E+00
  0.43530E+00    0.94324E+00    0.83106E+00    0.11704E+00
  0.62683E+00    0.82884E+00    0.90184E+00    0.11704E+00
      3      3      3      2
  0.78828E+00    0.83224E+00    0.72129E+00    0.11571E+00
  0.88377E+00    0.77490E+00    0.93142E+00    0.12212E+00
      4      3      3      3
  0.10039E+01    0.74674E+00    0.72741E+00    0.11638E+00
  0.12658E+01    0.69725E+00    0.76376E+00    0.12212E+00
  0.11936E+01    0.83211E+00    0.96260E+00    0.12563E+00
      5      3      3      3
  0.15730E+01    0.93675E+00    0.67110E+00    0.13115E+00
  0.13529E+01    0.92334E+00    0.79596E+00    0.12236E+00
  0.15533E+01    0.86322E+00    0.92285E+00    0.12236E+00
      6      3      3      3
  0.19299E+01    0.87077E+00    0.78541E+00    0.12198E+00
  0.16623E+01    0.72548E+00    0.76220E+00    0.11571E+00
  0.17795E+01    0.94850E+00    0.96186E+00    0.12257E+00
      7      3      3      1
  0.21530E+01    0.79993E+00    0.94526E+00    0.13115E+00
      1      4      3      4
  0.25471E-01    0.12502E+01    0.73475E+00    0.12009E+00
  0.25062E+00    0.10483E+01    0.72088E+00    0.12236E+00
  0.22512E-01    0.10494E+01    0.86667E+00    0.12013E+00
  0.41257E-02    0.12716E+01    0.98536E+00    0.13237E+00
      2      4      3      2
  0.60338E+00    0.12697E+01    0.85027E+00    0.12236E+00
  0.37919E+00    0.11773E+01    0.88458E+00    0.12257E+00
      3      4      3      3
  0.83926E+00    0.12457E+01    0.73913E+00    0.12009E+00
  0.65686E+00    0.10358E+01    0.76830E+00    0.13115E+00
  0.88443E+00    0.10502E+01    0.86289E+00    0.11571E+00
      4      4      3      2
  0.10378E+01    0.10338E+01    0.68871E+00    0.11704E+00
  0.11756E+01    0.10780E+01    0.89058E+00    0.13130E+00
      5      4      3      2
  0.13370E+01    0.12227E+01    0.72763E+00    0.12198E+00
  0.15135E+01    0.10883E+01    0.85658E+00    0.11571E+00
      6      4      3      2
  0.17506E+01    0.11153E+01    0.78544E+00    0.12198E+00
  0.17257E+01    0.12731E+01    0.96315E+00    0.11704E+00
      7      4      3      4
  0.22250E+01    0.11981E+01    0.68865E+00    0.12009E+00
  0.19659E+01    0.10852E+01    0.68629E+00    0.11704E+00
  0.20646E+01    0.12022E+01    0.86727E+00    0.12009E+00
  0.21541E+01    0.99565E+00    0.79277E+00    0.11704E+00
      1      5      3      3
  0.18455E+00    0.15670E+01    0.74618E+00    0.12198E+00
  0.82513E-02    0.15180E+01    0.94716E+00    0.11704E+00
  0.24027E+00    0.13381E+01    0.77675E+00    0.11571E+00
      2      5      3      4
  0.44683E+00    0.13093E+01    0.67353E+00    0.11704E+00
  0.46927E+00    0.15259E+01    0.77297E+00    0.12236E+00
  0.62857E+00    0.15352E+01    0.95550E+00    0.12009E+00
  0.36998E+00    0.14088E+01    0.96293E+00    0.12198E+00
      3      5      3      3
  0.97380E+00    0.14363E+01    0.68214E+00    0.12009E+00
  0.71133E+00    0.14645E+01    0.72894E+00    0.13130E+00
  0.88514E+00    0.14146E+01    0.90671E+00    0.12236E+00
      4      5      3      2
  0.11395E+01    0.15595E+01    0.80481E+00    0.12009E+00
  0.11207E+01    0.13197E+01    0.83610E+00    0.12257E+00
      5      5      3      3
  0.13327E+01    0.15028E+01    0.68213E+00    0.11571E+00
  0.15371E+01    0.13227E+01    0.82498E+00    0.12198E+00
  0.13310E+01    0.14340E+01    0.92064E+00    0.13115E+00
      6      5      3      3
  0.19537E+01    0.13569E+01    0.72807E+00    0.11571E+00
  0.17178E+01    0.14845E+01    0.85195E+00    0.12212E+00
  0.19463E+01    0.14701E+01    0.93706E+00    0.12212E+00
      7      5      3      2
  0.21679E+01    0.14420E+01    0.75509E+00    0.11638E+00
  0.22835E+01    0.15309E+01    0.95499E+00    0.13115E+00
      1      6      3      4
  0.11286E+00    0.18532E+01    0.66302E+00    0.11571E+00
  0.11839E-01    0.17147E+01    0.82036E+00    0.11704E+00
  0.30279E+00    0.18853E+01    0.80328E+00    0.12257E+00
  0.23933E+00    0.16983E+01    0.93657E+00    0.11571E+00
      2      6      3      2
  0.51796E+00    0.18579E+01    0.70149E+00    0.11704E+00
  0.46510E+00    0.17333E+01    0.89241E+00    0.11704E+00
      3      6      3      4
  0.94114E+00    0.16743E+01    0.71111E+00    0.12198E+00
  0.80147E+00    0.18964E+01    0.73241E+00    0.11638E+00
  0.75823E+00    0.17070E+01    0.85930E+00    0.11571E+00
  0.96572E+00    0.16766E+01    0.96017E+00    0.11704E+00
      4      6      3      2
  0.12368E+01    0.17902E+01    0.65397E+00    0.12257E+00
  0.11714E+01    0.17728E+01    0.90324E+00    0.11704E+00
      5      6      3      2
  0.14513E+01    0.16524E+01    0.83873E+00    0.13130E+00
  0.13692E+01    0.18958E+01    0.83539E+00    0.12563E+00
      6      6      3      3
  0.16543E+01    0.17120E+01    0.69947E+00    0.12198E+00
  0.17636E+01    0.18778E+01    0.83262E+00    0.11704E+00
  0.18174E+01    0.16812E+01    0.95799E+00    0.12236E+00
      7      6      3      4
  0.19974E+01    0.16612E+01    0.79313E+00    0.12257E+00
  0.22781E+01    0.16679E+01    0.69750E+00    0.11638E+00
  0.19885E+01    0.19288E+01    0.79707E+00    0.11638E+00
  0.21953E+01    0.17732E+01    0.90584E+00    0.13130E+00
      1      7      3      2
  0.20808E-01    0.20138E+01    0.81301E+00    0.12257E+00
  0.19785E+00    0.21750E+01    0.80321E+00    0.11704E+00
      2      7      3      4
  0.56985E+00    0.21075E+01    0.74141E+00    0.11704E+00
  0.41409E+00    0.22781E+01    0.80492E+00    0.12257E+00
  0.63244E+00    0.22609E+01    0.91368E+00    0.12198E+00
  0.49399E+00    0.19748E+01    0.92272E+00    0.12009E+00
      3      7      3      3
  0.90994E+00    0.21708E+01    0.75115E+00    0.12236E+00
  0.72519E+00    0.20374E+01    0.90620E+00    0.12009E+00
  0.95986E+00    0.20417E+01    0.96574E+00    0.12212E+00
      4      7      3      2
  0.11098E+01    0.19748E+01    0.77298E+00    0.13115E+00
  0.11913E+01    0.22039E+01    0.87108E+00    0.13115E+00
      5      7      3      3
  0.13266E+01    0.20829E+01    0.68689E+00    0.11704E+00
  0.15777E+01    0.20019E+01    0.92696E+00    0.12563E+00
  0.14529E+01    0.22145E+01    0.85512E+00    0.13115E+00
      6      7      3      2
  0.16897E+01    0.20804E+01    0.70954E+00    0.13130E+00
  0.18994E+01    0.21378E+01    0.86232E+00    0.12009E+00
      7      7      3      5
  0.21145E+01    0.20724E+01    0.65770E+00    0.12009E+00
  0.20032E+01    0.22763E+01    0.70127E+00    0.11638E+00
  0.22476E+01    0.22403E+01    0.77785E+00    0.12563E+00
  0.21885E+01    0.20231E+01    0.88083E+00    0.12009E+00
  0.20929E+01    0.22342E+01    0.97108E+00    0.12198E+00
      1      1      4      4
  0.46844E-01    0.22058E+00    0.10480E+01    0.12198E+00
  0.21047E+00    0.46401E-01    0.10978E+01    0.12212E+00
  0.21251E+00    0.25890E+00    0.12357E+01    0.13130E+00
  0.13977E+00    0.41335E-01    0.13220E+01    0.11307E+00
      2      1      4      4
  0.41803E+00    0.23288E+00    0.10558E+01    0.12212E+00
  0.55702E+00    0.29687E-01    0.11026E+01    0.12212E+00
  0.38130E+00    0.40786E-01    0.12849E+01    0.13130E+00
  0.55926E+00    0.30322E+00    0.12866E+01    0.12563E+00
      3      1      4      3
  0.68328E+00    0.20909E+00    0.99426E+00    0.12257E+00
  0.94042E+00    0.37210E-01    0.11295E+01    0.12563E+00
  0.73684E+00    0.14245E+00    0.12235E+01    0.12212E+00
      4      1      4      3
  0.10076E+01    0.26291E+00    0.12321E+01    0.13130E+00
  0.12730E+01    0.27450E+00    0.11360E+01    0.12212E+00
  0.11550E+01    0.59875E-01    0.12470E+01    0.12009E+00
      5      1      4      5
  0.13375E+01    0.37107E-01    0.10759E+01    0.13115E+00
  0.15602E+01    0.21221E+00    0.10746E+01    0.12257E+00
  0.14630E+01    0.27694E+00    0.12898E+01    0.12236E+00
  0.13805E+01    0.40808E-01    0.13215E+01    0.11817E+00
  0.16163E+01    0.49749E-01    0.12458E+01    0.12009E+00
      6      1      4      2
  0.17912E+01    0.12588E+00    0.10999E+01    0.12009E+00
  0.18374E+01    0.45123E-01    0.13106E+01    0.11031E+00
      7      1      4      3
  0.20574E+01    0.31891E-01    0.10353E+01    0.12563E+00
  0.21957E+01    0.44896E-01    0.12379E+01    0.12009E+00
  0.19958E+01    0.20197E+00    0.12044E+01    0.12198E+00
      1      2      4      3
  0.22843E+00    0.38600E+00    0.98630E+00    0.13130E+00
  0.47865E-01    0.45284E+00    0.11516E+01    0.12257E+00
  0.21695E+00    0.60626E+00    0.12198E+01    0.11571E+00
      2      2      4      2
  0.54458E+00    0.64433E+00    0.11463E+01    0.12009E+00
  0.38164E+00    0.43939E+00    0.11807E+01    0.12198E+00
      3      2      4      4
  0.95388E+00    0.38681E+00    0.10135E+01    0.12563E+00
  0.74412E+00    0.59470E+00    0.10187E+01    0.12198E+00
  0.74634E+00    0.38813E+00    0.11484E+01    0.12198E+00
  0.86579E+00    0.58507E+00    0.12305E+01    0.12257E+00
      4      2      4      1
  0.11322E+01    0.47210E+00    0.11625E+01    0.12198E+00
      5      2      4      3
  0.15697E+01    0.62911E+00    0.10185E+01    0.13115E+00
  0.13418E+01    0.55697E+00    0.10853E+01    0.11704E+00
  0.15205E+01    0.51814E+00    0.12448E+01    0.12563E+00
      6      2      4      3
  0.17504E+01    0.33569E+00    0.99725E+00    0.11704E+00
  0.18258E+01    0.53726E+00    0.11419E+01    0.12212E+00
  0.17041E+01    0.33847E+00    0.12412E+01    0.13130E+00
      7      2      4      5
  0.19899E+01    0.38542E+00    0.10435E+01    0.12212E+00
  0.22561E+01    0.57650E+00    0.10063E+01    0.12236E+00
  0.22041E+01    0.39427E+00    0.11614E+01    0.12257E+00
  0.20673E+01    0.62307E+00    0.11459E+01    0.11704E+00
  0.19959E+01    0.43630E+00    0.13001E+01    0.13115E+00
      1      3      4      2
  0.21454E+00    0.82857E+00    0.11533E+01    0.11638E+00
  0.48619E-01    0.87651E+00    0.13103E+01    0.11704E+00
      2      3      4      2
  0.42550E+00    0.80229E+00    0.10168E+01    0.11638E+00
  0.48955E+00    0.86752E+00    0.12373E+01    0.12236E+00
      3      3      4      2
  0.76159E+00    0.93760E+00    0.10673E+01    0.12257E+00
  0.71775E+00    0.77950E+00    0.12494E+01    0.12257E+00
      4      3      4      4
  0.10091E+01    0.97266E+00    0.10503E+01    0.12236E+00
  0.10335E+01    0.72337E+00    0.11176E+01    0.12236E+00
  0.10395E+01    0.90155E+00    0.12754E+01    0.11571E+00
  0.11841E+01    0.66433E+00    0.12923E+01    0.11571E+00
      5      3      4      2
  0.13432E+01    0.78798E+00    0.11595E+01    0.12563E+00
  0.15029E+01    0.96300E+00    0.12318E+01    0.12212E+00
      6      3      4      4
  0.18938E+01    0.74272E+00    0.10288E+01    0.12212E+00
  0.16700E+01    0.82387E+00    0.11338E+01    0.11638E+00
  0.18431E+01    0.86361E+00    0.12929E+01    0.12212E+00
  0.17040E+01    0.66609E+00    0.13024E+01    0.11704E+00
      7      3      4      2
  0.20542E+01    0.86043E+00    0.11702E+01    0.12198E+00
  0.22638E+01    0.74229E+00    0.12128E+01    0.12236E+00
      1      4      4      3
  0.23743E+00    0.12395E+01    0.10674E+01    0.11704E+00
  0.47894E-01    0.99076E+00    0.11003E+01    0.12212E+00
  0.22303E+00    0.10762E+01    0.12389E+01    0.11704E+00
      2      4      4      3
  0.39673E+00    0.10308E+01    0.10803E+01    0.12257E+00
  0.41156E+00    0.12234E+01    0.12308E+01    0.12236E+00
  0.61097E+00    0.10897E+01    0.11856E+01    0.12198E+00
      3      4      4      3
  0.74909E+00    0.11682E+01    0.10088E+01    0.11571E+00
  0.87967E+00    0.11159E+01    0.12010E+01    0.12257E+00
  0.69665E+00    0.12938E+01    0.12884E+01    0.12212E+00
      4      4      4      3
  0.98037E+00    0.12138E+01    0.10032E+01    0.12009E+00
  0.12013E+01    0.12844E+01    0.10841E+01    0.12563E+00
  0.11946E+01    0.10580E+01    0.11851E+01    0.12236E+00
      5      4      4      4
  0.14426E+01    0.12335E+01    0.10358E+01    0.12563E+00
  0.13717E+01    0.99627E+00    0.10285E+01    0.12212E+00
  0.16082E+01    0.12992E+01    0.12206E+01    0.13115E+00
  0.13583E+01    0.13001E+01    0.12797E+01    0.12563E+00
      6      4      4      3
  0.19390E+01    0.12645E+01    0.10576E+01    0.11638E+00
  0.16351E+01    0.10949E+01    0.10835E+01    0.11638E+00
  0.18659E+01    0.10631E+01    0.11575E+01    0.12009E+00
      7      4      4      3
  0.20123E+01    0.10012E+01    0.98163E+00    0.11704E+00
  0.21752E+01    0.10976E+01    0.11334E+01    0.12563E+00
  0.20131E+01    0.12047E+01    0.12837E+01    0.12009E+00
      1      5      4      3
  0.18007E+00    0.14645E+01    0.10969E+01    0.11704E+00
  0.14535E+00    0.16236E+01    0.12717E+01    0.12198E+00
  0.12287E-01    0.13511E+01    0.12306E+01    0.12563E+00
      2      5      4      4
  0.57044E+00    0.13373E+01    0.10833E+01    0.12257E+00
  0.44120E+00    0.16016E+01    0.10835E+01    0.11638E+00
  0.58400E+00    0.15130E+01    0.12455E+01    0.11704E+00
  0.35783E+00    0.14554E+01    0.12479E+01    0.11638E+00
      3      5      4      1
  0.78160E+00    0.14538E+01    0.11246E+01    0.12212E+00
      4      5      4      3
  0.10821E+01    0.14844E+01    0.10208E+01    0.11571E+00
  0.12770E+01    0.15633E+01    0.11314E+01    0.12198E+00
  0.99126E+00    0.13561E+01    0.11964E+01    0.12009E+00
      5      5      4      2
  0.15979E+01    0.15914E+01    0.10476E+01    0.13115E+00
  0.14775E+01    0.15071E+01    0.12459E+01    0.11571E+00
      6      5      4      1
  0.17874E+01    0.14420E+01    0.11177E+01    0.12009E+00
      7      5      4      4
  0.21812E+01    0.13201E+01    0.10367E+01    0.11704E+00
  0.20793E+01    0.16228E+01    0.10743E+01    0.12257E+00
  0.22404E+01    0.14856E+01    0.12040E+01    0.12563E+00
  0.20052E+01    0.14287E+01    0.12086E+01    0.11638E+00
      1      6      4      3
  0.17303E+00    0.19591E+01    0.10086E+01    0.13130E+00
  0.39698E-01    0.17430E+01    0.10750E+01    0.13130E+00
  0.19164E+00    0.18588E+01    0.12383E+01    0.12009E+00
      2      6      4      2
  0.38145E+00    0.18399E+01    0.10892E+01    0.12198E+00
  0.54118E+00    0.17462E+01    0.12450E+01    0.12009E+00
      3      6      4      2
  0.66455E+00    0.18380E+01    0.10464E+01    0.13115E+00
  0.83015E+00    0.16859E+01    0.11499E+01    0.11638E+00
      4      6      4      4
  0.12607E+01    0.18000E+01    0.11164E+01    0.11571E+00
  0.10364E+01    0.18550E+01    0.10929E+01    0.11638E+00
  0.10590E+01    0.16456E+01    0.12056E+01    0.12257E+00
  0.11345E+01    0.18526E+01    0.13039E+01    0.11638E+00
      5      6      4      3
  0.14780E+01    0.18082E+01    0.10338E+01    0.11704E+00
  0.15671E+01    0.18546E+01    0.12486E+01    0.12009E+00
  0.13773E+01    0.17148E+01    0.13059E+01    0.12257E+00
      6      6      4      2
  0.17668E+01    0.19247E+01    0.10671E+01    0.12212E+00
  0.17694E+01    0.17123E+01    0.12049E+01    0.13115E+00
      7      6      4      3
  0.20829E+01    0.18340E+01    0.11845E+01    0.11571E+00
  0.19918E+01    0.16513E+01    0.12948E+01    0.11638E+00
  0.22815E+01    0.17240E+01    0.12905E+01    0.13130E+00
      1      7      4      2
  0.45206E-01    0.21403E+01    0.11323E+01    0.12257E+00
  0.19441E+00    0.22413E+01    0.12984E+01    0.12257E+00
      2      7      4      4
  0.33894E+00    0.21416E+01    0.98610E+00    0.11638E+00
  0.59512E+00    0.21063E+01    0.10912E+01    0.11638E+00
  0.34722E+00    0.20552E+01    0.12181E+01    0.13130E+00
  0.63683E+00    0.19612E+01    0.12683E+01    0.11638E+00
      3      7      4      3
  0.96708E+00    0.21694E+01    0.11779E+01    0.12563E+00
  0.73531E+00    0.22413E+01    0.12297E+01    0.12257E+00
  0.84315E+00    0.19630E+01    0.11622E+01    0.11571E+00
      4      7      4      3
  0.12160E+01    0.19919E+01    0.99511E+00    0.11571E+00
  0.11809E+01    0.20620E+01    0.12135E+01    0.11638E+00
  0.12997E+01    0.22650E+01    0.13022E+01    0.12236E+00
      5      7      4      3
  0.13444E+01    0.21732E+01    0.10801E+01    0.12212E+00
  0.16018E+01    0.20779E+01    0.11615E+01    0.12212E+00
  0.14033E+01    0.20285E+01    0.12983E+01    0.12397E+00
      6      7      4      3
  0.18298E+01    0.22252E+01    0.10873E+01    0.13115E+00
  0.18968E+01    0.20346E+01    0.12547E+01    0.13130E+00
  0.16782E+01    0.22795E+01    0.12944E+01    0.13115E+00
      7      7      4      3
  0.19983E+01    0.19906E+01    0.10270E+01    0.12198E+00
  0.22388E+01    0.21478E+01    0.11473E+01    0.12257E+00
  0.20616E+01    0.22219E+01    0.12985E+01    0.12198E+00
      1      1      5      4
  0.41962E-01    0.23090E+00    0.14210E+01    0.12212E+00
  0.28039E+00    0.41346E-01    0.15178E+01    0.12257E+00
  0.33454E-01    0.43651E-01    0.15477E+01    0.10414E+00
  0.15698E+00    0.17419E-01    0.16362E+01    0.50098E-01
      2      1      5      5
  0.37035E+00    0.24393E+00    0.14268E+01    0.11704E+00
  0.60478E+00    0.49103E-01    0.14112E+01    0.12563E+00
  0.51039E+00    0.16948E+00    0.16105E+01    0.12563E+00
  0.65163E+00    0.45942E-01    0.16274E+01    0.62800E-01
  0.40771E+00    0.22960E-01    0.16416E+01    0.55980E-01
      3      1      5      4
  0.80665E+00    0.32066E+00    0.13749E+01    0.12198E+00
  0.91566E+00    0.75733E-01    0.13664E+01    0.11571E+00
  0.78129E+00    0.15303E+00    0.15505E+01    0.12212E+00
  0.93940E+00    0.45356E-01    0.16503E+01    0.93725E-01
      4      1      5      4
  0.12393E+01    0.22096E+00    0.14205E+01    0.13130E+00
  0.10027E+01    0.24625E+00    0.15073E+01    0.12198E+00
  0.11088E+01    0.26735E-01    0.15178E+01    0.12212E+00
  0.12716E+01    0.47227E-01    0.16171E+01    0.69698E-01
      5      1      5      4
  0.16274E+01    0.26503E+00    0.14751E+01    0.12563E+00
  0.14105E+01    0.31130E+00    0.15808E+01    0.12009E+00
  0.14497E+01    0.73887E-01    0.15497E+01    0.12257E+00
  0.16027E+01    0.46472E-01    0.16385E+01    0.56520E-01
      6      1      5      4
  0.16780E+01    0.22601E-01    0.14784E+01    0.12212E+00
  0.18695E+01    0.24963E+00    0.14027E+01    0.11638E+00
  0.18825E+01    0.42781E-01    0.15996E+01    0.11638E+00
  0.17250E+01    0.43043E-01    0.16382E+01    0.45781E-01
      7      1      5      4
  0.20400E+01    0.16682E-01    0.14218E+01    0.12257E+00
  0.21771E+01    0.25620E+00    0.13725E+01    0.13115E+00
  0.20307E+01    0.23246E+00    0.15799E+01    0.12387E+00
  0.21382E+01    0.35054E-01    0.16434E+01    0.10978E+00
      1      2      5      3
  0.13550E+00    0.45034E+00    0.13778E+01    0.12009E+00
  0.20357E+00    0.32856E+00    0.15758E+01    0.12212E+00
  0.37131E-01    0.50463E+00    0.16101E+01    0.12257E+00
      2      2      5      4
  0.65001E+00    0.52932E+00    0.13316E+01    0.12212E+00
  0.38400E+00    0.57209E+00    0.13856E+01    0.12212E+00
  0.61545E+00    0.37428E+00    0.15177E+01    0.12257E+00
  0.50266E+00    0.58256E+00    0.16092E+01    0.13130E+00
      3      2      5      2
  0.74486E+00    0.63390E+00    0.15311E+01    0.12236E+00
  0.85091E+00    0.41979E+00    0.15975E+01    0.12563E+00
      4      2      5      5
  0.10249E+01    0.47057E+00    0.13919E+01    0.13130E+00
  0.13004E+01    0.45314E+00    0.13387E+01    0.12236E+00
  0.12050E+01    0.42558E+00    0.15557E+01    0.11638E+00
  0.10645E+01    0.60690E+00    0.16226E+01    0.12257E+00
  0.12917E+01    0.61434E+00    0.16131E+01    0.99112E-01
      5      2      5      1
  0.14773E+01    0.54313E+00    0.14967E+01    0.13130E+00
      6      2      5      3
  0.17855E+01    0.48295E+00    0.14328E+01    0.12212E+00
  0.18142E+01    0.33079E+00    0.16140E+01    0.11638E+00
  0.17003E+01    0.61135E+00    0.16148E+01    0.11638E+00
      7      2      5      1
  0.21625E+01    0.50865E+00    0.14816E+01    0.12563E+00
      1      3      5      4
  0.28934E+00    0.89132E+00    0.13638E+01    0.11571E+00
  0.47888E-01    0.66984E+00    0.14302E+01    0.12198E+00
  0.12490E+00    0.90711E+00    0.15351E+01    0.12236E+00
  0.25842E+00    0.70280E+00    0.15492E+01    0.12212E+00
      2      3      5      2
  0.55823E+00    0.73033E+00    0.14193E+01    0.11571E+00
  0.43359E+00    0.88005E+00    0.15442E+01    0.11571E+00
      3      3      5      2
  0.95695E+00    0.72223E+00    0.14237E+01    0.13130E+00
  0.67591E+00    0.85798E+00    0.15723E+01    0.11571E+00
      4      3      5      3
  0.13013E+01    0.92660E+00    0.13525E+01    0.11571E+00
  0.11917E+01    0.77713E+00    0.15015E+01    0.12212E+00
  0.99472E+00    0.86381E+00    0.16234E+01    0.11638E+00
      5      3      5      2
  0.14886E+01    0.75398E+00    0.13570E+01    0.12198E+00
  0.15212E+01    0.77356E+00    0.16015E+01    0.12563E+00
      6      3      5      3
  0.16614E+01    0.89295E+00    0.14445E+01    0.11638E+00
  0.18563E+01    0.70962E+00    0.14739E+01    0.11571E+00
  0.19051E+01    0.92841E+00    0.15781E+01    0.13130E+00
      7      3      5      3
  0.20740E+01    0.71562E+00    0.13701E+01    0.12563E+00
  0.22595E+01    0.81935E+00    0.15142E+01    0.13115E+00
  0.20466E+01    0.68312E+00    0.16144E+01    0.12236E+00
      1      4      5      5
  0.21292E+00    0.12840E+01    0.13558E+01    0.12009E+00
  0.49278E-01    0.11105E+01    0.14003E+01    0.12257E+00
  0.27180E+00    0.11001E+01    0.15022E+01    0.12236E+00
  0.46907E-01    0.12726E+01    0.15749E+01    0.11571E+00
  0.48700E-01    0.10756E+01    0.16489E+01    0.94802E-01
      2      4      5      3
  0.48641E+00    0.10562E+01    0.13930E+01    0.12236E+00
  0.49906E+00    0.12925E+01    0.14460E+01    0.12009E+00
  0.47781E+00    0.11325E+01    0.16198E+01    0.11704E+00
      3      4      5      3
  0.74439E+00    0.99599E+00    0.13793E+01    0.13130E+00
  0.69575E+00    0.11889E+01    0.15267E+01    0.11638E+00
  0.89722E+00    0.10710E+01    0.15642E+01    0.12009E+00
      4      4      5      4
  0.11120E+01    0.12159E+01    0.13495E+01    0.12009E+00
  0.11140E+01    0.10082E+01    0.14750E+01    0.12257E+00
  0.12865E+01    0.12500E+01    0.15053E+01    0.11638E+00
  0.10715E+01    0.12405E+01    0.16275E+01    0.13115E+00
      5      4      5      3
  0.14738E+01    0.11245E+01    0.14174E+01    0.12563E+00
  0.13356E+01    0.99556E+00    0.15773E+01    0.12198E+00
  0.14801E+01    0.12408E+01    0.16218E+01    0.10978E+00
      6      4      5      3
  0.16906E+01    0.10853E+01    0.13156E+01    0.11704E+00
  0.18634E+01    0.11521E+01    0.14667E+01    0.12212E+00
  0.16567E+01    0.10887E+01    0.15813E+01    0.12257E+00
      7      4      5      3
  0.20628E+01    0.98579E+00    0.13836E+01    0.12563E+00
  0.22412E+01    0.11963E+01    0.13652E+01    0.12236E+00
  0.20968E+01    0.11579E+01    0.15588E+01    0.12236E+00
      1      5      5      3
  0.76767E-01    0.14633E+01    0.14395E+01    0.12009E+00
  0.29513E+00    0.14289E+01    0.15234E+01    0.11638E+00
  0.35517E-01    0.14649E+01    0.16447E+01    0.89200E-01
      2      5      5      1
  0.42257E+00    0.16167E+01    0.14246E+01    0.13115E+00
      3      5      5      4
  0.87535E+00    0.15396E+01    0.13372E+01    0.12563E+00
  0.89702E+00    0.13066E+01    0.14430E+01    0.13130E+00
  0.67295E+00    0.14648E+01    0.14660E+01    0.12563E+00
  0.95344E+00    0.14745E+01    0.16213E+01    0.12009E+00
      4      5      5      2
  0.11677E+01    0.14609E+01    0.13416E+01    0.13130E+00
  0.11874E+01    0.14808E+01    0.15876E+01    0.11638E+00
      5      5      5      1
  0.13903E+01    0.14638E+01    0.14631E+01    0.12236E+00
      6      5      5      5
  0.18263E+01    0.13417E+01    0.13280E+01    0.11571E+00
  0.16851E+01    0.15304E+01    0.13596E+01    0.12212E+00
  0.16381E+01    0.13184E+01    0.14712E+01    0.12198E+00
  0.18871E+01    0.15752E+01    0.15059E+01    0.13130E+00
  0.18334E+01    0.13504E+01    0.16301E+01    0.13115E+00
      7      5      5      3
  0.21601E+01    0.15526E+01    0.14229E+01    0.11704E+00
  0.20191E+01    0.13660E+01    0.14616E+01    0.12009E+00
  0.20820E+01    0.15080E+01    0.16314E+01    0.11012E+00
      1      6      5      3
  0.63679E-02    0.16944E+01    0.14598E+01    0.12236E+00
  0.23329E+00    0.17403E+01    0.15391E+01    0.12236E+00
  0.39348E-01    0.18662E+01    0.16434E+01    0.13130E+00
      2      6      5      2
  0.38477E+00    0.18682E+01    0.13902E+01    0.12563E+00
  0.61023E+00    0.18818E+01    0.14914E+01    0.12198E+00
      3      6      5      4
  0.81614E+00    0.18169E+01    0.13593E+01    0.13115E+00
  0.82524E+00    0.19024E+01    0.15906E+01    0.11571E+00
  0.95829E+00    0.16844E+01    0.15125E+01    0.11638E+00
  0.72893E+00    0.16839E+01    0.15518E+01    0.11638E+00
      4      6      5      3
  0.10211E+01    0.19545E+01    0.14788E+01    0.11571E+00
  0.11912E+01    0.16828E+01    0.14615E+01    0.12212E+00
  0.11728E+01    0.18561E+01    0.16253E+01    0.11704E+00
      5      6      5      3
  0.14724E+01    0.18681E+01    0.14716E+01    0.12257E+00
  0.15461E+01    0.16413E+01    0.15273E+01    0.12236E+00
  0.13553E+01    0.17315E+01    0.16095E+01    0.10414E+00
      6      6      5      1
  0.17675E+01    0.18038E+01    0.14409E+01    0.12198E+00
      7      6      5      3
  0.20062E+01    0.18629E+01    0.14114E+01    0.12563E+00
  0.22359E+01    0.18465E+01    0.15116E+01    0.12563E+00
  0.20422E+01    0.17385E+01    0.16230E+01    0.12257E+00
      1      7      5      3
  0.46929E-01    0.20175E+01    0.13372E+01    0.11638E+00
  0.24844E+00    0.20609E+01    0.14466E+01    0.11704E+00
  0.45061E-01    0.21378E+01    0.15544E+01    0.12563E+00
      2      7      5      3
  0.61679E+00    0.21342E+01    0.14283E+01    0.12009E+00
  0.40768E+00    0.22300E+01    0.15054E+01    0.12257E+00
  0.51566E+00    0.20542E+01    0.16272E+01    0.11704E+00
      3      7      5      2
  0.84537E+00    0.20751E+01    0.13724E+01    0.12257E+00
  0.82907E+00    0.21791E+01    0.16033E+01    0.13130E+00
      4      7      5      4
  0.10773E+01    0.21685E+01    0.13974E+01    0.12009E+00
  0.12429E+01    0.20204E+01    0.14762E+01    0.11571E+00
  0.12926E+01    0.22320E+01    0.15675E+01    0.12009E+00
  0.10904E+01    0.21197E+01    0.16322E+01    0.12009E+00
      5      7      5      2
  0.14893E+01    0.22058E+01    0.14374E+01    0.11704E+00
  0.15898E+01    0.20507E+01    0.16029E+01    0.13115E+00
      6      7      5      3
  0.16821E+01    0.20160E+01    0.13765E+01    0.11571E+00
  0.18667E+01    0.22005E+01    0.14437E+01    0.12198E+00
  0.18559E+01    0.19915E+01    0.15862E+01    0.13130E+00
      7      7      5      3
  0.22027E+01    0.19827E+01    0.13152E+01    0.11571E+00
  0.20888E+01    0.20852E+01    0.15098E+01    0.13115E+00
  0.21901E+01    0.22855E+01    0.16141E+01    0.11638E+00
      1      1      6      4
  0.29435E+00    0.16283E+00    0.17273E+01    0.12009E+00
  0.39471E-01    0.20538E+00    0.16974E+01    0.11638E+00
  0.26854E+00    0.28205E-01    0.19270E+01    0.12212E+00
  0.28577E-01    0.37503E-01    0.18607E+01    0.11804E+00
      2      1      6      3
  0.48040E+00    0.46735E-01    0.18176E+01    0.11704E+00
  0.57486E+00    0.20871E+00    0.19420E+01    0.10808E+00
  0.62417E+00    0.38350E-01    0.19286E+01    0.64900E-01
      3      1      6      3
  0.69395E+00    0.28407E+00    0.17487E+01    0.13115E+00
  0.77619E+00    0.41403E-01    0.18049E+01    0.13115E+00
  0.96405E+00    0.13523E-01    0.19724E+01    0.12212E+00
      4      1      6      3
  0.11145E+01    0.40429E-01    0.17663E+01    0.11638E+00
  0.12523E+01    0.41884E-01    0.19608E+01    0.12198E+00
  0.10880E+01    0.21556E+00    0.19228E+01    0.12009E+00
      5      1      6      5
  0.15016E+01    0.14171E-01    0.17758E+01    0.11704E+00
  0.13174E+01    0.16659E+00    0.17608E+01    0.12257E+00
  0.15022E+01    0.29223E+00    0.18613E+01    0.12257E+00
  0.15739E+01    0.38233E-01    0.19675E+01    0.89354E-01
  0.14262E+01    0.48316E-01    0.19270E+01    0.55344E-01
      6      1      6      3
  0.16645E+01    0.18651E+00    0.17203E+01    0.11704E+00
  0.17663E+01    0.40751E-01    0.18801E+01    0.12198E+00
  0.19123E+01    0.25950E+00    0.18199E+01    0.12257E+00
      7      1      6      3
  0.21616E+01    0.21813E+00    0.17982E+01    0.13115E+00
  0.19957E+01    0.36405E-01    0.18180E+01    0.11571E+00
  0.21612E+01    0.49672E-01    0.19681E+01    0.10808E+00
      1      2      6      3
  0.27839E+00    0.51916E+00    0.17097E+01    0.12257E+00
  0.34440E-01    0.51417E+00    0.18495E+01    0.11704E+00
  0.19009E+00    0.34143E+00    0.18410E+01    0.11571E+00
      2      2      6      2
  0.44527E+00    0.35033E+00    0.17993E+01    0.13115E+00
  0.40797E+00    0.56068E+00    0.19513E+01    0.13115E+00
      3      2      6      2
  0.85176E+00    0.61814E+00    0.17604E+01    0.13115E+00
  0.81967E+00    0.42325E+00    0.19193E+01    0.12236E+00
      4      2      6      4
  0.10528E+01    0.34913E+00    0.17233E+01    0.12257E+00
  0.13019E+01    0.41083E+00    0.17736E+01    0.12257E+00
  0.12741E+01    0.62790E+00    0.18695E+01    0.11638E+00
  0.10509E+01    0.52654E+00    0.19048E+01    0.13130E+00
      5      2      6      2
  0.16037E+01    0.40851E+00    0.16781E+01    0.11704E+00
  0.14628E+01    0.58433E+00    0.17405E+01    0.11638E+00
      6      2      6      3
  0.16668E+01    0.62315E+00    0.18441E+01    0.11571E+00
  0.19004E+01    0.57927E+00    0.18411E+01    0.12198E+00
  0.17219E+01    0.39704E+00    0.18837E+01    0.12039E+00
      7      2      6      3
  0.20441E+01    0.45122E+00    0.16913E+01    0.12198E+00
  0.22112E+01    0.60287E+00    0.17690E+01    0.11704E+00
  0.21201E+01    0.43966E+00    0.19324E+01    0.13115E+00
      1      3      6      4
  0.28607E+00    0.96868E+00    0.17054E+01    0.12009E+00
  0.46642E-01    0.73535E+00    0.16903E+01    0.12198E+00
  0.20103E+00    0.68474E+00    0.18731E+01    0.12257E+00
  0.73965E-01    0.94122E+00    0.18146E+01    0.12009E+00
      2      3      6      4
  0.53923E+00    0.94063E+00    0.17485E+01    0.12212E+00
  0.38759E+00    0.75677E+00    0.17423E+01    0.11638E+00
  0.60652E+00    0.68089E+00    0.18292E+01    0.13115E+00
  0.35932E+00    0.90531E+00    0.19312E+01    0.12563E+00
      3      3      6      2
  0.81028E+00    0.94158E+00    0.17421E+01    0.11638E+00
  0.80973E+00    0.79967E+00    0.19451E+01    0.13130E+00
      4      3      6      3
  0.12968E+01    0.80446E+00    0.17131E+01    0.11571E+00
  0.10896E+01    0.75677E+00    0.18078E+01    0.11704E+00
  0.10690E+01    0.94898E+00    0.19493E+01    0.12257E+00
      5      3      6      1
  0.14983E+01    0.80311E+00    0.18556E+01    0.13115E+00
      6      3      6      1
  0.17302E+01    0.82019E+00    0.17265E+01    0.12236E+00
      7      3      6      3
  0.21308E+01    0.95345E+00    0.16786E+01    0.11704E+00
  0.19688E+01    0.82120E+00    0.18122E+01    0.13115E+00
  0.21750E+01    0.76256E+00    0.19344E+01    0.11571E+00
      1      4      6      3
  0.25629E+00    0.12595E+01    0.16866E+01    0.12198E+00
  0.48812E-01    0.12897E+01    0.18125E+01    0.12257E+00
  0.37400E-01    0.11130E+01    0.19401E+01    0.95718E-01
      2      4      6      2
  0.39504E+00    0.11348E+01    0.18444E+01    0.12236E+00
  0.63669E+00    0.11504E+01    0.18090E+01    0.11704E+00
      3      4      6      2
  0.82761E+00    0.12787E+01    0.17159E+01    0.13115E+00
  0.79571E+00    0.12352E+01    0.19574E+01    0.11638E+00
      4      4      6      3
  0.11439E+01    0.10188E+01    0.17269E+01    0.12236E+00
  0.12825E+01    0.11375E+01    0.19033E+01    0.13130E+00
  0.10039E+01    0.11683E+01    0.18612E+01    0.12257E+00
      5      4      6      2
  0.14909E+01    0.10507E+01    0.17695E+01    0.13115E+00
  0.15644E+01    0.11921E+01    0.19589E+01    0.11638E+00
      6      4      6      2
  0.18463E+01    0.11197E+01    0.17333E+01    0.12198E+00
  0.17081E+01    0.99730E+00    0.19067E+01    0.13130E+00
      7      4      6      3
  0.22556E+01    0.10154E+01    0.18727E+01    0.12198E+00
  0.20159E+01    0.10553E+01    0.18970E+01    0.12236E+00
  0.21805E+01    0.12402E+01    0.19215E+01    0.12009E+00
      1      5      6      3
  0.21940E+00    0.15615E+01    0.17184E+01    0.13130E+00
  0.29592E+00    0.13903E+01    0.18894E+01    0.12257E+00
  0.42064E-01    0.14760E+01    0.19713E+01    0.12236E+00
      2      5      6      3
  0.57889E+00    0.13522E+01    0.16766E+01    0.13115E+00
  0.45573E+00    0.15359E+01    0.17878E+01    0.11638E+00
  0.60041E+00    0.13981E+01    0.19341E+01    0.13130E+00
      3      5      6      2
  0.75375E+00    0.15269E+01    0.17644E+01    0.13115E+00
  0.95560E+00    0.16006E+01    0.18946E+01    0.12009E+00
      4      5      6      3
  0.12937E+01    0.13237E+01    0.17318E+01    0.12198E+00
  0.10812E+01    0.14089E+01    0.18164E+01    0.12212E+00
  0.13020E+01    0.14812E+01    0.19114E+01    0.11704E+00
      5      5      6      2
  0.15163E+01    0.13642E+01    0.18086E+01    0.11704E+00
  0.14488E+01    0.16215E+01    0.17843E+01    0.12257E+00
      6      5      6      4
  0.19025E+01    0.15466E+01    0.17640E+01    0.11638E+00
  0.16670E+01    0.15280E+01    0.17118E+01    0.12563E+00
  0.18624E+01    0.13147E+01    0.18790E+01    0.12198E+00
  0.17172E+01    0.14948E+01    0.19501E+01    0.12009E+00
      7      5      6      2
  0.20525E+01    0.13101E+01    0.17363E+01    0.11571E+00
  0.21056E+01    0.15030E+01    0.18705E+01    0.11704E+00
      1      6      6      3
  0.29259E+00    0.19521E+01    0.16654E+01    0.13130E+00
  0.24919E-01    0.16909E+01    0.18381E+01    0.13115E+00
  0.14486E+00    0.19203E+01    0.18800E+01    0.13115E+00
      2      6      6      4
  0.50969E+00    0.17164E+01    0.16409E+01    0.12257E+00
  0.34391E+00    0.17563E+01    0.18092E+01    0.11707E+00
  0.51235E+00    0.19208E+01    0.18645E+01    0.12563E+00
  0.59120E+00    0.16461E+01    0.19425E+01    0.11704E+00
      3      6      6      3
  0.97246E+00    0.17790E+01    0.17312E+01    0.12236E+00
  0.71258E+00    0.17858E+01    0.17769E+01    0.13130E+00
  0.91493E+00    0.18247E+01    0.19583E+01    0.11638E+00
      4      6      6      2
  0.11976E+01    0.16528E+01    0.17656E+01    0.13130E+00
  0.11941E+01    0.18667E+01    0.18973E+01    0.12009E+00
      5      6      6      2
  0.15772E+01    0.18179E+01    0.16839E+01    0.11571E+00
  0.14342E+01    0.18497E+01    0.18712E+01    0.12212E+00
      6      6      6      3
  0.18032E+01    0.17443E+01    0.16748E+01    0.12212E+00
  0.16688E+01    0.17117E+01    0.18693E+01    0.11638E+00
  0.19498E+01    0.18530E+01    0.18506E+01    0.13130E+00
      7      6      6      2
  0.21324E+01    0.19432E+01    0.17086E+01    0.11704E+00
  0.21854E+01    0.17348E+01    0.18324E+01    0.13115E+00
      1      7      6      2
  0.23792E+00    0.22276E+01    0.16822E+01    0.12257E+00
  0.34058E-01    0.21479E+01    0.18108E+01    0.13130E+00
      2      7      6      2
  0.64338E+00    0.21926E+01    0.17803E+01    0.12563E+00
  0.34128E+00    0.21012E+01    0.18644E+01    0.12212E+00
      3      7      6      3
  0.92288E+00    0.20191E+01    0.17717E+01    0.12009E+00
  0.85057E+00    0.21981E+01    0.19165E+01    0.12257E+00
  0.74078E+00    0.19822E+01    0.19309E+01    0.12009E+00
      4      7      6      1
  0.11736E+01    0.21053E+01    0.18594E+01    0.12236E+00
      5      7      6      2
  0.13484E+01    0.20151E+01    0.16994E+01    0.13130E+00
  0.15042E+01    0.21830E+01    0.17937E+01    0.11638E+00
      6      7      6      3
  0.17619E+01    0.22265E+01    0.16625E+01    0.12198E+00
  0.17238E+01    0.19664E+01    0.18051E+01    0.12563E+00
  0.17172E+01    0.21950E+01    0.19003E+01    0.12212E+00
      7      7      6      4
  0.22482E+01    0.21332E+01    0.17812E+01    0.11704E+00
  0.19961E+01    0.21958E+01    0.17153E+01    0.12009E+00
  0.20916E+01    0.22352E+01    0.19443E+01    0.13115E+00
  0.21481E+01    0.19881E+01    0.19432E+01    0.12236E+00
      1      1      7      4
  0.45935E-01    0.23374E+00    0.19876E+01    0.11638E+00
  0.25896E+00    0.31570E-01    0.21801E+01    0.13130E+00
  0.24331E+00    0.27275E+00    0.22235E+01    0.11704E+00
  0.22807E-01    0.48163E-01    0.21086E+01    0.10635E+00
      2      1      7      4
  0.33639E+00    0.24960E+00    0.20045E+01    0.12212E+00
  0.47646E+00    0.45741E-02    0.20529E+01    0.12212E+00
  0.57639E+00    0.12736E-01    0.22756E+01    0.12212E+00
  0.46984E+00    0.22488E+00    0.22529E+01    0.11638E+00
      3      1      7      3
  0.74041E+00    0.48342E-01    0.20861E+01    0.13115E+00
  0.96423E+00    0.12214E+00    0.22012E+01    0.13115E+00
  0.79485E+00    0.10021E-01    0.23091E+01    0.98917E-01
      4      1      7      2
  0.12502E+01    0.47071E-01    0.22138E+01    0.13115E+00
  0.12651E+01    0.29840E+00    0.22619E+01    0.12563E+00
      5      1      7      3
  0.14310E+01    0.17868E+00    0.20767E+01    0.13115E+00
  0.16064E+01    0.49302E-01    0.21926E+01    0.11571E+00
  0.14434E+01    0.70512E-02    0.23005E+01    0.84353E-01
      6      1      7      4
  0.19580E+01    0.14027E+00    0.20291E+01    0.12257E+00
  0.16787E+01    0.21020E+00    0.20327E+01    0.12236E+00
  0.18625E+01    0.38566E-01    0.22222E+01    0.11571E+00
  0.17253E+01    0.25385E+00    0.22634E+01    0.11704E+00
      7      1      7      4
  0.21665E+01    0.25320E+00    0.21026E+01    0.12563E+00
  0.20935E+01    0.44513E-01    0.22011E+01    0.11638E+00
  0.19643E+01    0.25348E+00    0.22464E+01    0.12257E+00
  0.22738E+01    0.31334E-01    0.22710E+01    0.77531E-01
      1      2      7      3
  0.18240E+00    0.47992E+00    0.20347E+01    0.12257E+00
  0.22985E-01    0.36728E+00    0.21880E+01    0.12563E+00
  0.43409E-01    0.63143E+00    0.21835E+01    0.13130E+00
      2      2      7      2
  0.55309E+00    0.39365E+00    0.20921E+01    0.13115E+00
  0.36093E+00    0.52112E+00    0.21973E+01    0.12236E+00
      3      2      7      2
  0.70137E+00    0.59442E+00    0.20477E+01    0.12236E+00
  0.77174E+00    0.43170E+00    0.22211E+01    0.12563E+00
      4      2      7      3
  0.12404E+01    0.38853E+00    0.20228E+01    0.13115E+00
  0.98723E+00    0.36282E+00    0.20996E+01    0.13115E+00
  0.11267E+01    0.54281E+00    0.21950E+01    0.11571E+00
      5      2      7      3
  0.14563E+01    0.50831E+00    0.19664E+01    0.12212E+00
  0.15663E+01    0.39220E+00    0.21508E+01    0.12198E+00
  0.13635E+01    0.51875E+00    0.22023E+01    0.12257E+00
      6      2      7      3
  0.19017E+01    0.37898E+00    0.20457E+01    0.12236E+00
  0.17308E+01    0.54502E+00    0.20690E+01    0.11704E+00
  0.19096E+01    0.54008E+00    0.22414E+01    0.13130E+00
      7      2      7      2
  0.21471E+01    0.61168E+00    0.21134E+01    0.12009E+00
  0.21367E+01    0.43015E+00    0.22731E+01    0.12198E+00
      1      3      7      3
  0.45857E-01    0.80739E+00    0.20083E+01    0.11704E+00
  0.29402E+00    0.73261E+00    0.20878E+01    0.11638E+00
  0.29945E-01    0.93455E+00    0.22108E+01    0.12257E+00
      2      3      7      2
  0.57041E+00    0.83059E+00    0.20229E+01    0.11638E+00
  0.54228E+00    0.68513E+00    0.22104E+01    0.12257E+00
      3      3      7      2
  0.91830E+00    0.66638E+00    0.21284E+01    0.12009E+00
  0.85458E+00    0.89564E+00    0.21758E+01    0.12257E+00
      4      3      7      3
  0.11368E+01    0.72314E+00    0.20400E+01    0.12236E+00
  0.12327E+01    0.93111E+00    0.21350E+01    0.12563E+00
  0.10644E+01    0.80326E+00    0.22708E+01    0.12563E+00
      5      3      7      2
  0.13800E+01    0.71907E+00    0.20630E+01    0.12198E+00
  0.15049E+01    0.79086E+00    0.22521E+01    0.11571E+00
      6      3      7      5
  0.16833E+01    0.77527E+00    0.20260E+01    0.12198E+00
  0.19289E+01    0.71882E+00    0.20503E+01    0.13115E+00
  0.18857E+01    0.97316E+00    0.20986E+01    0.13130E+00
  0.16464E+01    0.96273E+00    0.21746E+01    0.12009E+00
  0.17159E+01    0.69436E+00    0.22478E+01    0.11638E+00
      7      3      7      2
  0.21403E+01    0.94767E+00    0.20700E+01    0.11638E+00
  0.20700E+01    0.80063E+00    0.22446E+01    0.12257E+00
      1      4      7      3
  0.23973E+00    0.11036E+01    0.20422E+01    0.13115E+00
  0.28431E-01    0.11744E+01    0.21626E+01    0.12212E+00
  0.24533E+00    0.12868E+01    0.22300E+01    0.13130E+00
      2      4      7      3
  0.52599E+00    0.11827E+01    0.20454E+01    0.12236E+00
  0.43463E+00    0.97969E+00    0.21669E+01    0.13130E+00
  0.47927E+00    0.12183E+01    0.22775E+01    0.11704E+00
      3      4      7      3
  0.70357E+00    0.10245E+01    0.19984E+01    0.12009E+00
  0.94595E+00    0.11065E+01    0.20909E+01    0.12236E+00
  0.72861E+00    0.11080E+01    0.22340E+01    0.13115E+00
      4      4      7      1
  0.11558E+01    0.11597E+01    0.22228E+01    0.13115E+00
      5      4      7      4
  0.14519E+01    0.98892E+00    0.20267E+01    0.12563E+00
  0.13887E+01    0.12295E+01    0.21079E+01    0.11704E+00
  0.14148E+01    0.10470E+01    0.22740E+01    0.13115E+00
  0.15559E+01    0.12502E+01    0.22694E+01    0.11638E+00
      6      4      7      2
  0.17352E+01    0.12973E+01    0.21052E+01    0.13130E+00
  0.18463E+01    0.11485E+01    0.22680E+01    0.11571E+00
      7      4      7      3
  0.19870E+01    0.12272E+01    0.20811E+01    0.13115E+00
  0.22562E+01    0.11418E+01    0.21220E+01    0.11571E+00
  0.20763E+01    0.10739E+01    0.22622E+01    0.12236E+00
      1      5      7      2
  0.16954E+00    0.15986E+01    0.21410E+01    0.12212E+00
  0.16054E-01    0.14171E+01    0.22108E+01    0.12563E+00
      2      5      7      2
  0.35125E+00    0.16027E+01    0.19856E+01    0.11704E+00
  0.41391E+00    0.14074E+01    0.20957E+01    0.11571E+00
      3      5      7      4
  0.82344E+00    0.14576E+01    0.20383E+01    0.12198E+00
  0.68078E+00    0.16127E+01    0.21620E+01    0.12236E+00
  0.65604E+00    0.13441E+01    0.21758E+01    0.12257E+00
  0.89337E+00    0.13070E+01    0.22093E+01    0.11638E+00
      4      5      7      3
  0.11641E+01    0.13230E+01    0.20293E+01    0.12212E+00
  0.10359E+01    0.14908E+01    0.21546E+01    0.12257E+00
  0.12967E+01    0.13606E+01    0.22854E+01    0.12212E+00
      5      5      7      3
  0.14990E+01    0.14305E+01    0.20382E+01    0.12257E+00
  0.13381E+01    0.15641E+01    0.21607E+01    0.12009E+00
  0.15533E+01    0.15031E+01    0.22753E+01    0.13130E+00
      6      5      7      1
  0.19225E+01    0.14597E+01    0.21582E+01    0.12212E+00
      7      5      7      2
  0.21749E+01    0.13894E+01    0.21301E+01    0.12198E+00
  0.21078E+01    0.16105E+01    0.22097E+01    0.12236E+00
      1      6      7      2
  0.38458E-01    0.17913E+01    0.20702E+01    0.12212E+00
  0.21740E+00    0.18201E+01    0.22409E+01    0.12563E+00
      2      6      7      3
  0.60525E+00    0.18443E+01    0.20915E+01    0.13130E+00
  0.33895E+00    0.18530E+01    0.20278E+01    0.12198E+00
  0.42658E+00    0.16958E+01    0.21923E+01    0.12198E+00
      3      6      7      2
  0.83614E+00    0.19417E+01    0.21426E+01    0.11571E+00
  0.90891E+00    0.17001E+01    0.21614E+01    0.12198E+00
      4      6      7      3
  0.11595E+01    0.16565E+01    0.20196E+01    0.12563E+00
  0.11039E+01    0.18661E+01    0.21403E+01    0.12257E+00
  0.11521E+01    0.16685E+01    0.22827E+01    0.12563E+00
      5      6      7      4
  0.14923E+01    0.16682E+01    0.20145E+01    0.11638E+00
  0.13311E+01    0.18185E+01    0.20839E+01    0.11638E+00
  0.15526E+01    0.18702E+01    0.21297E+01    0.11571E+00
  0.14430E+01    0.17363E+01    0.22855E+01    0.11704E+00
      6      6      7      4
  0.17668E+01    0.18626E+01    0.20260E+01    0.12236E+00
  0.19128E+01    0.16388E+01    0.19874E+01    0.12563E+00
  0.16991E+01    0.16531E+01    0.21324E+01    0.12212E+00
  0.19017E+01    0.17273E+01    0.22326E+01    0.11571E+00
      7      6      7      2
  0.22042E+01    0.17923E+01    0.20781E+01    0.12198E+00
  0.19910E+01    0.18963E+01    0.21011E+01    0.11638E+00
      1      7      7      3
  0.18228E+00    0.21060E+01    0.20614E+01    0.13115E+00
  0.27445E-01    0.19839E+01    0.22257E+01    0.12563E+00
  0.36779E-01    0.22263E+01    0.22650E+01    0.12009E+00
      2      7      7      4
  0.51951E+00    0.22060E+01    0.19944E+01    0.12212E+00
  0.37310E+00    0.22200E+01    0.22008E+01    0.13130E+00
  0.42839E+00    0.19666E+01    0.22422E+01    0.13130E+00
  0.64995E+00    0.20811E+01    0.21512E+01    0.11704E+00
      3      7      7      2
  0.91544E+00    0.21821E+01    0.21885E+01    0.13130E+00
  0.66704E+00    0.22758E+01    0.22776E+01    0.11571E+00
      4      7      7      3
  0.10000E+01    0.20356E+01    0.20077E+01    0.11638E+00
  0.11060E+01    0.22740E+01    0.20227E+01    0.12198E+00
  0.12146E+01    0.20839E+01    0.21305E+01    0.12198E+00
      5      7      7      5
  0.15542E+01    0.20334E+01    0.19648E+01    0.11638E+00
  0.13584E+01    0.22113E+01    0.19801E+01    0.12198E+00
  0.15621E+01    0.22108E+01    0.21291E+01    0.12563E+00
  0.13817E+01    0.19664E+01    0.22640E+01    0.12212E+00
  0.13523E+01    0.22406E+01    0.22581E+01    0.12257E+00
      6      7      7      3
  0.19090E+01    0.20687E+01    0.19668E+01    0.11704E+00
  0.18279E+01    0.22439E+01    0.21227E+01    0.13115E+00
  0.17162E+01    0.20292E+01    0.21975E+01    0.12212E+00
      7      7      7      3
  0.22616E+01    0.22513E+01    0.21434E+01    0.13115E+00
  0.21899E+01    0.20134E+01    0.21806E+01    0.12009E+00
  0.19662E+01    0.20769E+01    0.22602E+01    0.12563E+00
